Replace Part C1 C_0603 in C:\Users\Krishnawa\OneDrive\Documents\git\Diffuser\PCB_Project\Sheets\1.USB_Power_Delivery.SchDoc with C_0603 from Schlib.SchLib
Replace Part C2 C_0603 in C:\Users\Krishnawa\OneDrive\Documents\git\Diffuser\PCB_Project\Sheets\1.USB_Power_Delivery.SchDoc with C_0603 from Schlib.SchLib
Replace Part C3 C_0603 in C:\Users\Krishnawa\OneDrive\Documents\git\Diffuser\PCB_Project\Sheets\1.USB_Power_Delivery.SchDoc with C_0603 from Schlib.SchLib
Replace Part C4 C_0603 in C:\Users\Krishnawa\OneDrive\Documents\git\Diffuser\PCB_Project\Sheets\1.USB_Power_Delivery.SchDoc with C_0603 from Schlib.SchLib
Replace Part CON1 2171750001 in C:\Users\Krishnawa\OneDrive\Documents\git\Diffuser\PCB_Project\Sheets\1.USB_Power_Delivery.SchDoc with 2171750001 from Schlib.SchLib
Replace Part D1 ESDA25L in C:\Users\Krishnawa\OneDrive\Documents\git\Diffuser\PCB_Project\Sheets\1.USB_Power_Delivery.SchDoc with ESDA25L from Schlib.SchLib
Replace Part D2 BAT60A in C:\Users\Krishnawa\OneDrive\Documents\git\Diffuser\PCB_Project\Sheets\1.USB_Power_Delivery.SchDoc with BAT60A from Schlib.SchLib
Replace Part D3 ESDA25L in C:\Users\Krishnawa\OneDrive\Documents\git\Diffuser\PCB_Project\Sheets\1.USB_Power_Delivery.SchDoc with ESDA25L from Schlib.SchLib
Replace Part D4 ESDA25L in C:\Users\Krishnawa\OneDrive\Documents\git\Diffuser\PCB_Project\Sheets\1.USB_Power_Delivery.SchDoc with ESDA25L from Schlib.SchLib
Replace Part J1 OPEN_JMP in C:\Users\Krishnawa\OneDrive\Documents\git\Diffuser\PCB_Project\Sheets\1.USB_Power_Delivery.SchDoc with OPEN_JMP from Schlib.SchLib
Replace Part J2 OPEN_JMP in C:\Users\Krishnawa\OneDrive\Documents\git\Diffuser\PCB_Project\Sheets\1.USB_Power_Delivery.SchDoc with OPEN_JMP from Schlib.SchLib
Replace Part J3 OPEN_JMP in C:\Users\Krishnawa\OneDrive\Documents\git\Diffuser\PCB_Project\Sheets\1.USB_Power_Delivery.SchDoc with OPEN_JMP from Schlib.SchLib
Replace Part J4 OPEN_JMP in C:\Users\Krishnawa\OneDrive\Documents\git\Diffuser\PCB_Project\Sheets\1.USB_Power_Delivery.SchDoc with OPEN_JMP from Schlib.SchLib
Replace Part J5 OPEN_JMP in C:\Users\Krishnawa\OneDrive\Documents\git\Diffuser\PCB_Project\Sheets\1.USB_Power_Delivery.SchDoc with OPEN_JMP from Schlib.SchLib
Replace Part J6 OPEN_JMP in C:\Users\Krishnawa\OneDrive\Documents\git\Diffuser\PCB_Project\Sheets\1.USB_Power_Delivery.SchDoc with OPEN_JMP from Schlib.SchLib
Replace Part LED1 LED_0603 in C:\Users\Krishnawa\OneDrive\Documents\git\Diffuser\PCB_Project\Sheets\1.USB_Power_Delivery.SchDoc with LED_0603 from Schlib.SchLib
Replace Part LED2 LED_0603 in C:\Users\Krishnawa\OneDrive\Documents\git\Diffuser\PCB_Project\Sheets\1.USB_Power_Delivery.SchDoc with LED_0603 from Schlib.SchLib
Replace Part LED3 LED_0603 in C:\Users\Krishnawa\OneDrive\Documents\git\Diffuser\PCB_Project\Sheets\1.USB_Power_Delivery.SchDoc with LED_0603 from Schlib.SchLib
Replace Part Q1 Si3421DV in C:\Users\Krishnawa\OneDrive\Documents\git\Diffuser\PCB_Project\Sheets\1.USB_Power_Delivery.SchDoc with Si3421DV from Schlib.SchLib
Replace Part R1 R_0603 in C:\Users\Krishnawa\OneDrive\Documents\git\Diffuser\PCB_Project\Sheets\1.USB_Power_Delivery.SchDoc with R_0603 from Schlib.SchLib
Replace Part R2 R_0603 in C:\Users\Krishnawa\OneDrive\Documents\git\Diffuser\PCB_Project\Sheets\1.USB_Power_Delivery.SchDoc with R_0603 from Schlib.SchLib
Replace Part R3 R_0603 in C:\Users\Krishnawa\OneDrive\Documents\git\Diffuser\PCB_Project\Sheets\1.USB_Power_Delivery.SchDoc with R_0603 from Schlib.SchLib
Replace Part R4 R_0603 in C:\Users\Krishnawa\OneDrive\Documents\git\Diffuser\PCB_Project\Sheets\1.USB_Power_Delivery.SchDoc with R_0603 from Schlib.SchLib
Replace Part R5 R_0603 in C:\Users\Krishnawa\OneDrive\Documents\git\Diffuser\PCB_Project\Sheets\1.USB_Power_Delivery.SchDoc with R_0603 from Schlib.SchLib
Replace Part R6 R_0603 in C:\Users\Krishnawa\OneDrive\Documents\git\Diffuser\PCB_Project\Sheets\1.USB_Power_Delivery.SchDoc with R_0603 from Schlib.SchLib
Replace Part R7 R_0603 in C:\Users\Krishnawa\OneDrive\Documents\git\Diffuser\PCB_Project\Sheets\1.USB_Power_Delivery.SchDoc with R_0603 from Schlib.SchLib
Replace Part R8 R_0603 in C:\Users\Krishnawa\OneDrive\Documents\git\Diffuser\PCB_Project\Sheets\1.USB_Power_Delivery.SchDoc with R_0603 from Schlib.SchLib
Replace Part R9 R_0603 in C:\Users\Krishnawa\OneDrive\Documents\git\Diffuser\PCB_Project\Sheets\1.USB_Power_Delivery.SchDoc with R_0603 from Schlib.SchLib
Replace Part R10 R_0603 in C:\Users\Krishnawa\OneDrive\Documents\git\Diffuser\PCB_Project\Sheets\1.USB_Power_Delivery.SchDoc with R_0603 from Schlib.SchLib
Replace Part R11 R_0603 in C:\Users\Krishnawa\OneDrive\Documents\git\Diffuser\PCB_Project\Sheets\1.USB_Power_Delivery.SchDoc with R_0603 from Schlib.SchLib
Replace Part R12 R_0603 in C:\Users\Krishnawa\OneDrive\Documents\git\Diffuser\PCB_Project\Sheets\1.USB_Power_Delivery.SchDoc with R_0603 from Schlib.SchLib
Replace Part TP1 TP in C:\Users\Krishnawa\OneDrive\Documents\git\Diffuser\PCB_Project\Sheets\1.USB_Power_Delivery.SchDoc with TP from Schlib.SchLib
Replace Part U1 STUSB4500QTR in C:\Users\Krishnawa\OneDrive\Documents\git\Diffuser\PCB_Project\Sheets\1.USB_Power_Delivery.SchDoc with STUSB4500QTR from Schlib.SchLib
