Replace Part C? C_0603 in C:\Users\Krishnawa\OneDrive\Documents\git\Diffuser\PCB_Project\Sheets\1.USB_Power_Delivery.SchDoc with C_0603 from Schlib.SchLib
Replace Part C? C_0603 in C:\Users\Krishnawa\OneDrive\Documents\git\Diffuser\PCB_Project\Sheets\1.USB_Power_Delivery.SchDoc with C_0603 from Schlib.SchLib
Replace Part C? C_0603 in C:\Users\Krishnawa\OneDrive\Documents\git\Diffuser\PCB_Project\Sheets\1.USB_Power_Delivery.SchDoc with C_0603 from Schlib.SchLib
Replace Part C? C_0603 in C:\Users\Krishnawa\OneDrive\Documents\git\Diffuser\PCB_Project\Sheets\1.USB_Power_Delivery.SchDoc with C_0603 from Schlib.SchLib
Replace Part CON? 2171750001 in C:\Users\Krishnawa\OneDrive\Documents\git\Diffuser\PCB_Project\Sheets\1.USB_Power_Delivery.SchDoc with 2171750001 from Schlib.SchLib
Replace Part D? ESDA25L in C:\Users\Krishnawa\OneDrive\Documents\git\Diffuser\PCB_Project\Sheets\1.USB_Power_Delivery.SchDoc with ESDA25L from Schlib.SchLib
Replace Part D? ESDA25L in C:\Users\Krishnawa\OneDrive\Documents\git\Diffuser\PCB_Project\Sheets\1.USB_Power_Delivery.SchDoc with ESDA25L from Schlib.SchLib
Replace Part D? ESDA25L in C:\Users\Krishnawa\OneDrive\Documents\git\Diffuser\PCB_Project\Sheets\1.USB_Power_Delivery.SchDoc with ESDA25L from Schlib.SchLib
Replace Part D? BAT60A in C:\Users\Krishnawa\OneDrive\Documents\git\Diffuser\PCB_Project\Sheets\1.USB_Power_Delivery.SchDoc with BAT60A from Schlib.SchLib
Replace Part J? OPEN_JMP in C:\Users\Krishnawa\OneDrive\Documents\git\Diffuser\PCB_Project\Sheets\1.USB_Power_Delivery.SchDoc with OPEN_JMP from Schlib.SchLib
Replace Part J? OPEN_JMP in C:\Users\Krishnawa\OneDrive\Documents\git\Diffuser\PCB_Project\Sheets\1.USB_Power_Delivery.SchDoc with OPEN_JMP from Schlib.SchLib
Replace Part J? OPEN_JMP in C:\Users\Krishnawa\OneDrive\Documents\git\Diffuser\PCB_Project\Sheets\1.USB_Power_Delivery.SchDoc with OPEN_JMP from Schlib.SchLib
Replace Part J? OPEN_JMP in C:\Users\Krishnawa\OneDrive\Documents\git\Diffuser\PCB_Project\Sheets\1.USB_Power_Delivery.SchDoc with OPEN_JMP from Schlib.SchLib
Replace Part J? OPEN_JMP in C:\Users\Krishnawa\OneDrive\Documents\git\Diffuser\PCB_Project\Sheets\1.USB_Power_Delivery.SchDoc with OPEN_JMP from Schlib.SchLib
Replace Part J? OPEN_JMP in C:\Users\Krishnawa\OneDrive\Documents\git\Diffuser\PCB_Project\Sheets\1.USB_Power_Delivery.SchDoc with OPEN_JMP from Schlib.SchLib
Replace Part LED? LED_0603 in C:\Users\Krishnawa\OneDrive\Documents\git\Diffuser\PCB_Project\Sheets\1.USB_Power_Delivery.SchDoc with LED_0603 from Schlib.SchLib
Replace Part LED? LED_0603 in C:\Users\Krishnawa\OneDrive\Documents\git\Diffuser\PCB_Project\Sheets\1.USB_Power_Delivery.SchDoc with LED_0603 from Schlib.SchLib
Replace Part LED? LED_0603 in C:\Users\Krishnawa\OneDrive\Documents\git\Diffuser\PCB_Project\Sheets\1.USB_Power_Delivery.SchDoc with LED_0603 from Schlib.SchLib
Replace Part Q? Si3421DV in C:\Users\Krishnawa\OneDrive\Documents\git\Diffuser\PCB_Project\Sheets\1.USB_Power_Delivery.SchDoc with Si3421DV from Schlib.SchLib
Replace Part R? R_0603 in C:\Users\Krishnawa\OneDrive\Documents\git\Diffuser\PCB_Project\Sheets\1.USB_Power_Delivery.SchDoc with R_0603 from Schlib.SchLib
Replace Part R? R_0603 in C:\Users\Krishnawa\OneDrive\Documents\git\Diffuser\PCB_Project\Sheets\1.USB_Power_Delivery.SchDoc with R_0603 from Schlib.SchLib
Replace Part R? R_0603 in C:\Users\Krishnawa\OneDrive\Documents\git\Diffuser\PCB_Project\Sheets\1.USB_Power_Delivery.SchDoc with R_0603 from Schlib.SchLib
Replace Part R? R_0603 in C:\Users\Krishnawa\OneDrive\Documents\git\Diffuser\PCB_Project\Sheets\1.USB_Power_Delivery.SchDoc with R_0603 from Schlib.SchLib
Replace Part R? R_0603 in C:\Users\Krishnawa\OneDrive\Documents\git\Diffuser\PCB_Project\Sheets\1.USB_Power_Delivery.SchDoc with R_0603 from Schlib.SchLib
Replace Part R? R_0603 in C:\Users\Krishnawa\OneDrive\Documents\git\Diffuser\PCB_Project\Sheets\1.USB_Power_Delivery.SchDoc with R_0603 from Schlib.SchLib
Replace Part R? R_0603 in C:\Users\Krishnawa\OneDrive\Documents\git\Diffuser\PCB_Project\Sheets\1.USB_Power_Delivery.SchDoc with R_0603 from Schlib.SchLib
Replace Part R? R_0603 in C:\Users\Krishnawa\OneDrive\Documents\git\Diffuser\PCB_Project\Sheets\1.USB_Power_Delivery.SchDoc with R_0603 from Schlib.SchLib
Replace Part R? R_0603 in C:\Users\Krishnawa\OneDrive\Documents\git\Diffuser\PCB_Project\Sheets\1.USB_Power_Delivery.SchDoc with R_0603 from Schlib.SchLib
Replace Part R? R_0603 in C:\Users\Krishnawa\OneDrive\Documents\git\Diffuser\PCB_Project\Sheets\1.USB_Power_Delivery.SchDoc with R_0603 from Schlib.SchLib
Replace Part R? R_0603 in C:\Users\Krishnawa\OneDrive\Documents\git\Diffuser\PCB_Project\Sheets\1.USB_Power_Delivery.SchDoc with R_0603 from Schlib.SchLib
Replace Part R? R_0603 in C:\Users\Krishnawa\OneDrive\Documents\git\Diffuser\PCB_Project\Sheets\1.USB_Power_Delivery.SchDoc with R_0603 from Schlib.SchLib
Replace Part TP? TP in C:\Users\Krishnawa\OneDrive\Documents\git\Diffuser\PCB_Project\Sheets\1.USB_Power_Delivery.SchDoc with TP from Schlib.SchLib
Replace Part U? STUSB4500QTR in C:\Users\Krishnawa\OneDrive\Documents\git\Diffuser\PCB_Project\Sheets\1.USB_Power_Delivery.SchDoc with STUSB4500QTR from Schlib.SchLib
