Replace Part J7 OPEN_JMP in C:\Users\Krishnawa\OneDrive\Documents\git\Diffuser\PCB_Project\Sheets\4.Power_switching.SchDoc with OPEN_JMP from Schlib.SchLib
Replace Part Q3 Si3421DV in C:\Users\Krishnawa\OneDrive\Documents\git\Diffuser\PCB_Project\Sheets\4.Power_switching.SchDoc with Si3421DV from Schlib.SchLib
Replace Part Q4 BC847C in C:\Users\Krishnawa\OneDrive\Documents\git\Diffuser\PCB_Project\Sheets\4.Power_switching.SchDoc with BC847C from Schlib.SchLib
Replace Part Q5 Si3421DV in C:\Users\Krishnawa\OneDrive\Documents\git\Diffuser\PCB_Project\Sheets\4.Power_switching.SchDoc with Si3421DV from Schlib.SchLib
Replace Part Q6 BC847C in C:\Users\Krishnawa\OneDrive\Documents\git\Diffuser\PCB_Project\Sheets\4.Power_switching.SchDoc with BC847C from Schlib.SchLib
Replace Part Q7 Si3421DV in C:\Users\Krishnawa\OneDrive\Documents\git\Diffuser\PCB_Project\Sheets\4.Power_switching.SchDoc with Si3421DV from Schlib.SchLib
Replace Part Q8 BC847C in C:\Users\Krishnawa\OneDrive\Documents\git\Diffuser\PCB_Project\Sheets\4.Power_switching.SchDoc with BC847C from Schlib.SchLib
Replace Part Q9 BC847C in C:\Users\Krishnawa\OneDrive\Documents\git\Diffuser\PCB_Project\Sheets\4.Power_switching.SchDoc with BC847C from Schlib.SchLib
Replace Part R17 R_0603 in C:\Users\Krishnawa\OneDrive\Documents\git\Diffuser\PCB_Project\Sheets\4.Power_switching.SchDoc with R_0603 from Schlib.SchLib
Replace Part R18 R_0603 in C:\Users\Krishnawa\OneDrive\Documents\git\Diffuser\PCB_Project\Sheets\4.Power_switching.SchDoc with R_0603 from Schlib.SchLib
Replace Part R19 R_0603 in C:\Users\Krishnawa\OneDrive\Documents\git\Diffuser\PCB_Project\Sheets\4.Power_switching.SchDoc with R_0603 from Schlib.SchLib
Replace Part R20 R_0603 in C:\Users\Krishnawa\OneDrive\Documents\git\Diffuser\PCB_Project\Sheets\4.Power_switching.SchDoc with R_0603 from Schlib.SchLib
Replace Part R21 R_0603 in C:\Users\Krishnawa\OneDrive\Documents\git\Diffuser\PCB_Project\Sheets\4.Power_switching.SchDoc with R_0603 from Schlib.SchLib
Replace Part R22 R_0603 in C:\Users\Krishnawa\OneDrive\Documents\git\Diffuser\PCB_Project\Sheets\4.Power_switching.SchDoc with R_0603 from Schlib.SchLib
Replace Part R23 R_0603 in C:\Users\Krishnawa\OneDrive\Documents\git\Diffuser\PCB_Project\Sheets\4.Power_switching.SchDoc with R_0603 from Schlib.SchLib
Replace Part R24 R_0603 in C:\Users\Krishnawa\OneDrive\Documents\git\Diffuser\PCB_Project\Sheets\4.Power_switching.SchDoc with R_0603 from Schlib.SchLib
Replace Part R25 R_0603 in C:\Users\Krishnawa\OneDrive\Documents\git\Diffuser\PCB_Project\Sheets\4.Power_switching.SchDoc with R_0603 from Schlib.SchLib
Replace Part R26 R_0603 in C:\Users\Krishnawa\OneDrive\Documents\git\Diffuser\PCB_Project\Sheets\4.Power_switching.SchDoc with R_0603 from Schlib.SchLib
Replace Part R27 R_0603 in C:\Users\Krishnawa\OneDrive\Documents\git\Diffuser\PCB_Project\Sheets\4.Power_switching.SchDoc with R_0603 from Schlib.SchLib
Replace Part R28 R_0603 in C:\Users\Krishnawa\OneDrive\Documents\git\Diffuser\PCB_Project\Sheets\4.Power_switching.SchDoc with R_0603 from Schlib.SchLib
Replace Part SW1 SW in C:\Users\Krishnawa\OneDrive\Documents\git\Diffuser\PCB_Project\Sheets\4.Power_switching.SchDoc with SW from Schlib.SchLib
