Replace Part J? OPEN_JMP in C:\Users\Krishnawa\OneDrive\Documents\git\Diffuser\PCB_Project\Sheets\4.Power_switching.SchDoc with OPEN_JMP from Schlib.SchLib
Replace Part Q? BC847C in C:\Users\Krishnawa\OneDrive\Documents\git\Diffuser\PCB_Project\Sheets\4.Power_switching.SchDoc with BC847C from Schlib.SchLib
Replace Part Q? Si3421DV in C:\Users\Krishnawa\OneDrive\Documents\git\Diffuser\PCB_Project\Sheets\4.Power_switching.SchDoc with Si3421DV from Schlib.SchLib
Replace Part Q? Si3421DV in C:\Users\Krishnawa\OneDrive\Documents\git\Diffuser\PCB_Project\Sheets\4.Power_switching.SchDoc with Si3421DV from Schlib.SchLib
Replace Part Q? Si3421DV in C:\Users\Krishnawa\OneDrive\Documents\git\Diffuser\PCB_Project\Sheets\4.Power_switching.SchDoc with Si3421DV from Schlib.SchLib
Replace Part Q? BC847C in C:\Users\Krishnawa\OneDrive\Documents\git\Diffuser\PCB_Project\Sheets\4.Power_switching.SchDoc with BC847C from Schlib.SchLib
Replace Part Q? BC847C in C:\Users\Krishnawa\OneDrive\Documents\git\Diffuser\PCB_Project\Sheets\4.Power_switching.SchDoc with BC847C from Schlib.SchLib
Replace Part Q? BC847C in C:\Users\Krishnawa\OneDrive\Documents\git\Diffuser\PCB_Project\Sheets\4.Power_switching.SchDoc with BC847C from Schlib.SchLib
Replace Part R? R_0603 in C:\Users\Krishnawa\OneDrive\Documents\git\Diffuser\PCB_Project\Sheets\4.Power_switching.SchDoc with R_0603 from Schlib.SchLib
Replace Part R? R_0603 in C:\Users\Krishnawa\OneDrive\Documents\git\Diffuser\PCB_Project\Sheets\4.Power_switching.SchDoc with R_0603 from Schlib.SchLib
Replace Part R? R_0603 in C:\Users\Krishnawa\OneDrive\Documents\git\Diffuser\PCB_Project\Sheets\4.Power_switching.SchDoc with R_0603 from Schlib.SchLib
Replace Part R? R_0603 in C:\Users\Krishnawa\OneDrive\Documents\git\Diffuser\PCB_Project\Sheets\4.Power_switching.SchDoc with R_0603 from Schlib.SchLib
Replace Part R? R_0603 in C:\Users\Krishnawa\OneDrive\Documents\git\Diffuser\PCB_Project\Sheets\4.Power_switching.SchDoc with R_0603 from Schlib.SchLib
Replace Part R? R_0603 in C:\Users\Krishnawa\OneDrive\Documents\git\Diffuser\PCB_Project\Sheets\4.Power_switching.SchDoc with R_0603 from Schlib.SchLib
Replace Part R? R_0603 in C:\Users\Krishnawa\OneDrive\Documents\git\Diffuser\PCB_Project\Sheets\4.Power_switching.SchDoc with R_0603 from Schlib.SchLib
Replace Part R? R_0603 in C:\Users\Krishnawa\OneDrive\Documents\git\Diffuser\PCB_Project\Sheets\4.Power_switching.SchDoc with R_0603 from Schlib.SchLib
Replace Part R? R_0603 in C:\Users\Krishnawa\OneDrive\Documents\git\Diffuser\PCB_Project\Sheets\4.Power_switching.SchDoc with R_0603 from Schlib.SchLib
Replace Part R? R_0603 in C:\Users\Krishnawa\OneDrive\Documents\git\Diffuser\PCB_Project\Sheets\4.Power_switching.SchDoc with R_0603 from Schlib.SchLib
Replace Part R? R_0603 in C:\Users\Krishnawa\OneDrive\Documents\git\Diffuser\PCB_Project\Sheets\4.Power_switching.SchDoc with R_0603 from Schlib.SchLib
Replace Part R? R_0603 in C:\Users\Krishnawa\OneDrive\Documents\git\Diffuser\PCB_Project\Sheets\4.Power_switching.SchDoc with R_0603 from Schlib.SchLib
Replace Part SW? SW in C:\Users\Krishnawa\OneDrive\Documents\git\Diffuser\PCB_Project\Sheets\4.Power_switching.SchDoc with SW from Schlib.SchLib
