Replace Part C5 C_0603 in C:\Users\Krishnawa\OneDrive\Documents\git\Diffuser\PCB_Project\Sheets\6.Voltage_regulators.SchDoc with C_0603 from Schlib.SchLib
Replace Part C6 C_0603 in C:\Users\Krishnawa\OneDrive\Documents\git\Diffuser\PCB_Project\Sheets\6.Voltage_regulators.SchDoc with C_0603 from Schlib.SchLib
Replace Part C7 C_0603 in C:\Users\Krishnawa\OneDrive\Documents\git\Diffuser\PCB_Project\Sheets\6.Voltage_regulators.SchDoc with C_0603 from Schlib.SchLib
Replace Part C8 C_0603 in C:\Users\Krishnawa\OneDrive\Documents\git\Diffuser\PCB_Project\Sheets\6.Voltage_regulators.SchDoc with C_0603 from Schlib.SchLib
Replace Part C9 C_0603 in C:\Users\Krishnawa\OneDrive\Documents\git\Diffuser\PCB_Project\Sheets\6.Voltage_regulators.SchDoc with C_0603 from Schlib.SchLib
Replace Part C10 C_0603 in C:\Users\Krishnawa\OneDrive\Documents\git\Diffuser\PCB_Project\Sheets\6.Voltage_regulators.SchDoc with C_0603 from Schlib.SchLib
Replace Part C11 C_0603 in C:\Users\Krishnawa\OneDrive\Documents\git\Diffuser\PCB_Project\Sheets\6.Voltage_regulators.SchDoc with C_0603 from Schlib.SchLib
Replace Part C12 C_0603 in C:\Users\Krishnawa\OneDrive\Documents\git\Diffuser\PCB_Project\Sheets\6.Voltage_regulators.SchDoc with C_0603 from Schlib.SchLib
Replace Part C13 C_0603 in C:\Users\Krishnawa\OneDrive\Documents\git\Diffuser\PCB_Project\Sheets\6.Voltage_regulators.SchDoc with C_0603 from Schlib.SchLib
Replace Part J8 OPEN_JMP in C:\Users\Krishnawa\OneDrive\Documents\git\Diffuser\PCB_Project\Sheets\6.Voltage_regulators.SchDoc with OPEN_JMP from Schlib.SchLib
Replace Part J9 OPEN_JMP in C:\Users\Krishnawa\OneDrive\Documents\git\Diffuser\PCB_Project\Sheets\6.Voltage_regulators.SchDoc with OPEN_JMP from Schlib.SchLib
Replace Part J10 OPEN_JMP in C:\Users\Krishnawa\OneDrive\Documents\git\Diffuser\PCB_Project\Sheets\6.Voltage_regulators.SchDoc with OPEN_JMP from Schlib.SchLib
Replace Part J11 OPEN_JMP in C:\Users\Krishnawa\OneDrive\Documents\git\Diffuser\PCB_Project\Sheets\6.Voltage_regulators.SchDoc with OPEN_JMP from Schlib.SchLib
Replace Part J12 OPEN_JMP in C:\Users\Krishnawa\OneDrive\Documents\git\Diffuser\PCB_Project\Sheets\6.Voltage_regulators.SchDoc with OPEN_JMP from Schlib.SchLib
Replace Part L1 VLS6045EX-4R7M in C:\Users\Krishnawa\OneDrive\Documents\git\Diffuser\PCB_Project\Sheets\6.Voltage_regulators.SchDoc with VLS6045EX-4R7M from Schlib.SchLib
Replace Part R29 R_0603 in C:\Users\Krishnawa\OneDrive\Documents\git\Diffuser\PCB_Project\Sheets\6.Voltage_regulators.SchDoc with R_0603 from Schlib.SchLib
Replace Part R30 R_0603 in C:\Users\Krishnawa\OneDrive\Documents\git\Diffuser\PCB_Project\Sheets\6.Voltage_regulators.SchDoc with R_0603 from Schlib.SchLib
Replace Part REG1 NCP1117ST50T3G in C:\Users\Krishnawa\OneDrive\Documents\git\Diffuser\PCB_Project\Sheets\6.Voltage_regulators.SchDoc with NCP1117ST50T3G from Schlib.SchLib
Replace Part REG2 NCP1117ST50T3G in C:\Users\Krishnawa\OneDrive\Documents\git\Diffuser\PCB_Project\Sheets\6.Voltage_regulators.SchDoc with NCP1117ST50T3G from Schlib.SchLib
Replace Part U2 AP63301/2 in C:\Users\Krishnawa\OneDrive\Documents\git\Diffuser\PCB_Project\Sheets\6.Voltage_regulators.SchDoc with AP63301/2 from Schlib.SchLib
