Replace Part C? C_0603 in C:\Users\Krishnawa\OneDrive\Documents\git\Diffuser\PCB_Project\Sheets\6.Voltage_regulators.SchDoc with C_0603 from Schlib.SchLib
Replace Part C? C_0603 in C:\Users\Krishnawa\OneDrive\Documents\git\Diffuser\PCB_Project\Sheets\6.Voltage_regulators.SchDoc with C_0603 from Schlib.SchLib
Replace Part C? C_0603 in C:\Users\Krishnawa\OneDrive\Documents\git\Diffuser\PCB_Project\Sheets\6.Voltage_regulators.SchDoc with C_0603 from Schlib.SchLib
Replace Part C? C_0603 in C:\Users\Krishnawa\OneDrive\Documents\git\Diffuser\PCB_Project\Sheets\6.Voltage_regulators.SchDoc with C_0603 from Schlib.SchLib
Replace Part C? C_0603 in C:\Users\Krishnawa\OneDrive\Documents\git\Diffuser\PCB_Project\Sheets\6.Voltage_regulators.SchDoc with C_0603 from Schlib.SchLib
Replace Part C? C_0603 in C:\Users\Krishnawa\OneDrive\Documents\git\Diffuser\PCB_Project\Sheets\6.Voltage_regulators.SchDoc with C_0603 from Schlib.SchLib
Replace Part C? C_0603 in C:\Users\Krishnawa\OneDrive\Documents\git\Diffuser\PCB_Project\Sheets\6.Voltage_regulators.SchDoc with C_0603 from Schlib.SchLib
Replace Part C? C_0603 in C:\Users\Krishnawa\OneDrive\Documents\git\Diffuser\PCB_Project\Sheets\6.Voltage_regulators.SchDoc with C_0603 from Schlib.SchLib
Replace Part C? C_0603 in C:\Users\Krishnawa\OneDrive\Documents\git\Diffuser\PCB_Project\Sheets\6.Voltage_regulators.SchDoc with C_0603 from Schlib.SchLib
Replace Part J? OPEN_JMP in C:\Users\Krishnawa\OneDrive\Documents\git\Diffuser\PCB_Project\Sheets\6.Voltage_regulators.SchDoc with OPEN_JMP from Schlib.SchLib
Replace Part J? OPEN_JMP in C:\Users\Krishnawa\OneDrive\Documents\git\Diffuser\PCB_Project\Sheets\6.Voltage_regulators.SchDoc with OPEN_JMP from Schlib.SchLib
Replace Part J? OPEN_JMP in C:\Users\Krishnawa\OneDrive\Documents\git\Diffuser\PCB_Project\Sheets\6.Voltage_regulators.SchDoc with OPEN_JMP from Schlib.SchLib
Replace Part J? OPEN_JMP in C:\Users\Krishnawa\OneDrive\Documents\git\Diffuser\PCB_Project\Sheets\6.Voltage_regulators.SchDoc with OPEN_JMP from Schlib.SchLib
Replace Part J? OPEN_JMP in C:\Users\Krishnawa\OneDrive\Documents\git\Diffuser\PCB_Project\Sheets\6.Voltage_regulators.SchDoc with OPEN_JMP from Schlib.SchLib
Replace Part L? VLS6045EX-4R7M in C:\Users\Krishnawa\OneDrive\Documents\git\Diffuser\PCB_Project\Sheets\6.Voltage_regulators.SchDoc with VLS6045EX-4R7M from Schlib.SchLib
Replace Part R? R_0603 in C:\Users\Krishnawa\OneDrive\Documents\git\Diffuser\PCB_Project\Sheets\6.Voltage_regulators.SchDoc with R_0603 from Schlib.SchLib
Replace Part R? R_0603 in C:\Users\Krishnawa\OneDrive\Documents\git\Diffuser\PCB_Project\Sheets\6.Voltage_regulators.SchDoc with R_0603 from Schlib.SchLib
Replace Part REG? NCP1117ST50T3G in C:\Users\Krishnawa\OneDrive\Documents\git\Diffuser\PCB_Project\Sheets\6.Voltage_regulators.SchDoc with NCP1117ST50T3G from Schlib.SchLib
Replace Part REG? NCP1117ST50T3G in C:\Users\Krishnawa\OneDrive\Documents\git\Diffuser\PCB_Project\Sheets\6.Voltage_regulators.SchDoc with NCP1117ST50T3G from Schlib.SchLib
Replace Part U? AP63301/2 in C:\Users\Krishnawa\OneDrive\Documents\git\Diffuser\PCB_Project\Sheets\6.Voltage_regulators.SchDoc with AP63301/2 from Schlib.SchLib
