Removed Pin From Net: NetName=SDA Pin=CON2-2
Removed Pin From Net: NetName=SCL Pin=CON2-3
Removed Pin From Net: NetName=SCL Pin=LED1-K
Removed Pin From Net: NetName=SDA Pin=U1-7
Change Component Comment : Designator=C1 Old Comment=C_0603 New Comment=1uF
Change Component Comment : Designator=LED1 Old Comment=GPIO New Comment=POWER_PD02
Change Component Comment : Designator=LED3 Old Comment=POWER_PD02 New Comment=GPIO
Change Component Comment : Designator=LED2 Old Comment=POWER_PD02 New Comment=POWER_PD03
Change Component Description : Designator=R5 Old Description=DNM New Description=
Added Component: Designator=C2(C_0603)
Add component (AddParameter): Name = "D"; Value = ""; VariantName = "[No Variations]"
Add component (AddParameter): Name = "MFR"; Value = ""; VariantName = "[No Variations]"
Add component (AddParameter): Name = "P"; Value = ""; VariantName = "[No Variations]"
Add component (AddParameter): Name = "PN"; Value = ""; VariantName = "[No Variations]"
Add component (AddParameter): Name = "URL"; Value = ""; VariantName = "[No Variations]"
Added Component: Designator=C3(C_0603)
Add component (AddParameter): Name = "D"; Value = ""; VariantName = "[No Variations]"
Add component (AddParameter): Name = "MFR"; Value = ""; VariantName = "[No Variations]"
Add component (AddParameter): Name = "P"; Value = ""; VariantName = "[No Variations]"
Add component (AddParameter): Name = "PN"; Value = ""; VariantName = "[No Variations]"
Add component (AddParameter): Name = "URL"; Value = ""; VariantName = "[No Variations]"
Added Component: Designator=C4(C_0603)
Add component (AddParameter): Name = "D"; Value = ""; VariantName = "[No Variations]"
Add component (AddParameter): Name = "MFR"; Value = ""; VariantName = "[No Variations]"
Add component (AddParameter): Name = "P"; Value = ""; VariantName = "[No Variations]"
Add component (AddParameter): Name = "PN"; Value = ""; VariantName = "[No Variations]"
Add component (AddParameter): Name = "URL"; Value = ""; VariantName = "[No Variations]"
Added Component: Designator=C5(C_0603)
Add component (AddParameter): Name = "D"; Value = ""; VariantName = "[No Variations]"
Add component (AddParameter): Name = "MFR"; Value = ""; VariantName = "[No Variations]"
Add component (AddParameter): Name = "P"; Value = ""; VariantName = "[No Variations]"
Add component (AddParameter): Name = "PN"; Value = ""; VariantName = "[No Variations]"
Add component (AddParameter): Name = "URL"; Value = ""; VariantName = "[No Variations]"
Added Component: Designator=C6(C_0603)
Add component (AddParameter): Name = "D"; Value = ""; VariantName = "[No Variations]"
Add component (AddParameter): Name = "MFR"; Value = ""; VariantName = "[No Variations]"
Add component (AddParameter): Name = "P"; Value = ""; VariantName = "[No Variations]"
Add component (AddParameter): Name = "PN"; Value = ""; VariantName = "[No Variations]"
Add component (AddParameter): Name = "URL"; Value = ""; VariantName = "[No Variations]"
Added Component: Designator=C7(C_0603)
Add component (AddParameter): Name = "D"; Value = ""; VariantName = "[No Variations]"
Add component (AddParameter): Name = "MFR"; Value = ""; VariantName = "[No Variations]"
Add component (AddParameter): Name = "P"; Value = ""; VariantName = "[No Variations]"
Add component (AddParameter): Name = "PN"; Value = ""; VariantName = "[No Variations]"
Add component (AddParameter): Name = "URL"; Value = ""; VariantName = "[No Variations]"
Added Component: Designator=C8(C_0603)
Add component (AddParameter): Name = "D"; Value = ""; VariantName = "[No Variations]"
Add component (AddParameter): Name = "MFR"; Value = ""; VariantName = "[No Variations]"
Add component (AddParameter): Name = "P"; Value = ""; VariantName = "[No Variations]"
Add component (AddParameter): Name = "PN"; Value = ""; VariantName = "[No Variations]"
Add component (AddParameter): Name = "URL"; Value = ""; VariantName = "[No Variations]"
Added Component: Designator=C9(C_0603)
Add component (AddParameter): Name = "D"; Value = ""; VariantName = "[No Variations]"
Add component (AddParameter): Name = "MFR"; Value = ""; VariantName = "[No Variations]"
Add component (AddParameter): Name = "P"; Value = ""; VariantName = "[No Variations]"
Add component (AddParameter): Name = "PN"; Value = ""; VariantName = "[No Variations]"
Add component (AddParameter): Name = "URL"; Value = ""; VariantName = "[No Variations]"
Added Component: Designator=C10(C_0603)
Add component (AddParameter): Name = "D"; Value = ""; VariantName = "[No Variations]"
Add component (AddParameter): Name = "MFR"; Value = ""; VariantName = "[No Variations]"
Add component (AddParameter): Name = "P"; Value = ""; VariantName = "[No Variations]"
Add component (AddParameter): Name = "PN"; Value = ""; VariantName = "[No Variations]"
Add component (AddParameter): Name = "URL"; Value = ""; VariantName = "[No Variations]"
Added Component: Designator=C11(C_0603)
Add component (AddParameter): Name = "D"; Value = ""; VariantName = "[No Variations]"
Add component (AddParameter): Name = "MFR"; Value = ""; VariantName = "[No Variations]"
Add component (AddParameter): Name = "P"; Value = ""; VariantName = "[No Variations]"
Add component (AddParameter): Name = "PN"; Value = ""; VariantName = "[No Variations]"
Add component (AddParameter): Name = "URL"; Value = ""; VariantName = "[No Variations]"
Added Component: Designator=C12(C_0603)
Add component (AddParameter): Name = "D"; Value = ""; VariantName = "[No Variations]"
Add component (AddParameter): Name = "MFR"; Value = ""; VariantName = "[No Variations]"
Add component (AddParameter): Name = "P"; Value = ""; VariantName = "[No Variations]"
Add component (AddParameter): Name = "PN"; Value = ""; VariantName = "[No Variations]"
Add component (AddParameter): Name = "URL"; Value = ""; VariantName = "[No Variations]"
Added Component: Designator=C13(C_0603)
Add component (AddParameter): Name = "D"; Value = ""; VariantName = "[No Variations]"
Add component (AddParameter): Name = "MFR"; Value = ""; VariantName = "[No Variations]"
Add component (AddParameter): Name = "P"; Value = ""; VariantName = "[No Variations]"
Add component (AddParameter): Name = "PN"; Value = ""; VariantName = "[No Variations]"
Add component (AddParameter): Name = "URL"; Value = ""; VariantName = "[No Variations]"
Added Component: Designator=C14(C_0603)
Add component (AddParameter): Name = "D"; Value = ""; VariantName = "[No Variations]"
Add component (AddParameter): Name = "MFR"; Value = ""; VariantName = "[No Variations]"
Add component (AddParameter): Name = "P"; Value = ""; VariantName = "[No Variations]"
Add component (AddParameter): Name = "PN"; Value = ""; VariantName = "[No Variations]"
Add component (AddParameter): Name = "URL"; Value = ""; VariantName = "[No Variations]"
Added Component: Designator=C15(C_0603)
Add component (AddParameter): Name = "D"; Value = ""; VariantName = "[No Variations]"
Add component (AddParameter): Name = "MFR"; Value = ""; VariantName = "[No Variations]"
Add component (AddParameter): Name = "P"; Value = ""; VariantName = "[No Variations]"
Add component (AddParameter): Name = "PN"; Value = ""; VariantName = "[No Variations]"
Add component (AddParameter): Name = "URL"; Value = ""; VariantName = "[No Variations]"
Added Component: Designator=C16(C_0603)
Add component (AddParameter): Name = "D"; Value = ""; VariantName = "[No Variations]"
Add component (AddParameter): Name = "MFR"; Value = ""; VariantName = "[No Variations]"
Add component (AddParameter): Name = "P"; Value = ""; VariantName = "[No Variations]"
Add component (AddParameter): Name = "PN"; Value = ""; VariantName = "[No Variations]"
Add component (AddParameter): Name = "URL"; Value = ""; VariantName = "[No Variations]"
Added Component: Designator=C17(C_0603)
Add component (AddParameter): Name = "D"; Value = ""; VariantName = "[No Variations]"
Add component (AddParameter): Name = "MFR"; Value = ""; VariantName = "[No Variations]"
Add component (AddParameter): Name = "P"; Value = ""; VariantName = "[No Variations]"
Add component (AddParameter): Name = "PN"; Value = ""; VariantName = "[No Variations]"
Add component (AddParameter): Name = "URL"; Value = ""; VariantName = "[No Variations]"
Added Component: Designator=CON3A(2P_P3.5mm)
Add component (AddParameter): Name = "D"; Value = "Headers & Wire Housings 2CKT 3.5MM W TO B C KT 3.5MM W TO B CONN"; VariantName = "[No Variations]"
Add component (AddParameter): Name = "MFR"; Value = "Molex"; VariantName = "[No Variations]"
Add component (AddParameter): Name = "PN"; Value = "53258-0229"; VariantName = "[No Variations]"
Add component (AddParameter): Name = "URL"; Value = "https://www.mouser.in/ProductDetail/Molex/53258-0229?qs=yYVs2tXBqMMxmAbgTccg5w%3D%3D"; VariantName = "[No Variations]"
Added Component: Designator=CON3B(2P_P3.5mm)
Add component (AddParameter): Name = "D"; Value = "Headers & Wire Housings 2CKT 3.5MM W TO B C KT 3.5MM W TO B CONN"; VariantName = "[No Variations]"
Add component (AddParameter): Name = "MFR"; Value = "Molex"; VariantName = "[No Variations]"
Add component (AddParameter): Name = "PN"; Value = "53258-0229"; VariantName = "[No Variations]"
Add component (AddParameter): Name = "URL"; Value = "https://www.mouser.in/ProductDetail/Molex/53258-0229?qs=yYVs2tXBqMMxmAbgTccg5w%3D%3D"; VariantName = "[No Variations]"
Added Component: Designator=CON4A(2P_P3.5mm)
Add component (AddParameter): Name = "D"; Value = "Headers & Wire Housings 2CKT 3.5MM W TO B C KT 3.5MM W TO B CONN"; VariantName = "[No Variations]"
Add component (AddParameter): Name = "MFR"; Value = "Molex"; VariantName = "[No Variations]"
Add component (AddParameter): Name = "PN"; Value = "53258-0229"; VariantName = "[No Variations]"
Add component (AddParameter): Name = "URL"; Value = "https://www.mouser.in/ProductDetail/Molex/53258-0229?qs=yYVs2tXBqMMxmAbgTccg5w%3D%3D"; VariantName = "[No Variations]"
Added Component: Designator=CON4B(2P_P3.5mm)
Add component (AddParameter): Name = "D"; Value = "Headers & Wire Housings 2CKT 3.5MM W TO B C KT 3.5MM W TO B CONN"; VariantName = "[No Variations]"
Add component (AddParameter): Name = "MFR"; Value = "Molex"; VariantName = "[No Variations]"
Add component (AddParameter): Name = "PN"; Value = "53258-0229"; VariantName = "[No Variations]"
Add component (AddParameter): Name = "URL"; Value = "https://www.mouser.in/ProductDetail/Molex/53258-0229?qs=yYVs2tXBqMMxmAbgTccg5w%3D%3D"; VariantName = "[No Variations]"
Added Component: Designator=CON?(4Pin_2.5)
Add component (AddParameter): Name = "PN"; Value = "87224-4"; VariantName = "[No Variations]"
Added Component: Designator=CON?(4Pin_2.5)
Add component (AddParameter): Name = "PN"; Value = "87224-4"; VariantName = "[No Variations]"
Added Component: Designator=J1(OPEN_JMP)
Added Component: Designator=J2(OPEN_JMP)
Added Component: Designator=J3(OPEN_JMP)
Added Component: Designator=J4(OPEN_JMP)
Added Component: Designator=J5(OPEN_JMP)
Added Component: Designator=J6(OPEN_JMP)
Added Component: Designator=J7(OPEN_JMP)
Added Component: Designator=J8(OPEN_JMP)
Added Component: Designator=J9(OPEN_JMP)
Added Component: Designator=J10(OPEN_JMP)
Added Component: Designator=POT1(TC33 - 3 mm SMD Trimpot)
Add component (AddParameter): Name = "D"; Value = "Trimmer Resistors - SMD 3MM 5KOHMS 25% 0.1WATT OPEN FRM"; VariantName = "[No Variations]"
Add component (AddParameter): Name = "MFR"; Value = "Bourns"; VariantName = "[No Variations]"
Add component (AddParameter): Name = "P"; Value = "SMD"; VariantName = "[No Variations]"
Add component (AddParameter): Name = "PN"; Value = "TC33X-2-502E"; VariantName = "[No Variations]"
Add component (AddParameter): Name = "URL"; Value = "https://www.mouser.in/ProductDetail/Bourns/TC33X-2-502E?qs=r%252B5EJQndA0pTgyiJsDuA%252BA%3D%3D"; VariantName = "[No Variations]"
Added Pin To Net: NetName=NetC2_1 Pin=C2-1
Added Pin To Net: NetName=NetC2_2 Pin=C2-2
Added Pin To Net: NetName=GND Pin=C3-1
Added Pin To Net: NetName=NetC3_2 Pin=C3-2
Added Pin To Net: NetName=GND Pin=C4-1
Added Pin To Net: NetName=NetC4_2 Pin=C4-2
Added Pin To Net: NetName=NetC5_1 Pin=C5-1
Added Pin To Net: NetName=NetC5_2 Pin=C5-2
Added Pin To Net: NetName=NetC6_1 Pin=C6-1
Added Pin To Net: NetName=NetC6_2 Pin=C6-2
Added Pin To Net: NetName=GND Pin=C7-1
Added Pin To Net: NetName=NetC7_2 Pin=C7-2
Added Pin To Net: NetName=GND Pin=C8-1
Added Pin To Net: NetName=NetC6_2 Pin=C8-2
Added Pin To Net: NetName=GND Pin=C9-1
Added Pin To Net: NetName=NetC6_2 Pin=C9-2
Added Pin To Net: NetName=GND Pin=C10-1
Added Pin To Net: NetName=PWR_OUT Pin=C10-2
Added Pin To Net: NetName=GND Pin=C11-1
Added Pin To Net: NetName=5V Pin=C11-2
Added Pin To Net: NetName=GND Pin=C12-1
Added Pin To Net: NetName=PWR_OUT Pin=C12-2
Added Pin To Net: NetName=GND Pin=C13-1
Added Pin To Net: NetName=12V_OUT Pin=C13-2
Added Pin To Net: NetName=NetC14_1 Pin=C14-1
Added Pin To Net: NetName=NetC14_2 Pin=C14-2
Added Pin To Net: NetName=NetC14_1 Pin=C15-1
Added Pin To Net: NetName=NetC15_2 Pin=C15-2
Added Pin To Net: NetName=NetC15_2 Pin=C16-1
Added Pin To Net: NetName=NetC16_2 Pin=C16-2
Added Pin To Net: NetName=NetC15_2 Pin=C17-1
Added Pin To Net: NetName=NetC17_2 Pin=C17-2
Added Pin To Net: NetName=SCL Pin=CON2-2
Added Pin To Net: NetName=SDA Pin=CON2-3
Added Pin To Net: NetName=PWR_OUT Pin=CON3A-1
Added Pin To Net: NetName=NetCON3A_2 Pin=CON3A-2
Added Pin To Net: NetName=PWR_OUT Pin=CON3B-1
Added Pin To Net: NetName=NetCON3B_2 Pin=CON3B-2
Added Pin To Net: NetName=12V_OUT Pin=CON4A-1
Added Pin To Net: NetName=NetCON4A_2 Pin=CON4A-2
Added Pin To Net: NetName=12V_OUT Pin=CON4B-1
Added Pin To Net: NetName=NetCON4B_2 Pin=CON4B-2
Added Pin To Net: NetName=3.3V Pin=CON?-1
Added Pin To Net: NetName=GND Pin=CON?-2
Added Pin To Net: NetName=RXD0 Pin=CON?-2
Added Pin To Net: NetName=3.3V Pin=CON?-3
Added Pin To Net: NetName=TXD0 Pin=CON?-3
Added Pin To Net: NetName=DTR Pin=CON?-4
Added Pin To Net: NetName=GND Pin=CON?-4
Added Pin To Net: NetName=NetJ1_1 Pin=J1-1
Added Pin To Net: NetName=NetJ2_1 Pin=J2-1
Added Pin To Net: NetName=VDD Pin=J3-1
Added Pin To Net: NetName=ADDR1 Pin=J5-1
Added Pin To Net: NetName=GND Pin=J6-1
Added Pin To Net: NetName=NetJ7_1 Pin=J7-1
Added Pin To Net: NetName=NetC7_2 Pin=J8-1
Added Pin To Net: NetName=3.3V Pin=J9-1
Added Pin To Net: NetName=NetC18_2 Pin=J10-1
Added Pin To Net: NetName=NetC16_2 Pin=POT1-2
Added Pin To Net: NetName=NetPOT1_3 Pin=POT1-3
Added Pin To Net: NetName=3.3V Pin=Q12-2
Added Pin To Net: NetName=3.3V Pin=R38-2
Added Pin To Net: NetName=SCL Pin=U1-7
Added Pin To Net: NetName=SDA Pin=U1-8
Added Pin To Net: NetName=NetJ4_1 Pin=J4-1
Added Pin To Net: NetName=NetJ4_1 Pin=LED3-K
Added Net: Name=NetJ4_1
Added Pin To Net: NetName=NetLED1_K Pin=LED1-K
Added Pin To Net: NetName=NetLED1_K Pin=U1-20
Added Net: Name=NetLED1_K
Added Member To Class: ClassName=U_1.USB_Power_Delivery Member=Component C2 0.1uF
Added Member To Class: ClassName=U_1.USB_Power_Delivery Member=Component C3 1.0uF
Added Member To Class: ClassName=U_1.USB_Power_Delivery Member=Component C4 1.0uF
Added Member To Class: ClassName=Voltage_regulators Member=Component C5 100nF
Added Member To Class: ClassName=Voltage_regulators Member=Component C6 56pF(ESR!)
Added Member To Class: ClassName=Voltage_regulators Member=Component C7 10uF
Added Member To Class: ClassName=Voltage_regulators Member=Component C8 22uF
Added Member To Class: ClassName=Voltage_regulators Member=Component C9 22uF
Added Member To Class: ClassName=Voltage_regulators Member=Component C10 10uF
Added Member To Class: ClassName=Voltage_regulators Member=Component C11 10uF
Added Member To Class: ClassName=Voltage_regulators Member=Component C12 10uF
Added Member To Class: ClassName=Voltage_regulators Member=Component C13 10uF
Added Member To Class: ClassName=Humidifier Member=Component C14 C_0603
Added Member To Class: ClassName=Humidifier Member=Component C15 C_0603
Added Member To Class: ClassName=Humidifier Member=Component C16 10nF
Added Member To Class: ClassName=Humidifier Member=Component C17 C_0603
Added Member To Class: ClassName=U_3.Heater_and_Temperature_sensor1 Member=Component CON3A (CON3) 2P3.5MM
Added Member To Class: ClassName=U_3.Heater_and_Temperature_sensor2 Member=Component CON3B (CON3) 2P3.5MM
Added Member To Class: ClassName=Fan1 Member=Component CON4A (CON4) 2P3.5MM
Added Member To Class: ClassName=Fan2 Member=Component CON4B (CON4) 2P3.5MM
Added Member To Class: ClassName=U_2.Connectors Member=Component CON? 4PIN_2.54
Added Member To Class: ClassName=U_2.Connectors Member=Component CON? 4PIN_2.54
Added Member To Class: ClassName=U_1.USB_Power_Delivery Member=Component J1 OPEN_JMP
Added Member To Class: ClassName=U_1.USB_Power_Delivery Member=Component J2 OPEN_JMP
Added Member To Class: ClassName=U_1.USB_Power_Delivery Member=Component J3 OPEN_JMP
Added Member To Class: ClassName=U_1.USB_Power_Delivery Member=Component J4 OPEN_JMP
Added Member To Class: ClassName=U_1.USB_Power_Delivery Member=Component J5 OPEN_JMP
Added Member To Class: ClassName=U_1.USB_Power_Delivery Member=Component J6 OPEN_JMP
Added Member To Class: ClassName=Power_switching Member=Component J7 OPEN_JMP
Added Member To Class: ClassName=Voltage_regulators Member=Component J8 OPEN_JMP
Added Member To Class: ClassName=Voltage_regulators Member=Component J9 OPEN_JMP
Added Member To Class: ClassName=ESP32 Member=Component J10 OPEN_JMP
Added Member To Class: ClassName=Humidifier Member=Component POT1 5K
