Change Component Comment : Designator=R1 Old Comment=R_0603 New Comment=100K
Change component parameters: Designator = "C1" ("C1"); Footprint = "C_0603"; UniqueID = "\ZOSDNQKD\KCMULSGM" ("\ZOSDNQKD\KCMULSGM")
Change component parameters (AddParameter): Name = "D"; Value = ""; VariantName = "[No Variations]"
Change component parameters (AddParameter): Name = "MFR"; Value = ""; VariantName = "[No Variations]"
Change component parameters (AddParameter): Name = "P"; Value = ""; VariantName = "[No Variations]"
Change component parameters (AddParameter): Name = "PN"; Value = ""; VariantName = "[No Variations]"
Change component parameters (AddParameter): Name = "URL"; Value = ""; VariantName = "[No Variations]"
Change component parameters: Designator = "R1" ("R1"); Footprint = "R_0603"; UniqueID = "\ZOSDNQKD\IQAGMORC" ("\ZOSDNQKD\IQAGMORC")
Change component parameters (AddParameter): Name = "D"; Value = ""; VariantName = "[No Variations]"
Change component parameters (AddParameter): Name = "MFR"; Value = ""; VariantName = "[No Variations]"
Change component parameters (AddParameter): Name = "P"; Value = ""; VariantName = "[No Variations]"
Change component parameters (AddParameter): Name = "PN"; Value = ""; VariantName = "[No Variations]"
Change component parameters (AddParameter): Name = "URL"; Value = ""; VariantName = "[No Variations]"
Added Component: Designator=C18(C_0603)
Add component (AddParameter): Name = "D"; Value = ""; VariantName = "[No Variations]"
Add component (AddParameter): Name = "MFR"; Value = ""; VariantName = "[No Variations]"
Add component (AddParameter): Name = "P"; Value = ""; VariantName = "[No Variations]"
Add component (AddParameter): Name = "PN"; Value = ""; VariantName = "[No Variations]"
Add component (AddParameter): Name = "URL"; Value = ""; VariantName = "[No Variations]"
Added Component: Designator=C19(C_0603)
Add component (AddParameter): Name = "D"; Value = ""; VariantName = "[No Variations]"
Add component (AddParameter): Name = "MFR"; Value = ""; VariantName = "[No Variations]"
Add component (AddParameter): Name = "P"; Value = ""; VariantName = "[No Variations]"
Add component (AddParameter): Name = "PN"; Value = ""; VariantName = "[No Variations]"
Add component (AddParameter): Name = "URL"; Value = ""; VariantName = "[No Variations]"
Added Component: Designator=C20(C_0603)
Add component (AddParameter): Name = "D"; Value = ""; VariantName = "[No Variations]"
Add component (AddParameter): Name = "MFR"; Value = ""; VariantName = "[No Variations]"
Add component (AddParameter): Name = "P"; Value = ""; VariantName = "[No Variations]"
Add component (AddParameter): Name = "PN"; Value = ""; VariantName = "[No Variations]"
Add component (AddParameter): Name = "URL"; Value = ""; VariantName = "[No Variations]"
Added Component: Designator=C21(C_0603)
Add component (AddParameter): Name = "D"; Value = ""; VariantName = "[No Variations]"
Add component (AddParameter): Name = "MFR"; Value = ""; VariantName = "[No Variations]"
Add component (AddParameter): Name = "P"; Value = ""; VariantName = "[No Variations]"
Add component (AddParameter): Name = "PN"; Value = ""; VariantName = "[No Variations]"
Add component (AddParameter): Name = "URL"; Value = ""; VariantName = "[No Variations]"
Added Component: Designator=C22(C_0603)
Add component (AddParameter): Name = "D"; Value = ""; VariantName = "[No Variations]"
Add component (AddParameter): Name = "MFR"; Value = ""; VariantName = "[No Variations]"
Add component (AddParameter): Name = "P"; Value = ""; VariantName = "[No Variations]"
Add component (AddParameter): Name = "PN"; Value = ""; VariantName = "[No Variations]"
Add component (AddParameter): Name = "URL"; Value = ""; VariantName = "[No Variations]"
Added Component: Designator=C23(C_0603)
Add component (AddParameter): Name = "D"; Value = ""; VariantName = "[No Variations]"
Add component (AddParameter): Name = "MFR"; Value = ""; VariantName = "[No Variations]"
Add component (AddParameter): Name = "P"; Value = ""; VariantName = "[No Variations]"
Add component (AddParameter): Name = "PN"; Value = ""; VariantName = "[No Variations]"
Add component (AddParameter): Name = "URL"; Value = ""; VariantName = "[No Variations]"
Added Component: Designator=C24(C_0603)
Add component (AddParameter): Name = "D"; Value = ""; VariantName = "[No Variations]"
Add component (AddParameter): Name = "MFR"; Value = ""; VariantName = "[No Variations]"
Add component (AddParameter): Name = "P"; Value = ""; VariantName = "[No Variations]"
Add component (AddParameter): Name = "PN"; Value = ""; VariantName = "[No Variations]"
Add component (AddParameter): Name = "URL"; Value = ""; VariantName = "[No Variations]"
Added Component: Designator=C25(C_0603)
Add component (AddParameter): Name = "D"; Value = ""; VariantName = "[No Variations]"
Add component (AddParameter): Name = "MFR"; Value = ""; VariantName = "[No Variations]"
Add component (AddParameter): Name = "P"; Value = ""; VariantName = "[No Variations]"
Add component (AddParameter): Name = "PN"; Value = ""; VariantName = "[No Variations]"
Add component (AddParameter): Name = "URL"; Value = ""; VariantName = "[No Variations]"
Added Component: Designator=C26(C_0603)
Add component (AddParameter): Name = "D"; Value = ""; VariantName = "[No Variations]"
Add component (AddParameter): Name = "MFR"; Value = ""; VariantName = "[No Variations]"
Add component (AddParameter): Name = "P"; Value = ""; VariantName = "[No Variations]"
Add component (AddParameter): Name = "PN"; Value = ""; VariantName = "[No Variations]"
Add component (AddParameter): Name = "URL"; Value = ""; VariantName = "[No Variations]"
Added Component: Designator=C27(C_0603)
Add component (AddParameter): Name = "D"; Value = ""; VariantName = "[No Variations]"
Add component (AddParameter): Name = "MFR"; Value = ""; VariantName = "[No Variations]"
Add component (AddParameter): Name = "P"; Value = ""; VariantName = "[No Variations]"
Add component (AddParameter): Name = "PN"; Value = ""; VariantName = "[No Variations]"
Add component (AddParameter): Name = "URL"; Value = ""; VariantName = "[No Variations]"
Added Component: Designator=CON2(4Pin_2.5)
Add component (AddParameter): Name = "PN"; Value = "87224-4"; VariantName = "[No Variations]"
Added Component: Designator=D1(SOT-23-3)
Add component (AddParameter): Name = "D"; Value = "ESD Suppressors / TVS Diodes SUPPRESSOR"; VariantName = "[No Variations]"
Add component (AddParameter): Name = "MFR"; Value = "STMicroelectronics"; VariantName = "[No Variations]"
Add component (AddParameter): Name = "P"; Value = "SOT23-3L"; VariantName = "[No Variations]"
Add component (AddParameter): Name = "PN"; Value = "ESDA25L"; VariantName = "[No Variations]"
Add component (AddParameter): Name = "URL"; Value = "https://www.mouser.in/ProductDetail/STMicroelectronics/ESDA25L?qs=%252BFmDY%2FmH7IYTgvQLXlr24g%3D%3D"; VariantName = "[No Variations]"
Added Component: Designator=D2(SOD-323)
Add component (AddParameter): Name = "D"; Value = "Schottky Diodes & Rectifiers 10 V 3000 mA"; VariantName = "[No Variations]"
Add component (AddParameter): Name = "P"; Value = "SOD-323"; VariantName = "[No Variations]"
Add component (AddParameter): Name = "PN"; Value = "BAT60AE6327HTSA1"; VariantName = "[No Variations]"
Add component (AddParameter): Name = "URL"; Value = "https://www.mouser.in/ProductDetail/Infineon-Technologies/BAT60AE6327HTSA1?qs=OwbwYO03UsIW3Y2lCXbs8Q%3D%3D"; VariantName = "[No Variations]"
Added Component: Designator=D3(SOT-23-3)
Add component (AddParameter): Name = "D"; Value = "ESD Suppressors / TVS Diodes SUPPRESSOR"; VariantName = "[No Variations]"
Add component (AddParameter): Name = "MFR"; Value = "STMicroelectronics"; VariantName = "[No Variations]"
Add component (AddParameter): Name = "P"; Value = "SOT23-3L"; VariantName = "[No Variations]"
Add component (AddParameter): Name = "PN"; Value = "ESDA25L"; VariantName = "[No Variations]"
Add component (AddParameter): Name = "URL"; Value = "https://www.mouser.in/ProductDetail/STMicroelectronics/ESDA25L?qs=%252BFmDY%2FmH7IYTgvQLXlr24g%3D%3D"; VariantName = "[No Variations]"
Added Component: Designator=D4(SOT-23-3)
Add component (AddParameter): Name = "D"; Value = "ESD Suppressors / TVS Diodes SUPPRESSOR"; VariantName = "[No Variations]"
Add component (AddParameter): Name = "MFR"; Value = "STMicroelectronics"; VariantName = "[No Variations]"
Add component (AddParameter): Name = "P"; Value = "SOT23-3L"; VariantName = "[No Variations]"
Add component (AddParameter): Name = "PN"; Value = "ESDA25L"; VariantName = "[No Variations]"
Add component (AddParameter): Name = "URL"; Value = "https://www.mouser.in/ProductDetail/STMicroelectronics/ESDA25L?qs=%252BFmDY%2FmH7IYTgvQLXlr24g%3D%3D"; VariantName = "[No Variations]"
Added Component: Designator=D5A(SOD123)
Add component (AddParameter): Name = "D"; Value = "Diodes - General Purpose, Power, Switching SURFACE MOUNT SWITCHING DIODES"; VariantName = "[No Variations]"
Add component (AddParameter): Name = "MFR"; Value = "Panjit"; VariantName = "[No Variations]"
Add component (AddParameter): Name = "P"; Value = "SOD123"; VariantName = "[No Variations]"
Add component (AddParameter): Name = "PN"; Value = "1N4148W_R2_00001"; VariantName = "[No Variations]"
Add component (AddParameter): Name = "URL"; Value = "https://www.mouser.in/ProductDetail/Panjit/1N4148W_R2_00001?qs=sPbYRqrBIVlsNrvmMQOkFA%3D%3D"; VariantName = "[No Variations]"
Added Component: Designator=D5B(SOD123)
Add component (AddParameter): Name = "D"; Value = "Diodes - General Purpose, Power, Switching SURFACE MOUNT SWITCHING DIODES"; VariantName = "[No Variations]"
Add component (AddParameter): Name = "MFR"; Value = "Panjit"; VariantName = "[No Variations]"
Add component (AddParameter): Name = "P"; Value = "SOD123"; VariantName = "[No Variations]"
Add component (AddParameter): Name = "PN"; Value = "1N4148W_R2_00001"; VariantName = "[No Variations]"
Add component (AddParameter): Name = "URL"; Value = "https://www.mouser.in/ProductDetail/Panjit/1N4148W_R2_00001?qs=sPbYRqrBIVlsNrvmMQOkFA%3D%3D"; VariantName = "[No Variations]"
Added Component: Designator=D6A(SOD123)
Add component (AddParameter): Name = "D"; Value = "Diodes - General Purpose, Power, Switching SURFACE MOUNT SWITCHING DIODES"; VariantName = "[No Variations]"
Add component (AddParameter): Name = "MFR"; Value = "Panjit"; VariantName = "[No Variations]"
Add component (AddParameter): Name = "P"; Value = "SOD123"; VariantName = "[No Variations]"
Add component (AddParameter): Name = "PN"; Value = "1N4148W_R2_00001"; VariantName = "[No Variations]"
Add component (AddParameter): Name = "URL"; Value = "https://www.mouser.in/ProductDetail/Panjit/1N4148W_R2_00001?qs=sPbYRqrBIVlsNrvmMQOkFA%3D%3D"; VariantName = "[No Variations]"
Added Component: Designator=D6B(SOD123)
Add component (AddParameter): Name = "D"; Value = "Diodes - General Purpose, Power, Switching SURFACE MOUNT SWITCHING DIODES"; VariantName = "[No Variations]"
Add component (AddParameter): Name = "MFR"; Value = "Panjit"; VariantName = "[No Variations]"
Add component (AddParameter): Name = "P"; Value = "SOD123"; VariantName = "[No Variations]"
Add component (AddParameter): Name = "PN"; Value = "1N4148W_R2_00001"; VariantName = "[No Variations]"
Add component (AddParameter): Name = "URL"; Value = "https://www.mouser.in/ProductDetail/Panjit/1N4148W_R2_00001?qs=sPbYRqrBIVlsNrvmMQOkFA%3D%3D"; VariantName = "[No Variations]"
Added Component: Designator=IR1(TCRT5000)
Add component (AddParameter): Name = "D"; Value = "Optical Switches, Reflective, Phototransistor"; VariantName = "[No Variations]"
Add component (AddParameter): Name = "MFR"; Value = "Vishay Semiconductors"; VariantName = "[No Variations]"
Add component (AddParameter): Name = "P"; Value = ""; VariantName = "[No Variations]"
Add component (AddParameter): Name = "PN"; Value = "TCRT5000L"; VariantName = "[No Variations]"
Add component (AddParameter): Name = "URL"; Value = "https://www.mouser.in/ProductDetail/Vishay-Semiconductors/TCRT5000L?qs=%2Fjqivxn91cdBAizhsWilRQ%3D%3D"; VariantName = "[No Variations]"
Added Component: Designator=L3(WS2812B)
Added Component: Designator=L4(WS2812B)
Added Component: Designator=L5(WS2812B)
Added Component: Designator=L6(WS2812B)
Added Component: Designator=L7(WS2812B)
Added Component: Designator=L8(WS2812B)
Added Component: Designator=LED1(LED_0603)
Add component (AddParameter): Name = "D"; Value = "Standard LEDs - SMD WL-SMCW SMDMono TpVw Waterclr 0603 Red"; VariantName = "[No Variations]"
Add component (AddParameter): Name = "MFR"; Value = "Wurth Elektronik"; VariantName = "[No Variations]"
Add component (AddParameter): Name = "P"; Value = "0603"; VariantName = "[No Variations]"
Add component (AddParameter): Name = "PN"; Value = "150060RS75000"; VariantName = "[No Variations]"
Add component (AddParameter): Name = "YRL"; Value = "https://www.mouser.in/ProductDetail/Wurth-Elektronik/150060RS75000?qs=LlUlMxKIyB3QnmZ3fw%2FVCA%3D%3D"; VariantName = "[No Variations]"
Added Component: Designator=LED2(LED_0603)
Add component (AddParameter): Name = "D"; Value = "Standard LEDs - SMD WL-SMCW SMDMono TpVw Waterclr 0603 Red"; VariantName = "[No Variations]"
Add component (AddParameter): Name = "MFR"; Value = "Wurth Elektronik"; VariantName = "[No Variations]"
Add component (AddParameter): Name = "P"; Value = "0603"; VariantName = "[No Variations]"
Add component (AddParameter): Name = "PN"; Value = "150060RS75000"; VariantName = "[No Variations]"
Add component (AddParameter): Name = "YRL"; Value = "https://www.mouser.in/ProductDetail/Wurth-Elektronik/150060RS75000?qs=LlUlMxKIyB3QnmZ3fw%2FVCA%3D%3D"; VariantName = "[No Variations]"
Added Component: Designator=LED3(LED_0603)
Add component (AddParameter): Name = "D"; Value = "Standard LEDs - SMD WL-SMCW SMDMono TpVw Waterclr 0603 Red"; VariantName = "[No Variations]"
Add component (AddParameter): Name = "MFR"; Value = "Wurth Elektronik"; VariantName = "[No Variations]"
Add component (AddParameter): Name = "P"; Value = "0603"; VariantName = "[No Variations]"
Add component (AddParameter): Name = "PN"; Value = "150060RS75000"; VariantName = "[No Variations]"
Add component (AddParameter): Name = "YRL"; Value = "https://www.mouser.in/ProductDetail/Wurth-Elektronik/150060RS75000?qs=LlUlMxKIyB3QnmZ3fw%2FVCA%3D%3D"; VariantName = "[No Variations]"
Added Component: Designator=Q2A(SOT23FR)
Add component (AddParameter): Name = "D"; Value = "MOSFET PMV15ENE/SOT23/TO-236AB"; VariantName = "[No Variations]"
Add component (AddParameter): Name = "MFR"; Value = "Nexperia"; VariantName = "[No Variations]"
Add component (AddParameter): Name = "P"; Value = "SOT-23-3"; VariantName = "[No Variations]"
Add component (AddParameter): Name = "PN"; Value = "PMV15ENER"; VariantName = "[No Variations]"
Add component (AddParameter): Name = "URL"; Value = "https://www.mouser.in/ProductDetail/Nexperia/PMV15ENER?qs=Li%252BoUPsLEntpTHKsialBmQ%3D%3D"; VariantName = "[No Variations]"
Added Component: Designator=Q2B(SOT23FR)
Add component (AddParameter): Name = "D"; Value = "MOSFET PMV15ENE/SOT23/TO-236AB"; VariantName = "[No Variations]"
Add component (AddParameter): Name = "MFR"; Value = "Nexperia"; VariantName = "[No Variations]"
Add component (AddParameter): Name = "P"; Value = "SOT-23-3"; VariantName = "[No Variations]"
Add component (AddParameter): Name = "PN"; Value = "PMV15ENER"; VariantName = "[No Variations]"
Add component (AddParameter): Name = "URL"; Value = "https://www.mouser.in/ProductDetail/Nexperia/PMV15ENER?qs=Li%252BoUPsLEntpTHKsialBmQ%3D%3D"; VariantName = "[No Variations]"
Added Component: Designator=Q3(SOIC-8)
Add component (AddParameter): Name = "D"; Value = "MOSFET -30V Vds 20V Vgs SO-8"; VariantName = "[No Variations]"
Add component (AddParameter): Name = "MFR"; Value = "Vishay / Siliconix"; VariantName = "[No Variations]"
Add component (AddParameter): Name = "P"; Value = "SOIC-8"; VariantName = "[No Variations]"
Add component (AddParameter): Name = "PN"; Value = "SI4431CDY-T1-E3"; VariantName = "[No Variations]"
Add component (AddParameter): Name = "URL"; Value = "https://www.mouser.in/ProductDetail/Vishay-Siliconix/SI4431CDY-T1-E3?qs=45wPT2wjtGlWxzlExd9KaA%3D%3D"; VariantName = "[No Variations]"
Added Component: Designator=Q4(SOT-23-3)
Add component (AddParameter): Name = "D"; Value = "Bipolar Transistors - BJT BC847C/SOT23/TO-236AB"; VariantName = "[No Variations]"
Add component (AddParameter): Name = "MFR"; Value = "Nexperia"; VariantName = "[No Variations]"
Add component (AddParameter): Name = "P"; Value = "SOT-23-3"; VariantName = "[No Variations]"
Add component (AddParameter): Name = "PN"; Value = "BC847C,215"; VariantName = "[No Variations]"
Add component (AddParameter): Name = "URL"; Value = "https://www.mouser.in/ProductDetail/Nexperia/BC847C215?qs=me8TqzrmIYVnv3C18%2Fxa3Q%3D%3D"; VariantName = "[No Variations]"
Added Component: Designator=Q5(SOIC-8)
Add component (AddParameter): Name = "D"; Value = "MOSFET -30V Vds 20V Vgs SO-8"; VariantName = "[No Variations]"
Add component (AddParameter): Name = "MFR"; Value = "Vishay / Siliconix"; VariantName = "[No Variations]"
Add component (AddParameter): Name = "P"; Value = "SOIC-8"; VariantName = "[No Variations]"
Add component (AddParameter): Name = "PN"; Value = "SI4431CDY-T1-E3"; VariantName = "[No Variations]"
Add component (AddParameter): Name = "URL"; Value = "https://www.mouser.in/ProductDetail/Vishay-Siliconix/SI4431CDY-T1-E3?qs=45wPT2wjtGlWxzlExd9KaA%3D%3D"; VariantName = "[No Variations]"
Added Component: Designator=Q6(SOT-23-3)
Add component (AddParameter): Name = "D"; Value = "Bipolar Transistors - BJT BC847C/SOT23/TO-236AB"; VariantName = "[No Variations]"
Add component (AddParameter): Name = "MFR"; Value = "Nexperia"; VariantName = "[No Variations]"
Add component (AddParameter): Name = "P"; Value = "SOT-23-3"; VariantName = "[No Variations]"
Add component (AddParameter): Name = "PN"; Value = "BC847C,215"; VariantName = "[No Variations]"
Add component (AddParameter): Name = "URL"; Value = "https://www.mouser.in/ProductDetail/Nexperia/BC847C215?qs=me8TqzrmIYVnv3C18%2Fxa3Q%3D%3D"; VariantName = "[No Variations]"
Added Component: Designator=Q7(SOIC-8)
Add component (AddParameter): Name = "D"; Value = "MOSFET -30V Vds 20V Vgs SO-8"; VariantName = "[No Variations]"
Add component (AddParameter): Name = "MFR"; Value = "Vishay / Siliconix"; VariantName = "[No Variations]"
Add component (AddParameter): Name = "P"; Value = "SOIC-8"; VariantName = "[No Variations]"
Add component (AddParameter): Name = "PN"; Value = "SI4431CDY-T1-E3"; VariantName = "[No Variations]"
Add component (AddParameter): Name = "URL"; Value = "https://www.mouser.in/ProductDetail/Vishay-Siliconix/SI4431CDY-T1-E3?qs=45wPT2wjtGlWxzlExd9KaA%3D%3D"; VariantName = "[No Variations]"
Added Component: Designator=Q8(SOT-23-3)
Add component (AddParameter): Name = "D"; Value = "Bipolar Transistors - BJT BC847C/SOT23/TO-236AB"; VariantName = "[No Variations]"
Add component (AddParameter): Name = "MFR"; Value = "Nexperia"; VariantName = "[No Variations]"
Add component (AddParameter): Name = "P"; Value = "SOT-23-3"; VariantName = "[No Variations]"
Add component (AddParameter): Name = "PN"; Value = "BC847C,215"; VariantName = "[No Variations]"
Add component (AddParameter): Name = "URL"; Value = "https://www.mouser.in/ProductDetail/Nexperia/BC847C215?qs=me8TqzrmIYVnv3C18%2Fxa3Q%3D%3D"; VariantName = "[No Variations]"
Added Component: Designator=Q9(SOT-23-3)
Add component (AddParameter): Name = "D"; Value = "Bipolar Transistors - BJT BC847C/SOT23/TO-236AB"; VariantName = "[No Variations]"
Add component (AddParameter): Name = "MFR"; Value = "Nexperia"; VariantName = "[No Variations]"
Add component (AddParameter): Name = "P"; Value = "SOT-23-3"; VariantName = "[No Variations]"
Add component (AddParameter): Name = "PN"; Value = "BC847C,215"; VariantName = "[No Variations]"
Add component (AddParameter): Name = "URL"; Value = "https://www.mouser.in/ProductDetail/Nexperia/BC847C215?qs=me8TqzrmIYVnv3C18%2Fxa3Q%3D%3D"; VariantName = "[No Variations]"
Added Component: Designator=Q10(SOT23FR)
Add component (AddParameter): Name = "D"; Value = "MOSFET PMV15ENE/SOT23/TO-236AB"; VariantName = "[No Variations]"
Add component (AddParameter): Name = "MFR"; Value = "Nexperia"; VariantName = "[No Variations]"
Add component (AddParameter): Name = "P"; Value = "SOT-23-3"; VariantName = "[No Variations]"
Add component (AddParameter): Name = "PN"; Value = "PMV15ENER"; VariantName = "[No Variations]"
Add component (AddParameter): Name = "URL"; Value = "https://www.mouser.in/ProductDetail/Nexperia/PMV15ENER?qs=Li%252BoUPsLEntpTHKsialBmQ%3D%3D"; VariantName = "[No Variations]"
Added Component: Designator=Q11(SOT23FR)
Add component (AddParameter): Name = "D"; Value = "MOSFET PMV15ENE/SOT23/TO-236AB"; VariantName = "[No Variations]"
Add component (AddParameter): Name = "MFR"; Value = "Nexperia"; VariantName = "[No Variations]"
Add component (AddParameter): Name = "P"; Value = "SOT-23-3"; VariantName = "[No Variations]"
Add component (AddParameter): Name = "PN"; Value = "PMV15ENER"; VariantName = "[No Variations]"
Add component (AddParameter): Name = "URL"; Value = "https://www.mouser.in/ProductDetail/Nexperia/PMV15ENER?qs=Li%252BoUPsLEntpTHKsialBmQ%3D%3D"; VariantName = "[No Variations]"
Added Component: Designator=Q12(SOT-23-3)
Add component (AddParameter): Name = "D"; Value = "Bipolar Transistors - BJT BC847C/SOT23/TO-236AB"; VariantName = "[No Variations]"
Add component (AddParameter): Name = "MFR"; Value = "Nexperia"; VariantName = "[No Variations]"
Add component (AddParameter): Name = "P"; Value = "SOT-23-3"; VariantName = "[No Variations]"
Add component (AddParameter): Name = "PN"; Value = "BC847C,215"; VariantName = "[No Variations]"
Add component (AddParameter): Name = "URL"; Value = "https://www.mouser.in/ProductDetail/Nexperia/BC847C215?qs=me8TqzrmIYVnv3C18%2Fxa3Q%3D%3D"; VariantName = "[No Variations]"
Added Component: Designator=Q13(SOT-23-3)
Add component (AddParameter): Name = "D"; Value = "Bipolar Transistors - BJT BC847C/SOT23/TO-236AB"; VariantName = "[No Variations]"
Add component (AddParameter): Name = "MFR"; Value = "Nexperia"; VariantName = "[No Variations]"
Add component (AddParameter): Name = "P"; Value = "SOT-23-3"; VariantName = "[No Variations]"
Add component (AddParameter): Name = "PN"; Value = "BC847C,215"; VariantName = "[No Variations]"
Add component (AddParameter): Name = "URL"; Value = "https://www.mouser.in/ProductDetail/Nexperia/BC847C215?qs=me8TqzrmIYVnv3C18%2Fxa3Q%3D%3D"; VariantName = "[No Variations]"
Added Component: Designator=Q14A(SOT23FR)
Add component (AddParameter): Name = "D"; Value = "MOSFET PMV15ENE/SOT23/TO-236AB"; VariantName = "[No Variations]"
Add component (AddParameter): Name = "MFR"; Value = "Nexperia"; VariantName = "[No Variations]"
Add component (AddParameter): Name = "P"; Value = "SOT-23-3"; VariantName = "[No Variations]"
Add component (AddParameter): Name = "PN"; Value = "PMV15ENER"; VariantName = "[No Variations]"
Add component (AddParameter): Name = "URL"; Value = "https://www.mouser.in/ProductDetail/Nexperia/PMV15ENER?qs=Li%252BoUPsLEntpTHKsialBmQ%3D%3D"; VariantName = "[No Variations]"
Added Component: Designator=Q14B(SOT23FR)
Add component (AddParameter): Name = "D"; Value = "MOSFET PMV15ENE/SOT23/TO-236AB"; VariantName = "[No Variations]"
Add component (AddParameter): Name = "MFR"; Value = "Nexperia"; VariantName = "[No Variations]"
Add component (AddParameter): Name = "P"; Value = "SOT-23-3"; VariantName = "[No Variations]"
Add component (AddParameter): Name = "PN"; Value = "PMV15ENER"; VariantName = "[No Variations]"
Add component (AddParameter): Name = "URL"; Value = "https://www.mouser.in/ProductDetail/Nexperia/PMV15ENER?qs=Li%252BoUPsLEntpTHKsialBmQ%3D%3D"; VariantName = "[No Variations]"
Added Component: Designator=R2(R_0603)
Add component (AddParameter): Name = "D"; Value = ""; VariantName = "[No Variations]"
Add component (AddParameter): Name = "MFR"; Value = ""; VariantName = "[No Variations]"
Add component (AddParameter): Name = "P"; Value = ""; VariantName = "[No Variations]"
Add component (AddParameter): Name = "PN"; Value = ""; VariantName = "[No Variations]"
Add component (AddParameter): Name = "URL"; Value = ""; VariantName = "[No Variations]"
Added Component: Designator=R3(R_0603)
Add component (AddParameter): Name = "D"; Value = ""; VariantName = "[No Variations]"
Add component (AddParameter): Name = "MFR"; Value = ""; VariantName = "[No Variations]"
Add component (AddParameter): Name = "P"; Value = ""; VariantName = "[No Variations]"
Add component (AddParameter): Name = "PN"; Value = ""; VariantName = "[No Variations]"
Add component (AddParameter): Name = "URL"; Value = ""; VariantName = "[No Variations]"
Added Component: Designator=R4(R_0603)
Add component (AddParameter): Name = "D"; Value = ""; VariantName = "[No Variations]"
Add component (AddParameter): Name = "MFR"; Value = ""; VariantName = "[No Variations]"
Add component (AddParameter): Name = "P"; Value = ""; VariantName = "[No Variations]"
Add component (AddParameter): Name = "PN"; Value = ""; VariantName = "[No Variations]"
Add component (AddParameter): Name = "URL"; Value = ""; VariantName = "[No Variations]"
Added Component: Designator=R5(R_0603)
Add component (AddParameter): Name = "D"; Value = ""; VariantName = "[No Variations]"
Add component (AddParameter): Name = "MFR"; Value = ""; VariantName = "[No Variations]"
Add component (AddParameter): Name = "P"; Value = ""; VariantName = "[No Variations]"
Add component (AddParameter): Name = "PN"; Value = ""; VariantName = "[No Variations]"
Add component (AddParameter): Name = "URL"; Value = ""; VariantName = "[No Variations]"
Added Component: Designator=R6(R_0603)
Add component (AddParameter): Name = "D"; Value = ""; VariantName = "[No Variations]"
Add component (AddParameter): Name = "MFR"; Value = ""; VariantName = "[No Variations]"
Add component (AddParameter): Name = "P"; Value = ""; VariantName = "[No Variations]"
Add component (AddParameter): Name = "PN"; Value = ""; VariantName = "[No Variations]"
Add component (AddParameter): Name = "URL"; Value = ""; VariantName = "[No Variations]"
Added Component: Designator=R7(R_0603)
Add component (AddParameter): Name = "D"; Value = ""; VariantName = "[No Variations]"
Add component (AddParameter): Name = "MFR"; Value = ""; VariantName = "[No Variations]"
Add component (AddParameter): Name = "P"; Value = ""; VariantName = "[No Variations]"
Add component (AddParameter): Name = "PN"; Value = ""; VariantName = "[No Variations]"
Add component (AddParameter): Name = "URL"; Value = ""; VariantName = "[No Variations]"
Added Component: Designator=R8(R_0603)
Add component (AddParameter): Name = "D"; Value = ""; VariantName = "[No Variations]"
Add component (AddParameter): Name = "MFR"; Value = ""; VariantName = "[No Variations]"
Add component (AddParameter): Name = "P"; Value = ""; VariantName = "[No Variations]"
Add component (AddParameter): Name = "PN"; Value = ""; VariantName = "[No Variations]"
Add component (AddParameter): Name = "URL"; Value = ""; VariantName = "[No Variations]"
Added Component: Designator=R9(R_0603)
Add component (AddParameter): Name = "D"; Value = ""; VariantName = "[No Variations]"
Add component (AddParameter): Name = "MFR"; Value = ""; VariantName = "[No Variations]"
Add component (AddParameter): Name = "P"; Value = ""; VariantName = "[No Variations]"
Add component (AddParameter): Name = "PN"; Value = ""; VariantName = "[No Variations]"
Add component (AddParameter): Name = "URL"; Value = ""; VariantName = "[No Variations]"
Added Component: Designator=R10(R_0603)
Add component (AddParameter): Name = "D"; Value = ""; VariantName = "[No Variations]"
Add component (AddParameter): Name = "MFR"; Value = ""; VariantName = "[No Variations]"
Add component (AddParameter): Name = "P"; Value = ""; VariantName = "[No Variations]"
Add component (AddParameter): Name = "PN"; Value = ""; VariantName = "[No Variations]"
Add component (AddParameter): Name = "URL"; Value = ""; VariantName = "[No Variations]"
Added Component: Designator=R11(R_0603)
Add component (AddParameter): Name = "D"; Value = ""; VariantName = "[No Variations]"
Add component (AddParameter): Name = "MFR"; Value = ""; VariantName = "[No Variations]"
Add component (AddParameter): Name = "P"; Value = ""; VariantName = "[No Variations]"
Add component (AddParameter): Name = "PN"; Value = ""; VariantName = "[No Variations]"
Add component (AddParameter): Name = "URL"; Value = ""; VariantName = "[No Variations]"
Added Component: Designator=R12(R_0603)
Add component (AddParameter): Name = "D"; Value = ""; VariantName = "[No Variations]"
Add component (AddParameter): Name = "MFR"; Value = ""; VariantName = "[No Variations]"
Add component (AddParameter): Name = "P"; Value = ""; VariantName = "[No Variations]"
Add component (AddParameter): Name = "PN"; Value = ""; VariantName = "[No Variations]"
Add component (AddParameter): Name = "URL"; Value = ""; VariantName = "[No Variations]"
Added Component: Designator=R13(R_0603)
Add component (AddParameter): Name = "D"; Value = ""; VariantName = "[No Variations]"
Add component (AddParameter): Name = "MFR"; Value = ""; VariantName = "[No Variations]"
Add component (AddParameter): Name = "P"; Value = ""; VariantName = "[No Variations]"
Add component (AddParameter): Name = "PN"; Value = ""; VariantName = "[No Variations]"
Add component (AddParameter): Name = "URL"; Value = ""; VariantName = "[No Variations]"
Added Component: Designator=R14(R_0603)
Add component (AddParameter): Name = "D"; Value = ""; VariantName = "[No Variations]"
Add component (AddParameter): Name = "MFR"; Value = ""; VariantName = "[No Variations]"
Add component (AddParameter): Name = "P"; Value = ""; VariantName = "[No Variations]"
Add component (AddParameter): Name = "PN"; Value = ""; VariantName = "[No Variations]"
Add component (AddParameter): Name = "URL"; Value = ""; VariantName = "[No Variations]"
Added Component: Designator=R15A(R_0603)
Add component (AddParameter): Name = "D"; Value = ""; VariantName = "[No Variations]"
Add component (AddParameter): Name = "MFR"; Value = ""; VariantName = "[No Variations]"
Add component (AddParameter): Name = "P"; Value = ""; VariantName = "[No Variations]"
Add component (AddParameter): Name = "PN"; Value = ""; VariantName = "[No Variations]"
Add component (AddParameter): Name = "URL"; Value = ""; VariantName = "[No Variations]"
Added Component: Designator=R15B(R_0603)
Add component (AddParameter): Name = "D"; Value = ""; VariantName = "[No Variations]"
Add component (AddParameter): Name = "MFR"; Value = ""; VariantName = "[No Variations]"
Add component (AddParameter): Name = "P"; Value = ""; VariantName = "[No Variations]"
Add component (AddParameter): Name = "PN"; Value = ""; VariantName = "[No Variations]"
Add component (AddParameter): Name = "URL"; Value = ""; VariantName = "[No Variations]"
Added Component: Designator=R16A(R_0603)
Add component (AddParameter): Name = "D"; Value = ""; VariantName = "[No Variations]"
Add component (AddParameter): Name = "MFR"; Value = ""; VariantName = "[No Variations]"
Add component (AddParameter): Name = "P"; Value = ""; VariantName = "[No Variations]"
Add component (AddParameter): Name = "PN"; Value = ""; VariantName = "[No Variations]"
Add component (AddParameter): Name = "URL"; Value = ""; VariantName = "[No Variations]"
Added Component: Designator=R16B(R_0603)
Add component (AddParameter): Name = "D"; Value = ""; VariantName = "[No Variations]"
Add component (AddParameter): Name = "MFR"; Value = ""; VariantName = "[No Variations]"
Add component (AddParameter): Name = "P"; Value = ""; VariantName = "[No Variations]"
Add component (AddParameter): Name = "PN"; Value = ""; VariantName = "[No Variations]"
Add component (AddParameter): Name = "URL"; Value = ""; VariantName = "[No Variations]"
Added Component: Designator=R17(R_0603)
Add component (AddParameter): Name = "D"; Value = ""; VariantName = "[No Variations]"
Add component (AddParameter): Name = "MFR"; Value = ""; VariantName = "[No Variations]"
Add component (AddParameter): Name = "P"; Value = ""; VariantName = "[No Variations]"
Add component (AddParameter): Name = "PN"; Value = ""; VariantName = "[No Variations]"
Add component (AddParameter): Name = "URL"; Value = ""; VariantName = "[No Variations]"
Added Component: Designator=R18(R_0603)
Add component (AddParameter): Name = "D"; Value = ""; VariantName = "[No Variations]"
Add component (AddParameter): Name = "MFR"; Value = ""; VariantName = "[No Variations]"
Add component (AddParameter): Name = "P"; Value = ""; VariantName = "[No Variations]"
Add component (AddParameter): Name = "PN"; Value = ""; VariantName = "[No Variations]"
Add component (AddParameter): Name = "URL"; Value = ""; VariantName = "[No Variations]"
Added Component: Designator=R19(R_0603)
Add component (AddParameter): Name = "D"; Value = ""; VariantName = "[No Variations]"
Add component (AddParameter): Name = "MFR"; Value = ""; VariantName = "[No Variations]"
Add component (AddParameter): Name = "P"; Value = ""; VariantName = "[No Variations]"
Add component (AddParameter): Name = "PN"; Value = ""; VariantName = "[No Variations]"
Add component (AddParameter): Name = "URL"; Value = ""; VariantName = "[No Variations]"
Added Component: Designator=R20(R_0603)
Add component (AddParameter): Name = "D"; Value = ""; VariantName = "[No Variations]"
Add component (AddParameter): Name = "MFR"; Value = ""; VariantName = "[No Variations]"
Add component (AddParameter): Name = "P"; Value = ""; VariantName = "[No Variations]"
Add component (AddParameter): Name = "PN"; Value = ""; VariantName = "[No Variations]"
Add component (AddParameter): Name = "URL"; Value = ""; VariantName = "[No Variations]"
Added Component: Designator=R21(R_0603)
Add component (AddParameter): Name = "D"; Value = ""; VariantName = "[No Variations]"
Add component (AddParameter): Name = "MFR"; Value = ""; VariantName = "[No Variations]"
Add component (AddParameter): Name = "P"; Value = ""; VariantName = "[No Variations]"
Add component (AddParameter): Name = "PN"; Value = ""; VariantName = "[No Variations]"
Add component (AddParameter): Name = "URL"; Value = ""; VariantName = "[No Variations]"
Added Component: Designator=R22(R_0603)
Add component (AddParameter): Name = "D"; Value = ""; VariantName = "[No Variations]"
Add component (AddParameter): Name = "MFR"; Value = ""; VariantName = "[No Variations]"
Add component (AddParameter): Name = "P"; Value = ""; VariantName = "[No Variations]"
Add component (AddParameter): Name = "PN"; Value = ""; VariantName = "[No Variations]"
Add component (AddParameter): Name = "URL"; Value = ""; VariantName = "[No Variations]"
Added Component: Designator=R23(R_0603)
Add component (AddParameter): Name = "D"; Value = ""; VariantName = "[No Variations]"
Add component (AddParameter): Name = "MFR"; Value = ""; VariantName = "[No Variations]"
Add component (AddParameter): Name = "P"; Value = ""; VariantName = "[No Variations]"
Add component (AddParameter): Name = "PN"; Value = ""; VariantName = "[No Variations]"
Add component (AddParameter): Name = "URL"; Value = ""; VariantName = "[No Variations]"
Added Component: Designator=R24(R_0603)
Add component (AddParameter): Name = "D"; Value = ""; VariantName = "[No Variations]"
Add component (AddParameter): Name = "MFR"; Value = ""; VariantName = "[No Variations]"
Add component (AddParameter): Name = "P"; Value = ""; VariantName = "[No Variations]"
Add component (AddParameter): Name = "PN"; Value = ""; VariantName = "[No Variations]"
Add component (AddParameter): Name = "URL"; Value = ""; VariantName = "[No Variations]"
Added Component: Designator=R25(R_0603)
Add component (AddParameter): Name = "D"; Value = ""; VariantName = "[No Variations]"
Add component (AddParameter): Name = "MFR"; Value = ""; VariantName = "[No Variations]"
Add component (AddParameter): Name = "P"; Value = ""; VariantName = "[No Variations]"
Add component (AddParameter): Name = "PN"; Value = ""; VariantName = "[No Variations]"
Add component (AddParameter): Name = "URL"; Value = ""; VariantName = "[No Variations]"
Added Component: Designator=R26(R_0603)
Add component (AddParameter): Name = "D"; Value = ""; VariantName = "[No Variations]"
Add component (AddParameter): Name = "MFR"; Value = ""; VariantName = "[No Variations]"
Add component (AddParameter): Name = "P"; Value = ""; VariantName = "[No Variations]"
Add component (AddParameter): Name = "PN"; Value = ""; VariantName = "[No Variations]"
Add component (AddParameter): Name = "URL"; Value = ""; VariantName = "[No Variations]"
Added Component: Designator=R27(R_0603)
Add component (AddParameter): Name = "D"; Value = ""; VariantName = "[No Variations]"
Add component (AddParameter): Name = "MFR"; Value = ""; VariantName = "[No Variations]"
Add component (AddParameter): Name = "P"; Value = ""; VariantName = "[No Variations]"
Add component (AddParameter): Name = "PN"; Value = ""; VariantName = "[No Variations]"
Add component (AddParameter): Name = "URL"; Value = ""; VariantName = "[No Variations]"
Added Component: Designator=R28(R_0603)
Add component (AddParameter): Name = "D"; Value = ""; VariantName = "[No Variations]"
Add component (AddParameter): Name = "MFR"; Value = ""; VariantName = "[No Variations]"
Add component (AddParameter): Name = "P"; Value = ""; VariantName = "[No Variations]"
Add component (AddParameter): Name = "PN"; Value = ""; VariantName = "[No Variations]"
Add component (AddParameter): Name = "URL"; Value = ""; VariantName = "[No Variations]"
Added Component: Designator=R29(R_0603)
Add component (AddParameter): Name = "D"; Value = ""; VariantName = "[No Variations]"
Add component (AddParameter): Name = "MFR"; Value = ""; VariantName = "[No Variations]"
Add component (AddParameter): Name = "P"; Value = ""; VariantName = "[No Variations]"
Add component (AddParameter): Name = "PN"; Value = ""; VariantName = "[No Variations]"
Add component (AddParameter): Name = "URL"; Value = ""; VariantName = "[No Variations]"
Added Component: Designator=R30(R_0603)
Add component (AddParameter): Name = "D"; Value = ""; VariantName = "[No Variations]"
Add component (AddParameter): Name = "MFR"; Value = ""; VariantName = "[No Variations]"
Add component (AddParameter): Name = "P"; Value = ""; VariantName = "[No Variations]"
Add component (AddParameter): Name = "PN"; Value = ""; VariantName = "[No Variations]"
Add component (AddParameter): Name = "URL"; Value = ""; VariantName = "[No Variations]"
Added Component: Designator=R31(R_0603)
Add component (AddParameter): Name = "D"; Value = ""; VariantName = "[No Variations]"
Add component (AddParameter): Name = "MFR"; Value = ""; VariantName = "[No Variations]"
Add component (AddParameter): Name = "P"; Value = ""; VariantName = "[No Variations]"
Add component (AddParameter): Name = "PN"; Value = ""; VariantName = "[No Variations]"
Add component (AddParameter): Name = "URL"; Value = ""; VariantName = "[No Variations]"
Added Component: Designator=R32(R_0603)
Add component (AddParameter): Name = "D"; Value = ""; VariantName = "[No Variations]"
Add component (AddParameter): Name = "MFR"; Value = ""; VariantName = "[No Variations]"
Add component (AddParameter): Name = "P"; Value = ""; VariantName = "[No Variations]"
Add component (AddParameter): Name = "PN"; Value = ""; VariantName = "[No Variations]"
Add component (AddParameter): Name = "URL"; Value = ""; VariantName = "[No Variations]"
Added Component: Designator=R33(R_0603)
Add component (AddParameter): Name = "D"; Value = ""; VariantName = "[No Variations]"
Add component (AddParameter): Name = "MFR"; Value = ""; VariantName = "[No Variations]"
Add component (AddParameter): Name = "P"; Value = ""; VariantName = "[No Variations]"
Add component (AddParameter): Name = "PN"; Value = ""; VariantName = "[No Variations]"
Add component (AddParameter): Name = "URL"; Value = ""; VariantName = "[No Variations]"
Added Component: Designator=R34(R_0603)
Add component (AddParameter): Name = "D"; Value = ""; VariantName = "[No Variations]"
Add component (AddParameter): Name = "MFR"; Value = ""; VariantName = "[No Variations]"
Add component (AddParameter): Name = "P"; Value = ""; VariantName = "[No Variations]"
Add component (AddParameter): Name = "PN"; Value = ""; VariantName = "[No Variations]"
Add component (AddParameter): Name = "URL"; Value = ""; VariantName = "[No Variations]"
Added Component: Designator=R35(R_0603)
Add component (AddParameter): Name = "D"; Value = ""; VariantName = "[No Variations]"
Add component (AddParameter): Name = "MFR"; Value = ""; VariantName = "[No Variations]"
Add component (AddParameter): Name = "P"; Value = ""; VariantName = "[No Variations]"
Add component (AddParameter): Name = "PN"; Value = ""; VariantName = "[No Variations]"
Add component (AddParameter): Name = "URL"; Value = ""; VariantName = "[No Variations]"
Added Component: Designator=R36(R_0603)
Add component (AddParameter): Name = "D"; Value = ""; VariantName = "[No Variations]"
Add component (AddParameter): Name = "MFR"; Value = ""; VariantName = "[No Variations]"
Add component (AddParameter): Name = "P"; Value = ""; VariantName = "[No Variations]"
Add component (AddParameter): Name = "PN"; Value = ""; VariantName = "[No Variations]"
Add component (AddParameter): Name = "URL"; Value = ""; VariantName = "[No Variations]"
Added Component: Designator=R37(R_0603)
Add component (AddParameter): Name = "D"; Value = ""; VariantName = "[No Variations]"
Add component (AddParameter): Name = "MFR"; Value = ""; VariantName = "[No Variations]"
Add component (AddParameter): Name = "P"; Value = ""; VariantName = "[No Variations]"
Add component (AddParameter): Name = "PN"; Value = ""; VariantName = "[No Variations]"
Add component (AddParameter): Name = "URL"; Value = ""; VariantName = "[No Variations]"
Added Component: Designator=R38(R_0603)
Add component (AddParameter): Name = "D"; Value = ""; VariantName = "[No Variations]"
Add component (AddParameter): Name = "MFR"; Value = ""; VariantName = "[No Variations]"
Add component (AddParameter): Name = "P"; Value = ""; VariantName = "[No Variations]"
Add component (AddParameter): Name = "PN"; Value = ""; VariantName = "[No Variations]"
Add component (AddParameter): Name = "URL"; Value = ""; VariantName = "[No Variations]"
Added Component: Designator=R39(R_0603)
Add component (AddParameter): Name = "D"; Value = ""; VariantName = "[No Variations]"
Add component (AddParameter): Name = "MFR"; Value = ""; VariantName = "[No Variations]"
Add component (AddParameter): Name = "P"; Value = ""; VariantName = "[No Variations]"
Add component (AddParameter): Name = "PN"; Value = ""; VariantName = "[No Variations]"
Add component (AddParameter): Name = "URL"; Value = ""; VariantName = "[No Variations]"
Added Component: Designator=R40A(R_0603)
Add component (AddParameter): Name = "D"; Value = ""; VariantName = "[No Variations]"
Add component (AddParameter): Name = "MFR"; Value = ""; VariantName = "[No Variations]"
Add component (AddParameter): Name = "P"; Value = ""; VariantName = "[No Variations]"
Add component (AddParameter): Name = "PN"; Value = ""; VariantName = "[No Variations]"
Add component (AddParameter): Name = "URL"; Value = ""; VariantName = "[No Variations]"
Added Component: Designator=R40B(R_0603)
Add component (AddParameter): Name = "D"; Value = ""; VariantName = "[No Variations]"
Add component (AddParameter): Name = "MFR"; Value = ""; VariantName = "[No Variations]"
Add component (AddParameter): Name = "P"; Value = ""; VariantName = "[No Variations]"
Add component (AddParameter): Name = "PN"; Value = ""; VariantName = "[No Variations]"
Add component (AddParameter): Name = "URL"; Value = ""; VariantName = "[No Variations]"
Added Component: Designator=REG1(SOT-223)
Add component (AddParameter): Name = "D"; Value = "LDO Voltage Regulators 5.0V 1A Positive"; VariantName = "[No Variations]"
Add component (AddParameter): Name = "MFR"; Value = "onsemi"; VariantName = "[No Variations]"
Add component (AddParameter): Name = "P"; Value = "SOT-223-3"; VariantName = "[No Variations]"
Add component (AddParameter): Name = "PN"; Value = "NCP1117ST50T3G"; VariantName = "[No Variations]"
Add component (AddParameter): Name = "URL"; Value = "https://www.mouser.in/ProductDetail/onsemi/NCP1117ST50T3G?qs=Gev%252BmEvV0ib6dijy6U0dhQ%3D%3D"; VariantName = "[No Variations]"
Added Component: Designator=REG2(SOT-223)
Add component (AddParameter): Name = "D"; Value = "LDO Voltage Regulators 5.0V 1A Positive"; VariantName = "[No Variations]"
Add component (AddParameter): Name = "MFR"; Value = "onsemi"; VariantName = "[No Variations]"
Add component (AddParameter): Name = "P"; Value = "SOT-223-3"; VariantName = "[No Variations]"
Add component (AddParameter): Name = "PN"; Value = "NCP1117ST50T3G"; VariantName = "[No Variations]"
Add component (AddParameter): Name = "URL"; Value = "https://www.mouser.in/ProductDetail/onsemi/NCP1117ST50T3G?qs=Gev%252BmEvV0ib6dijy6U0dhQ%3D%3D"; VariantName = "[No Variations]"
Added Component: Designator=SW2(PTS636 SM43J SMTR LFS)
Add component (AddParameter): Name = "D"; Value = "Tactile Switches Tact 50mA 12VDC, 6.0x3.5, 4.3mm H, 180gf, J leads, No ground pin, Black Actuator"; VariantName = "[No Variations]"
Add component (AddParameter): Name = "MFR"; Value = "C&K"; VariantName = "[No Variations]"
Add component (AddParameter): Name = "P"; Value = ""; VariantName = "[No Variations]"
Add component (AddParameter): Name = "PN"; Value = "PTS636 SM43J SMTR LFS"; VariantName = "[No Variations]"
Add component (AddParameter): Name = "URL"; Value = "https://www.mouser.in/ProductDetail/CK/PTS636-SM43J-SMTR-LFS?qs=vLWxofP3U2wboJ6ciMafNg%3D%3D"; VariantName = "[No Variations]"
Added Component: Designator=SW3(PTS636 SM43J SMTR LFS)
Add component (AddParameter): Name = "D"; Value = "Tactile Switches Tact 50mA 12VDC, 6.0x3.5, 4.3mm H, 180gf, J leads, No ground pin, Black Actuator"; VariantName = "[No Variations]"
Add component (AddParameter): Name = "MFR"; Value = "C&K"; VariantName = "[No Variations]"
Add component (AddParameter): Name = "P"; Value = ""; VariantName = "[No Variations]"
Add component (AddParameter): Name = "PN"; Value = "PTS636 SM43J SMTR LFS"; VariantName = "[No Variations]"
Add component (AddParameter): Name = "URL"; Value = "https://www.mouser.in/ProductDetail/CK/PTS636-SM43J-SMTR-LFS?qs=vLWxofP3U2wboJ6ciMafNg%3D%3D"; VariantName = "[No Variations]"
Added Component: Designator=U2(SOT-23-6)
Add component (AddParameter): Name = "D"; Value = "Switching Voltage Regulators DCDC Conv HV Buck TSOT26 T&R 3K"; VariantName = "[No Variations]"
Add component (AddParameter): Name = "MFR"; Value = "Diodes Incorporated"; VariantName = "[No Variations]"
Add component (AddParameter): Name = "P"; Value = "TSOT26"; VariantName = "[No Variations]"
Add component (AddParameter): Name = "PN"; Value = "AP63301WU-7"; VariantName = "[No Variations]"
Add component (AddParameter): Name = "URL"; Value = "https://www.mouser.in/ProductDetail/Diodes-Incorporated/AP63301WU-7?qs=bZr6mbWTK5mxozg17S0lNg%3D%3D"; VariantName = "[No Variations]"
Added Component: Designator=U3(SOIC-8)
Add component (AddParameter): Name = "D"; Value = "Timers & Support Products Automotive Grade Precision Timer"; VariantName = "[No Variations]"
Add component (AddParameter): Name = "MFR"; Value = "Diodes Incorporated"; VariantName = "[No Variations]"
Add component (AddParameter): Name = "P"; Value = "SOIC-8"; VariantName = "[No Variations]"
Add component (AddParameter): Name = "PN"; Value = "SE555QS-13"; VariantName = "[No Variations]"
Add component (AddParameter): Name = "URL"; Value = "https://www.mouser.in/ProductDetail/Diodes-Incorporated/SE555QS-13?qs=MHUP4w%2FlnDyIUxZVHd9p8w%3D%3D"; VariantName = "[No Variations]"
Added Component: Designator=U4(ESP32-WROVER-IE)
Add component (AddParameter): Name = "D"; Value = "Multiprotocol Modules SMD Module ESP32-WROVER-IE, ESP32-D0WD-V3, 3.3V 64Mbit PSRAM, 16 MB SPI flash, IPEX connector"; VariantName = "[No Variations]"
Add component (AddParameter): Name = "MFR"; Value = "Espressif Systems"; VariantName = "[No Variations]"
Add component (AddParameter): Name = "P"; Value = ""; VariantName = "[No Variations]"
Add component (AddParameter): Name = "PN"; Value = "ESP32-WROVER-IE-N16R8"; VariantName = "[No Variations]"
Add component (AddParameter): Name = "URL"; Value = "https://www.mouser.in/ProductDetail/Espressif-Systems/ESP32-WROVER-IE-N16R8?qs=sGAEpiMZZMu3sxpa5v1qrkR%2F6t0IkXq8TEHvlzz2yS8%3D"; VariantName = "[No Variations]"
Added Component: Designator=U5(SSCMANN010BA2A3)
Add component (AddParameter): Name = "D"; Value = "Board Mount Pressure Sensors"; VariantName = "[No Variations]"
Add component (AddParameter): Name = "MFR"; Value = "HONEYWELL"; VariantName = "[No Variations]"
Add component (AddParameter): Name = "PN"; Value = "SSCMANN010BA2A3"; VariantName = "[No Variations]"
Add component (AddParameter): Name = "URL"; Value = "https://www.mouser.in/ProductDetail/Honeywell/SSCMANN010BA2A3?qs=V2VaM7qhK8cLhmuNijeOKA%3D%3D"; VariantName = "[No Variations]"
Added Pin To Net: NetName=3.3V Pin=R13-2
Added Pin To Net: NetName=3.3V Pin=R14-2
Added Pin To Net: NetName=3.3V Pin=U5-2
Added Net: Name=3.3V
Added Pin To Net: NetName=5V Pin=C22-2
Added Pin To Net: NetName=5V Pin=C23-2
Added Pin To Net: NetName=5V Pin=C24-2
Added Pin To Net: NetName=5V Pin=C25-2
Added Pin To Net: NetName=5V Pin=C26-2
Added Pin To Net: NetName=5V Pin=C27-2
Added Pin To Net: NetName=5V Pin=L3-1
Added Pin To Net: NetName=5V Pin=L4-1
Added Pin To Net: NetName=5V Pin=L5-1
Added Pin To Net: NetName=5V Pin=L6-1
Added Pin To Net: NetName=5V Pin=L7-1
Added Pin To Net: NetName=5V Pin=L8-1
Added Pin To Net: NetName=5V Pin=REG1-2
Added Pin To Net: NetName=5V Pin=REG1-4
Added Pin To Net: NetName=5V Pin=U3-4
Added Pin To Net: NetName=5V Pin=U3-8
Added Net: Name=5V
Added Pin To Net: NetName=12V_OUT Pin=D6A-C
Added Pin To Net: NetName=12V_OUT Pin=D6B-C
Added Pin To Net: NetName=12V_OUT Pin=REG2-2
Added Pin To Net: NetName=12V_OUT Pin=REG2-4
Added Net: Name=12V_OUT
Added Pin To Net: NetName=ADDR1 Pin=R11-1
Added Pin To Net: NetName=ADDR1 Pin=U1-12
Added Net: Name=ADDR1
Added Pin To Net: NetName=ADDR2 Pin=R12-1
Added Pin To Net: NetName=ADDR2 Pin=U1-13
Added Net: Name=ADDR2
Added Net: Name=BAT_OUT
Added Pin To Net: NetName=CC1 Pin=CON1-B5
Added Pin To Net: NetName=CC1 Pin=D4-1
Added Pin To Net: NetName=CC1 Pin=U1-1
Added Pin To Net: NetName=CC1 Pin=U1-2
Added Net: Name=CC1
Added Pin To Net: NetName=CC2 Pin=CON1-A5
Added Pin To Net: NetName=CC2 Pin=D4-2
Added Pin To Net: NetName=CC2 Pin=U1-4
Added Pin To Net: NetName=CC2 Pin=U1-5
Added Net: Name=CC2
Added Pin To Net: NetName=DIFF_OUT Pin=IR1-A
Added Pin To Net: NetName=DIFF_OUT Pin=R31-2
Added Net: Name=DIFF_OUT
Added Pin To Net: NetName=DTR Pin=Q13-2
Added Pin To Net: NetName=DTR Pin=R37-2
Added Net: Name=DTR
Added Pin To Net: NetName=ESP_EN Pin=C19-2
Added Pin To Net: NetName=ESP_EN Pin=C21-2
Added Pin To Net: NetName=ESP_EN Pin=Q12-3
Added Pin To Net: NetName=ESP_EN Pin=R39-1
Added Pin To Net: NetName=ESP_EN Pin=SW3-1
Added Pin To Net: NetName=ESP_EN Pin=U4-3
Added Net: Name=ESP_EN
Added Pin To Net: NetName=ESP_IO0 Pin=U4-25
Added Net: Name=ESP_IO0
Added Pin To Net: NetName=ESP_IO1 Pin=C20-2
Added Pin To Net: NetName=ESP_IO1 Pin=Q13-3
Added Pin To Net: NetName=ESP_IO1 Pin=SW2-1
Added Net: Name=ESP_IO1
Added Pin To Net: NetName=GND Pin=C1-1
Added Pin To Net: NetName=GND Pin=C18-1
Added Pin To Net: NetName=GND Pin=C19-1
Added Pin To Net: NetName=GND Pin=C20-1
Added Pin To Net: NetName=GND Pin=C21-1
Added Pin To Net: NetName=GND Pin=C22-1
Added Pin To Net: NetName=GND Pin=C23-1
Added Pin To Net: NetName=GND Pin=C24-1
Added Pin To Net: NetName=GND Pin=C25-1
Added Pin To Net: NetName=GND Pin=C26-1
Added Pin To Net: NetName=GND Pin=C27-1
Added Pin To Net: NetName=GND Pin=CON1-A12
Added Pin To Net: NetName=GND Pin=CON1-B12
Added Pin To Net: NetName=GND Pin=CON2-4
Added Pin To Net: NetName=GND Pin=D1-3
Added Pin To Net: NetName=GND Pin=D3-3
Added Pin To Net: NetName=GND Pin=D4-3
Added Pin To Net: NetName=GND Pin=L3-3
Added Pin To Net: NetName=GND Pin=L4-3
Added Pin To Net: NetName=GND Pin=L5-3
Added Pin To Net: NetName=GND Pin=L6-3
Added Pin To Net: NetName=GND Pin=L7-3
Added Pin To Net: NetName=GND Pin=L8-3
Added Pin To Net: NetName=GND Pin=Q2A-3
Added Pin To Net: NetName=GND Pin=Q2B-3
Added Pin To Net: NetName=GND Pin=Q4-2
Added Pin To Net: NetName=GND Pin=Q6-2
Added Pin To Net: NetName=GND Pin=Q8-2
Added Pin To Net: NetName=GND Pin=Q9-2
Added Pin To Net: NetName=GND Pin=Q11-3
Added Pin To Net: NetName=GND Pin=Q14A-3
Added Pin To Net: NetName=GND Pin=Q14B-3
Added Pin To Net: NetName=GND Pin=R5-1
Added Pin To Net: NetName=GND Pin=R10-1
Added Pin To Net: NetName=GND Pin=R16A-1
Added Pin To Net: NetName=GND Pin=R16B-1
Added Pin To Net: NetName=GND Pin=R21-1
Added Pin To Net: NetName=GND Pin=R22-1
Added Pin To Net: NetName=GND Pin=R25-1
Added Pin To Net: NetName=GND Pin=R30-1
Added Pin To Net: NetName=GND Pin=R33-1
Added Pin To Net: NetName=GND Pin=R35-1
Added Pin To Net: NetName=GND Pin=REG1-1
Added Pin To Net: NetName=GND Pin=REG2-1
Added Pin To Net: NetName=GND Pin=SW2-2
Added Pin To Net: NetName=GND Pin=SW3-2
Added Pin To Net: NetName=GND Pin=U1-10
Added Pin To Net: NetName=GND Pin=U1-25
Added Pin To Net: NetName=GND Pin=U2-4
Added Pin To Net: NetName=GND Pin=U4-1
Added Pin To Net: NetName=GND Pin=U4-15
Added Pin To Net: NetName=GND Pin=U4-38
Added Pin To Net: NetName=GND Pin=U4-39
Added Pin To Net: NetName=GND Pin=U4-39
Added Pin To Net: NetName=GND Pin=U4-39
Added Pin To Net: NetName=GND Pin=U4-39
Added Pin To Net: NetName=GND Pin=U4-39
Added Pin To Net: NetName=GND Pin=U4-39
Added Pin To Net: NetName=GND Pin=U4-39
Added Pin To Net: NetName=GND Pin=U4-39
Added Pin To Net: NetName=GND Pin=U4-39
Added Pin To Net: NetName=GND Pin=U5-1
Added Net: Name=GND
Added Pin To Net: NetName=HEATER_EN_1 Pin=R15B-1
Added Pin To Net: NetName=HEATER_EN_1 Pin=U4-12
Added Net: Name=HEATER_EN_1
Added Pin To Net: NetName=HEATER_EN_2 Pin=R15A-1
Added Pin To Net: NetName=HEATER_EN_2 Pin=U4-11
Added Net: Name=HEATER_EN_2
Added Pin To Net: NetName=HUM_EN Pin=R36-1
Added Pin To Net: NetName=HUM_EN Pin=U4-8
Added Net: Name=HUM_EN
Added Pin To Net: NetName=LED_DATA Pin=L3-4
Added Net: Name=LED_DATA
Added Pin To Net: NetName=LIQUID_SENSE Pin=IR1-E
Added Pin To Net: NetName=LIQUID_SENSE Pin=R35-2
Added Pin To Net: NetName=LIQUID_SENSE Pin=U4-9
Added Net: Name=LIQUID_SENSE
Added Pin To Net: NetName=NetC2_1 Pin=R3-1
Added Net: Name=NetC2_1
Added Pin To Net: NetName=NetC2_2 Pin=D1-2
Added Pin To Net: NetName=NetC2_2 Pin=R2-2
Added Net: Name=NetC2_2
Added Pin To Net: NetName=NetC3_2 Pin=D2-A
Added Pin To Net: NetName=NetC3_2 Pin=U1-23
Added Net: Name=NetC3_2
Added Pin To Net: NetName=NetC4_2 Pin=U1-21
Added Net: Name=NetC4_2
Added Pin To Net: NetName=NetC5_1 Pin=U2-6
Added Net: Name=NetC5_1
Added Pin To Net: NetName=NetC5_2 Pin=U2-5
Added Net: Name=NetC5_2
Added Pin To Net: NetName=NetC6_1 Pin=R29-1
Added Pin To Net: NetName=NetC6_1 Pin=R30-2
Added Pin To Net: NetName=NetC6_1 Pin=U2-1
Added Net: Name=NetC6_1
Added Pin To Net: NetName=NetC6_2 Pin=R29-2
Added Net: Name=NetC6_2
Added Pin To Net: NetName=NetC7_2 Pin=U2-2
Added Pin To Net: NetName=NetC7_2 Pin=U2-3
Added Net: Name=NetC7_2
Added Net: Name=NetC14_1
Added Pin To Net: NetName=NetC14_2 Pin=Q10-1
Added Net: Name=NetC14_2
Added Pin To Net: NetName=NetC15_2 Pin=Q10-3
Added Pin To Net: NetName=NetC15_2 Pin=Q11-1
Added Pin To Net: NetName=NetC15_2 Pin=R34-1
Added Pin To Net: NetName=NetC15_2 Pin=U3-1
Added Net: Name=NetC15_2
Added Pin To Net: NetName=NetC16_2 Pin=U3-2
Added Pin To Net: NetName=NetC16_2 Pin=U3-6
Added Net: Name=NetC16_2
Added Pin To Net: NetName=NetC17_2 Pin=U3-5
Added Net: Name=NetC17_2
Added Pin To Net: NetName=NetC18_2 Pin=C18-2
Added Pin To Net: NetName=NetC18_2 Pin=R39-2
Added Pin To Net: NetName=NetC18_2 Pin=U4-2
Added Net: Name=NetC18_2
Added Pin To Net: NetName=NetCON1_S1 Pin=CON1-S1
Added Pin To Net: NetName=NetCON1_S1 Pin=CON1-S2
Added Pin To Net: NetName=NetCON1_S1 Pin=CON1-S3
Added Pin To Net: NetName=NetCON1_S1 Pin=CON1-S4
Added Net: Name=NetCON1_S1
Added Pin To Net: NetName=NetCON2_1 Pin=CON2-1
Added Net: Name=NetCON2_1
Added Pin To Net: NetName=NetCON3A_2 Pin=D5A-A
Added Pin To Net: NetName=NetCON3A_2 Pin=Q2A-1
Added Net: Name=NetCON3A_2
Added Pin To Net: NetName=NetCON3B_2 Pin=D5B-A
Added Pin To Net: NetName=NetCON3B_2 Pin=Q2B-1
Added Net: Name=NetCON3B_2
Added Pin To Net: NetName=NetCON4A_2 Pin=D6A-A
Added Pin To Net: NetName=NetCON4A_2 Pin=Q14A-1
Added Net: Name=NetCON4A_2
Added Pin To Net: NetName=NetCON4B_2 Pin=D6B-A
Added Pin To Net: NetName=NetCON4B_2 Pin=Q14B-1
Added Net: Name=NetCON4B_2
Added Pin To Net: NetName=NetIR1_CATH Pin=IR1-CATH
Added Pin To Net: NetName=NetIR1_CATH Pin=R33-2
Added Net: Name=NetIR1_CATH
Added Pin To Net: NetName=NetIR1_COLL Pin=IR1-COLL
Added Pin To Net: NetName=NetIR1_COLL Pin=R31-1
Added Net: Name=NetIR1_COLL
Added Pin To Net: NetName=NetJ1_1 Pin=Q3-1
Added Pin To Net: NetName=NetJ1_1 Pin=Q3-2
Added Pin To Net: NetName=NetJ1_1 Pin=Q3-3
Added Pin To Net: NetName=NetJ1_1 Pin=Q5-1
Added Pin To Net: NetName=NetJ1_1 Pin=Q5-2
Added Pin To Net: NetName=NetJ1_1 Pin=Q5-3
Added Pin To Net: NetName=NetJ1_1 Pin=R17-2
Added Pin To Net: NetName=NetJ1_1 Pin=R18-2
Added Pin To Net: NetName=NetJ1_1 Pin=R23-2
Added Pin To Net: NetName=NetJ1_1 Pin=R27-2
Added Net: Name=NetJ1_1
Added Pin To Net: NetName=NetJ2_1 Pin=R5-2
Added Net: Name=NetJ2_1
Added Pin To Net: NetName=NetJ3_0 Pin=U1-22
Added Net: Name=NetJ3_0
Added Pin To Net: NetName=NetJ4_0 Pin=U1-15
Added Net: Name=NetJ4_0
Added Pin To Net: NetName=NetJ7_1 Pin=Q5-5
Added Pin To Net: NetName=NetJ7_1 Pin=Q5-6
Added Pin To Net: NetName=NetJ7_1 Pin=Q5-7
Added Pin To Net: NetName=NetJ7_1 Pin=Q5-8
Added Net: Name=NetJ7_1
Added Pin To Net: NetName=NetL3_2 Pin=L3-2
Added Pin To Net: NetName=NetL3_2 Pin=L4-4
Added Net: Name=NetL3_2
Added Pin To Net: NetName=NetL4_2 Pin=L4-2
Added Pin To Net: NetName=NetL4_2 Pin=L5-4
Added Net: Name=NetL4_2
Added Pin To Net: NetName=NetL5_2 Pin=L5-2
Added Pin To Net: NetName=NetL5_2 Pin=L6-4
Added Net: Name=NetL5_2
Added Pin To Net: NetName=NetL6_2 Pin=L6-2
Added Pin To Net: NetName=NetL6_2 Pin=L7-4
Added Net: Name=NetL6_2
Added Pin To Net: NetName=NetL7_2 Pin=L7-2
Added Pin To Net: NetName=NetL7_2 Pin=L8-4
Added Net: Name=NetL7_2
Added Pin To Net: NetName=NetLED1_A Pin=LED1-A
Added Pin To Net: NetName=NetLED1_A Pin=R7-1
Added Net: Name=NetLED1_A
Added Pin To Net: NetName=NetLED2_A Pin=LED2-A
Added Pin To Net: NetName=NetLED2_A Pin=R8-1
Added Net: Name=NetLED2_A
Added Pin To Net: NetName=NetLED2_K Pin=LED2-K
Added Pin To Net: NetName=NetLED2_K Pin=U1-14
Added Net: Name=NetLED2_K
Added Pin To Net: NetName=NetLED3_A Pin=LED3-A
Added Pin To Net: NetName=NetLED3_A Pin=R9-1
Added Net: Name=NetLED3_A
Added Pin To Net: NetName=NetLED3_K Pin=LED3-K
Added Net: Name=NetLED3_K
Added Pin To Net: NetName=NetPOT1_3 Pin=R32-2
Added Pin To Net: NetName=NetPOT1_3 Pin=U3-3
Added Net: Name=NetPOT1_3
Added Pin To Net: NetName=NetQ1_3 Pin=R1-1
Added Pin To Net: NetName=NetQ1_3 Pin=R3-2
Added Pin To Net: NetName=NetQ1_3 Pin=R4-2
Added Net: Name=NetQ1_3
Added Pin To Net: NetName=NetQ2A_2 Pin=Q2A-2
Added Pin To Net: NetName=NetQ2A_2 Pin=R15A-2
Added Net: Name=NetQ2A_2
Added Pin To Net: NetName=NetQ2B_2 Pin=Q2B-2
Added Pin To Net: NetName=NetQ2B_2 Pin=R15B-2
Added Net: Name=NetQ2B_2
Added Pin To Net: NetName=NetQ3_4 Pin=Q3-4
Added Pin To Net: NetName=NetQ3_4 Pin=Q4-3
Added Pin To Net: NetName=NetQ3_4 Pin=R17-1
Added Net: Name=NetQ3_4
Added Pin To Net: NetName=NetQ4_1 Pin=Q4-1
Added Pin To Net: NetName=NetQ4_1 Pin=R20-1
Added Net: Name=NetQ4_1
Added Pin To Net: NetName=NetQ5_4 Pin=Q5-4
Added Pin To Net: NetName=NetQ5_4 Pin=Q6-3
Added Pin To Net: NetName=NetQ5_4 Pin=R23-1
Added Net: Name=NetQ5_4
Added Pin To Net: NetName=NetQ6_1 Pin=Q6-1
Added Pin To Net: NetName=NetQ6_1 Pin=R24-1
Added Net: Name=NetQ6_1
Added Pin To Net: NetName=NetQ7_1 Pin=Q7-1
Added Pin To Net: NetName=NetQ7_1 Pin=Q7-2
Added Pin To Net: NetName=NetQ7_1 Pin=Q7-3
Added Pin To Net: NetName=NetQ7_1 Pin=R26-2
Added Net: Name=NetQ7_1
Added Pin To Net: NetName=NetQ7_4 Pin=Q7-4
Added Pin To Net: NetName=NetQ7_4 Pin=Q8-3
Added Pin To Net: NetName=NetQ7_4 Pin=R26-1
Added Net: Name=NetQ7_4
Added Pin To Net: NetName=NetQ8_1 Pin=Q8-1
Added Pin To Net: NetName=NetQ8_1 Pin=Q9-3
Added Pin To Net: NetName=NetQ8_1 Pin=R27-1
Added Net: Name=NetQ8_1
Added Pin To Net: NetName=NetQ9_1 Pin=Q9-1
Added Pin To Net: NetName=NetQ9_1 Pin=R28-1
Added Net: Name=NetQ9_1
Added Pin To Net: NetName=NetQ10_2 Pin=Q10-2
Added Pin To Net: NetName=NetQ10_2 Pin=R32-1
Added Pin To Net: NetName=NetQ10_2 Pin=R34-2
Added Net: Name=NetQ10_2
Added Pin To Net: NetName=NetQ11_2 Pin=Q11-2
Added Pin To Net: NetName=NetQ11_2 Pin=R36-2
Added Net: Name=NetQ11_2
Added Pin To Net: NetName=NetQ12_1 Pin=Q12-1
Added Pin To Net: NetName=NetQ12_1 Pin=R37-1
Added Net: Name=NetQ12_1
Added Pin To Net: NetName=NetQ13_1 Pin=Q13-1
Added Pin To Net: NetName=NetQ13_1 Pin=R38-1
Added Net: Name=NetQ13_1
Added Pin To Net: NetName=NetQ14A_2 Pin=Q14A-2
Added Pin To Net: NetName=NetQ14A_2 Pin=R40A-2
Added Net: Name=NetQ14A_2
Added Pin To Net: NetName=NetQ14B_2 Pin=Q14B-2
Added Pin To Net: NetName=NetQ14B_2 Pin=R40B-2
Added Net: Name=NetQ14B_2
Added Pin To Net: NetName=NetR2_1 Pin=R2-1
Added Pin To Net: NetName=NetR2_1 Pin=U1-9
Added Net: Name=NetR2_1
Added Pin To Net: NetName=NetR4_1 Pin=R4-1
Added Pin To Net: NetName=NetR4_1 Pin=U1-16
Added Net: Name=NetR4_1
Added Pin To Net: NetName=NetR6_1 Pin=R6-1
Added Pin To Net: NetName=NetR6_1 Pin=U1-18
Added Net: Name=NetR6_1
Added Pin To Net: NetName=NetR10_2 Pin=R10-2
Added Pin To Net: NetName=NetR10_2 Pin=U1-6
Added Net: Name=NetR10_2
Added Pin To Net: NetName=NetR18_1 Pin=R18-1
Added Pin To Net: NetName=NetR18_1 Pin=R21-2
Added Net: Name=NetR18_1
Added Pin To Net: NetName=NetR19_1 Pin=R19-1
Added Pin To Net: NetName=NetR19_1 Pin=R22-2
Added Net: Name=NetR19_1
Added Pin To Net: NetName=NetR40A_1 Pin=R40A-1
Added Net: Name=NetR40A_1
Added Pin To Net: NetName=NetR40B_1 Pin=R40B-1
Added Net: Name=NetR40B_1
Added Pin To Net: NetName=NetU1_8 Pin=U1-8
Added Net: Name=NetU1_8
Added Pin To Net: NetName=NetU1_19 Pin=U1-19
Added Net: Name=NetU1_19
Added Pin To Net: NetName=NetU1_20 Pin=U1-20
Added Net: Name=NetU1_20
Added Pin To Net: NetName=NetU4_6 Pin=U4-6
Added Net: Name=NetU4_6
Added Pin To Net: NetName=NetU4_7 Pin=U4-7
Added Net: Name=NetU4_7
Added Pin To Net: NetName=NetU4_10 Pin=U4-10
Added Net: Name=NetU4_10
Added Pin To Net: NetName=NetU4_13 Pin=U4-13
Added Net: Name=NetU4_13
Added Pin To Net: NetName=NetU4_23 Pin=U4-23
Added Net: Name=NetU4_23
Added Pin To Net: NetName=NetU4_30 Pin=U4-30
Added Net: Name=NetU4_30
Added Pin To Net: NetName=NetU4_31 Pin=U4-31
Added Net: Name=NetU4_31
Added Pin To Net: NetName=NetU4_37 Pin=U4-37
Added Net: Name=NetU4_37
Added Pin To Net: NetName=PWR_OUT Pin=D5A-C
Added Pin To Net: NetName=PWR_OUT Pin=D5B-C
Added Pin To Net: NetName=PWR_OUT Pin=Q3-5
Added Pin To Net: NetName=PWR_OUT Pin=Q3-6
Added Pin To Net: NetName=PWR_OUT Pin=Q3-7
Added Pin To Net: NetName=PWR_OUT Pin=Q3-8
Added Pin To Net: NetName=PWR_OUT Pin=Q7-5
Added Pin To Net: NetName=PWR_OUT Pin=Q7-6
Added Pin To Net: NetName=PWR_OUT Pin=Q7-7
Added Pin To Net: NetName=PWR_OUT Pin=Q7-8
Added Pin To Net: NetName=PWR_OUT Pin=R19-2
Added Pin To Net: NetName=PWR_OUT Pin=REG1-3
Added Pin To Net: NetName=PWR_OUT Pin=REG2-3
Added Net: Name=PWR_OUT
Added Pin To Net: NetName=PWR_SW Pin=R20-2
Added Pin To Net: NetName=PWR_SW Pin=R24-2
Added Pin To Net: NetName=PWR_SW Pin=R25-2
Added Pin To Net: NetName=PWR_SW Pin=R28-2
Added Net: Name=PWR_SW
Added Pin To Net: NetName=RTS Pin=Q12-2
Added Pin To Net: NetName=RTS Pin=R38-2
Added Net: Name=RTS
Added Pin To Net: NetName=RXD0 Pin=U4-34
Added Net: Name=RXD0
Added Pin To Net: NetName=SCL Pin=CON2-3
Added Pin To Net: NetName=SCL Pin=LED1-K
Added Pin To Net: NetName=SCL Pin=R13-1
Added Pin To Net: NetName=SCL Pin=U4-36
Added Pin To Net: NetName=SCL Pin=U5-4
Added Net: Name=SCL
Added Pin To Net: NetName=SDA Pin=CON2-2
Added Pin To Net: NetName=SDA Pin=R14-1
Added Pin To Net: NetName=SDA Pin=U1-7
Added Pin To Net: NetName=SDA Pin=U4-33
Added Pin To Net: NetName=SDA Pin=U5-3
Added Net: Name=SDA
Added Pin To Net: NetName=TEMP_SENS_1 Pin=R16B-2
Added Pin To Net: NetName=TEMP_SENS_1 Pin=U4-4
Added Net: Name=TEMP_SENS_1
Added Pin To Net: NetName=TEMP_SENS_2 Pin=R16A-2
Added Pin To Net: NetName=TEMP_SENS_2 Pin=U4-5
Added Net: Name=TEMP_SENS_2
Added Pin To Net: NetName=TXD0 Pin=U4-35
Added Net: Name=TXD0
Added Pin To Net: NetName=VDD Pin=D2-C
Added Pin To Net: NetName=VDD Pin=R7-2
Added Pin To Net: NetName=VDD Pin=R8-2
Added Pin To Net: NetName=VDD Pin=R9-2
Added Pin To Net: NetName=VDD Pin=R11-2
Added Pin To Net: NetName=VDD Pin=R12-2
Added Net: Name=VDD
Added Pin To Net: NetName=VUSB Pin=C1-2
Added Pin To Net: NetName=VUSB Pin=CON1-A9
Added Pin To Net: NetName=VUSB Pin=CON1-B9
Added Pin To Net: NetName=VUSB Pin=D3-2
Added Pin To Net: NetName=VUSB Pin=R1-2
Added Pin To Net: NetName=VUSB Pin=R6-2
Added Pin To Net: NetName=VUSB Pin=U1-24
Added Net: Name=VUSB
Change Class Name : Old Net Name=1.USB_Power_Delivery New Net Name=U_1.USB_Power_Delivery
Added Class: Name=Air_pressure Sensor
Added Class: Name=Battery.SchDoc
Added Class: Name=ESP32
Added Class: Name=Fan1
Added Class: Name=Fan2
Added Class: Name=Humidifier
Added Class: Name=Main
Added Class: Name=Power_switching
Added Class: Name=RGB_LED
Added Class: Name=U_2.Connectors
Added Class: Name=U_3.Heater_and_Temperature_sensor1
Added Class: Name=U_3.Heater_and_Temperature_sensor2
Added Class: Name=Voltage_regulators
Added Class: Name=3.Heater_and_Temperature_sensor
Added Class: Name=9.Fan
Added Member To Class: ClassName=U_1.USB_Power_Delivery Member=Component D1 ESDA25L
Added Member To Class: ClassName=U_1.USB_Power_Delivery Member=Component D2 BAT60A
Added Member To Class: ClassName=U_1.USB_Power_Delivery Member=Component D3 ESDA25L
Added Member To Class: ClassName=U_1.USB_Power_Delivery Member=Component D4 ESDA25L
Added Member To Class: ClassName=U_1.USB_Power_Delivery Member=Component LED1 GPIO
Added Member To Class: ClassName=U_1.USB_Power_Delivery Member=Component LED2 POWER_PD02
Added Member To Class: ClassName=U_1.USB_Power_Delivery Member=Component LED3 POWER_PD02
Added Member To Class: ClassName=U_1.USB_Power_Delivery Member=Component R2 1K
Added Member To Class: ClassName=U_1.USB_Power_Delivery Member=Component R3 100
Added Member To Class: ClassName=U_1.USB_Power_Delivery Member=Component R4 22K
Added Member To Class: ClassName=U_1.USB_Power_Delivery Member=Component R5 1K
Added Member To Class: ClassName=U_1.USB_Power_Delivery Member=Component R6 1K
Added Member To Class: ClassName=U_1.USB_Power_Delivery Member=Component R7 1K
Added Member To Class: ClassName=U_1.USB_Power_Delivery Member=Component R8 1K
Added Member To Class: ClassName=U_1.USB_Power_Delivery Member=Component R9 1K
Added Member To Class: ClassName=U_1.USB_Power_Delivery Member=Component R10 100K
Added Member To Class: ClassName=U_1.USB_Power_Delivery Member=Component R11 1K
Added Member To Class: ClassName=U_1.USB_Power_Delivery Member=Component R12 1K
Added Room: Name=Air_pressure Sensor
Added Room: Name=Battery.SchDoc
Added Room: Name=ESP32
Added Room: Name=Fan1
Added Room: Name=Fan2
Added Room: Name=Humidifier
Added Room: Name=Main
Added Room: Name=Power_switching
Added Room: Name=RGB_LED
Added Room: Name=U_1.USB_Power_Delivery
Added Room: Name=U_2.Connectors
Added Room: Name=U_3.Heater_and_Temperature_sensor1
Added Room: Name=U_3.Heater_and_Temperature_sensor2
Added Room: Name=Voltage_regulators
