Added Component: Designator=BAT1(2P5mm_PITCH_COM)
Added Component: Designator=C1(C_0603)
Add component (AddParameter): Name = "D"; Value = ""; VariantName = "[No Variations]"
Add component (AddParameter): Name = "MFR"; Value = ""; VariantName = "[No Variations]"
Add component (AddParameter): Name = "P"; Value = ""; VariantName = "[No Variations]"
Add component (AddParameter): Name = "PN"; Value = ""; VariantName = "[No Variations]"
Add component (AddParameter): Name = "URL"; Value = ""; VariantName = "[No Variations]"
Added Component: Designator=C2(C_0603)
Add component (AddParameter): Name = "D"; Value = ""; VariantName = "[No Variations]"
Add component (AddParameter): Name = "MFR"; Value = ""; VariantName = "[No Variations]"
Add component (AddParameter): Name = "P"; Value = ""; VariantName = "[No Variations]"
Add component (AddParameter): Name = "PN"; Value = ""; VariantName = "[No Variations]"
Add component (AddParameter): Name = "URL"; Value = ""; VariantName = "[No Variations]"
Added Component: Designator=C3(C_0603)
Add component (AddParameter): Name = "D"; Value = ""; VariantName = "[No Variations]"
Add component (AddParameter): Name = "MFR"; Value = ""; VariantName = "[No Variations]"
Add component (AddParameter): Name = "P"; Value = ""; VariantName = "[No Variations]"
Add component (AddParameter): Name = "PN"; Value = ""; VariantName = "[No Variations]"
Add component (AddParameter): Name = "URL"; Value = ""; VariantName = "[No Variations]"
Added Component: Designator=C4(C_0603)
Add component (AddParameter): Name = "D"; Value = ""; VariantName = "[No Variations]"
Add component (AddParameter): Name = "MFR"; Value = ""; VariantName = "[No Variations]"
Add component (AddParameter): Name = "P"; Value = ""; VariantName = "[No Variations]"
Add component (AddParameter): Name = "PN"; Value = ""; VariantName = "[No Variations]"
Add component (AddParameter): Name = "URL"; Value = ""; VariantName = "[No Variations]"
Added Component: Designator=C5(C_0603)
Add component (AddParameter): Name = "D"; Value = ""; VariantName = "[No Variations]"
Add component (AddParameter): Name = "MFR"; Value = ""; VariantName = "[No Variations]"
Add component (AddParameter): Name = "P"; Value = ""; VariantName = "[No Variations]"
Add component (AddParameter): Name = "PN"; Value = ""; VariantName = "[No Variations]"
Add component (AddParameter): Name = "URL"; Value = ""; VariantName = "[No Variations]"
Added Component: Designator=C6(C_0603)
Add component (AddParameter): Name = "D"; Value = ""; VariantName = "[No Variations]"
Add component (AddParameter): Name = "MFR"; Value = ""; VariantName = "[No Variations]"
Add component (AddParameter): Name = "P"; Value = ""; VariantName = "[No Variations]"
Add component (AddParameter): Name = "PN"; Value = ""; VariantName = "[No Variations]"
Add component (AddParameter): Name = "URL"; Value = ""; VariantName = "[No Variations]"
Added Component: Designator=C7(C_0603)
Add component (AddParameter): Name = "D"; Value = ""; VariantName = "[No Variations]"
Add component (AddParameter): Name = "MFR"; Value = ""; VariantName = "[No Variations]"
Add component (AddParameter): Name = "P"; Value = ""; VariantName = "[No Variations]"
Add component (AddParameter): Name = "PN"; Value = ""; VariantName = "[No Variations]"
Add component (AddParameter): Name = "URL"; Value = ""; VariantName = "[No Variations]"
Added Component: Designator=C8(C_0603)
Add component (AddParameter): Name = "D"; Value = ""; VariantName = "[No Variations]"
Add component (AddParameter): Name = "MFR"; Value = ""; VariantName = "[No Variations]"
Add component (AddParameter): Name = "P"; Value = ""; VariantName = "[No Variations]"
Add component (AddParameter): Name = "PN"; Value = ""; VariantName = "[No Variations]"
Add component (AddParameter): Name = "URL"; Value = ""; VariantName = "[No Variations]"
Added Component: Designator=C9(C_0603)
Add component (AddParameter): Name = "D"; Value = ""; VariantName = "[No Variations]"
Add component (AddParameter): Name = "MFR"; Value = ""; VariantName = "[No Variations]"
Add component (AddParameter): Name = "P"; Value = ""; VariantName = "[No Variations]"
Add component (AddParameter): Name = "PN"; Value = ""; VariantName = "[No Variations]"
Add component (AddParameter): Name = "URL"; Value = ""; VariantName = "[No Variations]"
Added Component: Designator=C10(C_0603)
Add component (AddParameter): Name = "D"; Value = ""; VariantName = "[No Variations]"
Add component (AddParameter): Name = "MFR"; Value = ""; VariantName = "[No Variations]"
Add component (AddParameter): Name = "P"; Value = ""; VariantName = "[No Variations]"
Add component (AddParameter): Name = "PN"; Value = ""; VariantName = "[No Variations]"
Add component (AddParameter): Name = "URL"; Value = ""; VariantName = "[No Variations]"
Added Component: Designator=C11(C_0603)
Add component (AddParameter): Name = "D"; Value = ""; VariantName = "[No Variations]"
Add component (AddParameter): Name = "MFR"; Value = ""; VariantName = "[No Variations]"
Add component (AddParameter): Name = "P"; Value = ""; VariantName = "[No Variations]"
Add component (AddParameter): Name = "PN"; Value = ""; VariantName = "[No Variations]"
Add component (AddParameter): Name = "URL"; Value = ""; VariantName = "[No Variations]"
Added Component: Designator=C12(C_0603)
Add component (AddParameter): Name = "D"; Value = ""; VariantName = "[No Variations]"
Add component (AddParameter): Name = "MFR"; Value = ""; VariantName = "[No Variations]"
Add component (AddParameter): Name = "P"; Value = ""; VariantName = "[No Variations]"
Add component (AddParameter): Name = "PN"; Value = ""; VariantName = "[No Variations]"
Add component (AddParameter): Name = "URL"; Value = ""; VariantName = "[No Variations]"
Added Component: Designator=C13(C_0603)
Add component (AddParameter): Name = "D"; Value = ""; VariantName = "[No Variations]"
Add component (AddParameter): Name = "MFR"; Value = ""; VariantName = "[No Variations]"
Add component (AddParameter): Name = "P"; Value = ""; VariantName = "[No Variations]"
Add component (AddParameter): Name = "PN"; Value = ""; VariantName = "[No Variations]"
Add component (AddParameter): Name = "URL"; Value = ""; VariantName = "[No Variations]"
Added Component: Designator=C14(C_0603)
Add component (AddParameter): Name = "D"; Value = ""; VariantName = "[No Variations]"
Add component (AddParameter): Name = "MFR"; Value = ""; VariantName = "[No Variations]"
Add component (AddParameter): Name = "P"; Value = ""; VariantName = "[No Variations]"
Add component (AddParameter): Name = "PN"; Value = ""; VariantName = "[No Variations]"
Add component (AddParameter): Name = "URL"; Value = ""; VariantName = "[No Variations]"
Added Component: Designator=C15(C_0603)
Add component (AddParameter): Name = "D"; Value = ""; VariantName = "[No Variations]"
Add component (AddParameter): Name = "MFR"; Value = ""; VariantName = "[No Variations]"
Add component (AddParameter): Name = "P"; Value = ""; VariantName = "[No Variations]"
Add component (AddParameter): Name = "PN"; Value = ""; VariantName = "[No Variations]"
Add component (AddParameter): Name = "URL"; Value = ""; VariantName = "[No Variations]"
Added Component: Designator=C16(C_0603)
Add component (AddParameter): Name = "D"; Value = ""; VariantName = "[No Variations]"
Add component (AddParameter): Name = "MFR"; Value = ""; VariantName = "[No Variations]"
Add component (AddParameter): Name = "P"; Value = ""; VariantName = "[No Variations]"
Add component (AddParameter): Name = "PN"; Value = ""; VariantName = "[No Variations]"
Add component (AddParameter): Name = "URL"; Value = ""; VariantName = "[No Variations]"
Added Component: Designator=C17(C_0603)
Add component (AddParameter): Name = "D"; Value = ""; VariantName = "[No Variations]"
Add component (AddParameter): Name = "MFR"; Value = ""; VariantName = "[No Variations]"
Add component (AddParameter): Name = "P"; Value = ""; VariantName = "[No Variations]"
Add component (AddParameter): Name = "PN"; Value = ""; VariantName = "[No Variations]"
Add component (AddParameter): Name = "URL"; Value = ""; VariantName = "[No Variations]"
Added Component: Designator=C18(C_0603)
Add component (AddParameter): Name = "D"; Value = ""; VariantName = "[No Variations]"
Add component (AddParameter): Name = "MFR"; Value = ""; VariantName = "[No Variations]"
Add component (AddParameter): Name = "P"; Value = ""; VariantName = "[No Variations]"
Add component (AddParameter): Name = "PN"; Value = ""; VariantName = "[No Variations]"
Add component (AddParameter): Name = "URL"; Value = ""; VariantName = "[No Variations]"
Added Component: Designator=C19(C_0603)
Add component (AddParameter): Name = "D"; Value = ""; VariantName = "[No Variations]"
Add component (AddParameter): Name = "MFR"; Value = ""; VariantName = "[No Variations]"
Add component (AddParameter): Name = "P"; Value = ""; VariantName = "[No Variations]"
Add component (AddParameter): Name = "PN"; Value = ""; VariantName = "[No Variations]"
Add component (AddParameter): Name = "URL"; Value = ""; VariantName = "[No Variations]"
Added Component: Designator=C20(C_0603)
Add component (AddParameter): Name = "D"; Value = ""; VariantName = "[No Variations]"
Add component (AddParameter): Name = "MFR"; Value = ""; VariantName = "[No Variations]"
Add component (AddParameter): Name = "P"; Value = ""; VariantName = "[No Variations]"
Add component (AddParameter): Name = "PN"; Value = ""; VariantName = "[No Variations]"
Add component (AddParameter): Name = "URL"; Value = ""; VariantName = "[No Variations]"
Added Component: Designator=C21(C_0603)
Add component (AddParameter): Name = "D"; Value = ""; VariantName = "[No Variations]"
Add component (AddParameter): Name = "MFR"; Value = ""; VariantName = "[No Variations]"
Add component (AddParameter): Name = "P"; Value = ""; VariantName = "[No Variations]"
Add component (AddParameter): Name = "PN"; Value = ""; VariantName = "[No Variations]"
Add component (AddParameter): Name = "URL"; Value = ""; VariantName = "[No Variations]"
Added Component: Designator=C22(C_0603)
Add component (AddParameter): Name = "D"; Value = ""; VariantName = "[No Variations]"
Add component (AddParameter): Name = "MFR"; Value = ""; VariantName = "[No Variations]"
Add component (AddParameter): Name = "P"; Value = ""; VariantName = "[No Variations]"
Add component (AddParameter): Name = "PN"; Value = ""; VariantName = "[No Variations]"
Add component (AddParameter): Name = "URL"; Value = ""; VariantName = "[No Variations]"
Added Component: Designator=C23(C_0603)
Add component (AddParameter): Name = "D"; Value = ""; VariantName = "[No Variations]"
Add component (AddParameter): Name = "MFR"; Value = ""; VariantName = "[No Variations]"
Add component (AddParameter): Name = "P"; Value = ""; VariantName = "[No Variations]"
Add component (AddParameter): Name = "PN"; Value = ""; VariantName = "[No Variations]"
Add component (AddParameter): Name = "URL"; Value = ""; VariantName = "[No Variations]"
Added Component: Designator=C24(C_0603)
Add component (AddParameter): Name = "D"; Value = ""; VariantName = "[No Variations]"
Add component (AddParameter): Name = "MFR"; Value = ""; VariantName = "[No Variations]"
Add component (AddParameter): Name = "P"; Value = ""; VariantName = "[No Variations]"
Add component (AddParameter): Name = "PN"; Value = ""; VariantName = "[No Variations]"
Add component (AddParameter): Name = "URL"; Value = ""; VariantName = "[No Variations]"
Added Component: Designator=C25(C_0603)
Add component (AddParameter): Name = "D"; Value = ""; VariantName = "[No Variations]"
Add component (AddParameter): Name = "MFR"; Value = ""; VariantName = "[No Variations]"
Add component (AddParameter): Name = "P"; Value = ""; VariantName = "[No Variations]"
Add component (AddParameter): Name = "PN"; Value = ""; VariantName = "[No Variations]"
Add component (AddParameter): Name = "URL"; Value = ""; VariantName = "[No Variations]"
Added Component: Designator=C26(C_0603)
Add component (AddParameter): Name = "D"; Value = ""; VariantName = "[No Variations]"
Add component (AddParameter): Name = "MFR"; Value = ""; VariantName = "[No Variations]"
Add component (AddParameter): Name = "P"; Value = ""; VariantName = "[No Variations]"
Add component (AddParameter): Name = "PN"; Value = ""; VariantName = "[No Variations]"
Add component (AddParameter): Name = "URL"; Value = ""; VariantName = "[No Variations]"
Added Component: Designator=C27(C_0603)
Add component (AddParameter): Name = "D"; Value = ""; VariantName = "[No Variations]"
Add component (AddParameter): Name = "MFR"; Value = ""; VariantName = "[No Variations]"
Add component (AddParameter): Name = "P"; Value = ""; VariantName = "[No Variations]"
Add component (AddParameter): Name = "PN"; Value = ""; VariantName = "[No Variations]"
Add component (AddParameter): Name = "URL"; Value = ""; VariantName = "[No Variations]"
Added Component: Designator=C28(C_0603)
Add component (AddParameter): Name = "D"; Value = ""; VariantName = "[No Variations]"
Add component (AddParameter): Name = "MFR"; Value = ""; VariantName = "[No Variations]"
Add component (AddParameter): Name = "P"; Value = ""; VariantName = "[No Variations]"
Add component (AddParameter): Name = "PN"; Value = ""; VariantName = "[No Variations]"
Add component (AddParameter): Name = "URL"; Value = ""; VariantName = "[No Variations]"
Added Component: Designator=C29(C_0603)
Add component (AddParameter): Name = "D"; Value = ""; VariantName = "[No Variations]"
Add component (AddParameter): Name = "MFR"; Value = ""; VariantName = "[No Variations]"
Add component (AddParameter): Name = "P"; Value = ""; VariantName = "[No Variations]"
Add component (AddParameter): Name = "PN"; Value = ""; VariantName = "[No Variations]"
Add component (AddParameter): Name = "URL"; Value = ""; VariantName = "[No Variations]"
Added Component: Designator=CON1(217175-0001)
Add component (AddParameter): Name = "D"; Value = "USB Connectors Top-Mnt SMT 6Ckt Type C Rec."; VariantName = "[No Variations]"
Add component (AddParameter): Name = "MFR"; Value = "Molex"; VariantName = "[No Variations]"
Add component (AddParameter): Name = "P"; Value = "6 Contact"; VariantName = "[No Variations]"
Add component (AddParameter): Name = "PN"; Value = "217175-0001"; VariantName = "[No Variations]"
Add component (AddParameter): Name = "URL"; Value = "https://www.mouser.in/ProductDetail/Molex/217175-0001?qs=DRkmTr78QARWJMiqNnldSg%3D%3D"; VariantName = "[No Variations]"
Added Component: Designator=CON2(4Pin_2.5)
Add component (AddParameter): Name = "PN"; Value = "87224-4"; VariantName = "[No Variations]"
Added Component: Designator=CON3(4Pin_2.5)
Add component (AddParameter): Name = "PN"; Value = "87224-4"; VariantName = "[No Variations]"
Added Component: Designator=CON4(4Pin_2.5)
Add component (AddParameter): Name = "PN"; Value = "87224-4"; VariantName = "[No Variations]"
Added Component: Designator=CON5A(2P_P3.5mm)
Add component (AddParameter): Name = "D"; Value = "Headers & Wire Housings 2CKT 3.5MM W TO B C KT 3.5MM W TO B CONN"; VariantName = "[No Variations]"
Add component (AddParameter): Name = "MFR"; Value = "Molex"; VariantName = "[No Variations]"
Add component (AddParameter): Name = "PN"; Value = "53258-0229"; VariantName = "[No Variations]"
Add component (AddParameter): Name = "URL"; Value = "https://www.mouser.in/ProductDetail/Molex/53258-0229?qs=yYVs2tXBqMMxmAbgTccg5w%3D%3D"; VariantName = "[No Variations]"
Added Component: Designator=CON5B(2P_P3.5mm)
Add component (AddParameter): Name = "D"; Value = "Headers & Wire Housings 2CKT 3.5MM W TO B C KT 3.5MM W TO B CONN"; VariantName = "[No Variations]"
Add component (AddParameter): Name = "MFR"; Value = "Molex"; VariantName = "[No Variations]"
Add component (AddParameter): Name = "PN"; Value = "53258-0229"; VariantName = "[No Variations]"
Add component (AddParameter): Name = "URL"; Value = "https://www.mouser.in/ProductDetail/Molex/53258-0229?qs=yYVs2tXBqMMxmAbgTccg5w%3D%3D"; VariantName = "[No Variations]"
Added Component: Designator=CON6A(4Pin_2.5)
Add component (AddParameter): Name = "PN"; Value = "87224-4"; VariantName = "[No Variations]"
Added Component: Designator=CON6B(4Pin_2.5)
Add component (AddParameter): Name = "PN"; Value = "87224-4"; VariantName = "[No Variations]"
Added Component: Designator=D1(SOT-23-3)
Add component (AddParameter): Name = "D"; Value = "ESD Suppressors / TVS Diodes SUPPRESSOR"; VariantName = "[No Variations]"
Add component (AddParameter): Name = "MFR"; Value = "STMicroelectronics"; VariantName = "[No Variations]"
Add component (AddParameter): Name = "P"; Value = "SOT23-3L"; VariantName = "[No Variations]"
Add component (AddParameter): Name = "PN"; Value = "ESDA25L"; VariantName = "[No Variations]"
Add component (AddParameter): Name = "URL"; Value = "https://www.mouser.in/ProductDetail/STMicroelectronics/ESDA25L?qs=%252BFmDY%2FmH7IYTgvQLXlr24g%3D%3D"; VariantName = "[No Variations]"
Added Component: Designator=D2(SOD-323)
Add component (AddParameter): Name = "D"; Value = "Schottky Diodes & Rectifiers 10 V 3000 mA"; VariantName = "[No Variations]"
Add component (AddParameter): Name = "P"; Value = "SOD-323"; VariantName = "[No Variations]"
Add component (AddParameter): Name = "PN"; Value = "BAT60AE6327HTSA1"; VariantName = "[No Variations]"
Add component (AddParameter): Name = "URL"; Value = "https://www.mouser.in/ProductDetail/Infineon-Technologies/BAT60AE6327HTSA1?qs=OwbwYO03UsIW3Y2lCXbs8Q%3D%3D"; VariantName = "[No Variations]"
Added Component: Designator=D3(SOT-23-3)
Add component (AddParameter): Name = "D"; Value = "ESD Suppressors / TVS Diodes SUPPRESSOR"; VariantName = "[No Variations]"
Add component (AddParameter): Name = "MFR"; Value = "STMicroelectronics"; VariantName = "[No Variations]"
Add component (AddParameter): Name = "P"; Value = "SOT23-3L"; VariantName = "[No Variations]"
Add component (AddParameter): Name = "PN"; Value = "ESDA25L"; VariantName = "[No Variations]"
Add component (AddParameter): Name = "URL"; Value = "https://www.mouser.in/ProductDetail/STMicroelectronics/ESDA25L?qs=%252BFmDY%2FmH7IYTgvQLXlr24g%3D%3D"; VariantName = "[No Variations]"
Added Component: Designator=D4(SOT-23-3)
Add component (AddParameter): Name = "D"; Value = "ESD Suppressors / TVS Diodes SUPPRESSOR"; VariantName = "[No Variations]"
Add component (AddParameter): Name = "MFR"; Value = "STMicroelectronics"; VariantName = "[No Variations]"
Add component (AddParameter): Name = "P"; Value = "SOT23-3L"; VariantName = "[No Variations]"
Add component (AddParameter): Name = "PN"; Value = "ESDA25L"; VariantName = "[No Variations]"
Add component (AddParameter): Name = "URL"; Value = "https://www.mouser.in/ProductDetail/STMicroelectronics/ESDA25L?qs=%252BFmDY%2FmH7IYTgvQLXlr24g%3D%3D"; VariantName = "[No Variations]"
Added Component: Designator=D5A(SOD123)
Add component (AddParameter): Name = "D"; Value = "Diodes - General Purpose, Power, Switching SURFACE MOUNT SWITCHING DIODES"; VariantName = "[No Variations]"
Add component (AddParameter): Name = "MFR"; Value = "Panjit"; VariantName = "[No Variations]"
Add component (AddParameter): Name = "P"; Value = "SOD123"; VariantName = "[No Variations]"
Add component (AddParameter): Name = "PN"; Value = "1N4148W_R2_00001"; VariantName = "[No Variations]"
Add component (AddParameter): Name = "URL"; Value = "https://www.mouser.in/ProductDetail/Panjit/1N4148W_R2_00001?qs=sPbYRqrBIVlsNrvmMQOkFA%3D%3D"; VariantName = "[No Variations]"
Added Component: Designator=D5B(SOD123)
Add component (AddParameter): Name = "D"; Value = "Diodes - General Purpose, Power, Switching SURFACE MOUNT SWITCHING DIODES"; VariantName = "[No Variations]"
Add component (AddParameter): Name = "MFR"; Value = "Panjit"; VariantName = "[No Variations]"
Add component (AddParameter): Name = "P"; Value = "SOD123"; VariantName = "[No Variations]"
Add component (AddParameter): Name = "PN"; Value = "1N4148W_R2_00001"; VariantName = "[No Variations]"
Add component (AddParameter): Name = "URL"; Value = "https://www.mouser.in/ProductDetail/Panjit/1N4148W_R2_00001?qs=sPbYRqrBIVlsNrvmMQOkFA%3D%3D"; VariantName = "[No Variations]"
Added Component: Designator=D6(SOD123)
Add component (AddParameter): Name = "D"; Value = "Diodes - General Purpose, Power, Switching SURFACE MOUNT SWITCHING DIODES"; VariantName = "[No Variations]"
Add component (AddParameter): Name = "MFR"; Value = "Panjit"; VariantName = "[No Variations]"
Add component (AddParameter): Name = "P"; Value = "SOD123"; VariantName = "[No Variations]"
Add component (AddParameter): Name = "PN"; Value = "1N4148W_R2_00001"; VariantName = "[No Variations]"
Add component (AddParameter): Name = "URL"; Value = "https://www.mouser.in/ProductDetail/Panjit/1N4148W_R2_00001?qs=sPbYRqrBIVlsNrvmMQOkFA%3D%3D"; VariantName = "[No Variations]"
Added Component: Designator=D7A(SOD123)
Add component (AddParameter): Name = "D"; Value = "Diodes - General Purpose, Power, Switching SURFACE MOUNT SWITCHING DIODES"; VariantName = "[No Variations]"
Add component (AddParameter): Name = "MFR"; Value = "Panjit"; VariantName = "[No Variations]"
Add component (AddParameter): Name = "P"; Value = "SOD123"; VariantName = "[No Variations]"
Add component (AddParameter): Name = "PN"; Value = "1N4148W_R2_00001"; VariantName = "[No Variations]"
Add component (AddParameter): Name = "URL"; Value = "https://www.mouser.in/ProductDetail/Panjit/1N4148W_R2_00001?qs=sPbYRqrBIVlsNrvmMQOkFA%3D%3D"; VariantName = "[No Variations]"
Added Component: Designator=D7B(SOD123)
Add component (AddParameter): Name = "D"; Value = "Diodes - General Purpose, Power, Switching SURFACE MOUNT SWITCHING DIODES"; VariantName = "[No Variations]"
Add component (AddParameter): Name = "MFR"; Value = "Panjit"; VariantName = "[No Variations]"
Add component (AddParameter): Name = "P"; Value = "SOD123"; VariantName = "[No Variations]"
Add component (AddParameter): Name = "PN"; Value = "1N4148W_R2_00001"; VariantName = "[No Variations]"
Add component (AddParameter): Name = "URL"; Value = "https://www.mouser.in/ProductDetail/Panjit/1N4148W_R2_00001?qs=sPbYRqrBIVlsNrvmMQOkFA%3D%3D"; VariantName = "[No Variations]"
Added Component: Designator=D8(SOD123)
Add component (AddParameter): Name = "D"; Value = "Diodes - General Purpose, Power, Switching SURFACE MOUNT SWITCHING DIODES"; VariantName = "[No Variations]"
Add component (AddParameter): Name = "MFR"; Value = "Panjit"; VariantName = "[No Variations]"
Add component (AddParameter): Name = "P"; Value = "SOD123"; VariantName = "[No Variations]"
Add component (AddParameter): Name = "PN"; Value = "1N4148W_R2_00001"; VariantName = "[No Variations]"
Add component (AddParameter): Name = "URL"; Value = "https://www.mouser.in/ProductDetail/Panjit/1N4148W_R2_00001?qs=sPbYRqrBIVlsNrvmMQOkFA%3D%3D"; VariantName = "[No Variations]"
Added Component: Designator=D9(SOD123)
Add component (AddParameter): Name = "D"; Value = "Diodes - General Purpose, Power, Switching SURFACE MOUNT SWITCHING DIODES"; VariantName = "[No Variations]"
Add component (AddParameter): Name = "MFR"; Value = "Panjit"; VariantName = "[No Variations]"
Add component (AddParameter): Name = "P"; Value = "SOD123"; VariantName = "[No Variations]"
Add component (AddParameter): Name = "PN"; Value = "1N4148W_R2_00001"; VariantName = "[No Variations]"
Add component (AddParameter): Name = "URL"; Value = "https://www.mouser.in/ProductDetail/Panjit/1N4148W_R2_00001?qs=sPbYRqrBIVlsNrvmMQOkFA%3D%3D"; VariantName = "[No Variations]"
Added Component: Designator=IR1(TCRT5000)
Add component (AddParameter): Name = "D"; Value = "Optical Switches, Reflective, Phototransistor"; VariantName = "[No Variations]"
Add component (AddParameter): Name = "MFR"; Value = "Vishay Semiconductors"; VariantName = "[No Variations]"
Add component (AddParameter): Name = "P"; Value = ""; VariantName = "[No Variations]"
Add component (AddParameter): Name = "PN"; Value = "TCRT5000L"; VariantName = "[No Variations]"
Add component (AddParameter): Name = "URL"; Value = "https://www.mouser.in/ProductDetail/Vishay-Semiconductors/TCRT5000L?qs=%2Fjqivxn91cdBAizhsWilRQ%3D%3D"; VariantName = "[No Variations]"
Added Component: Designator=J1(OPEN_JMP)
Added Component: Designator=J2(OPEN_JMP)
Added Component: Designator=J3(OPEN_JMP)
Added Component: Designator=J4(OPEN_JMP)
Added Component: Designator=J5(OPEN_JMP)
Added Component: Designator=J6(OPEN_JMP)
Added Component: Designator=J7(OPEN_JMP)
Added Component: Designator=J8(OPEN_JMP)
Added Component: Designator=J9(OPEN_JMP)
Added Component: Designator=J10(OPEN_JMP)
Added Component: Designator=J11(OPEN_JMP)
Added Component: Designator=J12(OPEN_JMP)
Added Component: Designator=J13(OPEN_JMP)
Added Component: Designator=J14(OPEN_JMP)
Added Component: Designator=J15(OPEN_JMP)
Added Component: Designator=J16(OPEN_JMP)
Added Component: Designator=J17(OPEN_JMP)
Added Component: Designator=J18(OPEN_JMP)
Added Component: Designator=J19(OPEN_JMP)
Added Component: Designator=J20(OPEN_JMP)
Added Component: Designator=J21(OPEN_JMP)
Added Component: Designator=J22(OPEN_JMP)
Added Component: Designator=J23(OPEN_JMP)
Added Component: Designator=J24(OPEN_JMP)
Added Component: Designator=J25(OPEN_JMP)
Added Component: Designator=J26(OPEN_JMP)
Added Component: Designator=J27(OPEN_JMP)
Added Component: Designator=J28(OPEN_JMP)
Added Component: Designator=J29(OPEN_JMP)
Added Component: Designator=J30(OPEN_JMP)
Added Component: Designator=J31(OPEN_JMP)
Added Component: Designator=J32(OPEN_JMP)
Added Component: Designator=J33(OPEN_JMP)
Added Component: Designator=L2(2P5mm_PITCH_COM)
Added Component: Designator=LED1(LED_0603)
Add component (AddParameter): Name = "D"; Value = "Standard LEDs - SMD WL-SMCW SMDMono TpVw Waterclr 0603 Red"; VariantName = "[No Variations]"
Add component (AddParameter): Name = "MFR"; Value = "Wurth Elektronik"; VariantName = "[No Variations]"
Add component (AddParameter): Name = "P"; Value = "0603"; VariantName = "[No Variations]"
Add component (AddParameter): Name = "PN"; Value = "150060RS75000"; VariantName = "[No Variations]"
Add component (AddParameter): Name = "YRL"; Value = "https://www.mouser.in/ProductDetail/Wurth-Elektronik/150060RS75000?qs=LlUlMxKIyB3QnmZ3fw%2FVCA%3D%3D"; VariantName = "[No Variations]"
Added Component: Designator=LED2(LED_0603)
Add component (AddParameter): Name = "D"; Value = "Standard LEDs - SMD WL-SMCW SMDMono TpVw Waterclr 0603 Red"; VariantName = "[No Variations]"
Add component (AddParameter): Name = "MFR"; Value = "Wurth Elektronik"; VariantName = "[No Variations]"
Add component (AddParameter): Name = "P"; Value = "0603"; VariantName = "[No Variations]"
Add component (AddParameter): Name = "PN"; Value = "150060RS75000"; VariantName = "[No Variations]"
Add component (AddParameter): Name = "YRL"; Value = "https://www.mouser.in/ProductDetail/Wurth-Elektronik/150060RS75000?qs=LlUlMxKIyB3QnmZ3fw%2FVCA%3D%3D"; VariantName = "[No Variations]"
Added Component: Designator=LED3(LED_0603)
Add component (AddParameter): Name = "D"; Value = "Standard LEDs - SMD WL-SMCW SMDMono TpVw Waterclr 0603 Red"; VariantName = "[No Variations]"
Add component (AddParameter): Name = "MFR"; Value = "Wurth Elektronik"; VariantName = "[No Variations]"
Add component (AddParameter): Name = "P"; Value = "0603"; VariantName = "[No Variations]"
Add component (AddParameter): Name = "PN"; Value = "150060RS75000"; VariantName = "[No Variations]"
Add component (AddParameter): Name = "YRL"; Value = "https://www.mouser.in/ProductDetail/Wurth-Elektronik/150060RS75000?qs=LlUlMxKIyB3QnmZ3fw%2FVCA%3D%3D"; VariantName = "[No Variations]"
Added Component: Designator=LED4(WS2812B)
Added Component: Designator=LED5(WS2812B)
Added Component: Designator=LED6(WS2812B)
Added Component: Designator=LED7(WS2812B)
Added Component: Designator=LED8(WS2812B)
Added Component: Designator=LED9(WS2812B)
Added Component: Designator=POT1(TC33 - 3 mm SMD Trimpot)
Add component (AddParameter): Name = "D"; Value = "Trimmer Resistors - SMD 3MM 5KOHMS 25% 0.1WATT OPEN FRM"; VariantName = "[No Variations]"
Add component (AddParameter): Name = "MFR"; Value = "Bourns"; VariantName = "[No Variations]"
Add component (AddParameter): Name = "P"; Value = "SMD"; VariantName = "[No Variations]"
Add component (AddParameter): Name = "PN"; Value = "TC33X-2-502E"; VariantName = "[No Variations]"
Add component (AddParameter): Name = "URL"; Value = "https://www.mouser.in/ProductDetail/Bourns/TC33X-2-502E?qs=r%252B5EJQndA0pTgyiJsDuA%252BA%3D%3D"; VariantName = "[No Variations]"
Added Component: Designator=PZ1(2P5mm_PITCH_COM)
Added Component: Designator=Q1(TSOP-6)
Add component (AddParameter): Name = "D"; Value = "P-Channel 30 V (D-S) MOSFET"; VariantName = "[No Variations]"
Add component (AddParameter): Name = "MFR"; Value = "Vishay Siliconix"; VariantName = "[No Variations]"
Add component (AddParameter): Name = "P"; Value = "TSOP-6"; VariantName = "[No Variations]"
Add component (AddParameter): Name = "PN"; Value = "SI3421DV-T1-GE3"; VariantName = "[No Variations]"
Add component (AddParameter): Name = "URL"; Value = "https://www.mouser.in/ProductDetail/Vishay-Semiconductors/SI3421DV-T1-GE3?qs=dpt6vIvaxwjvmZPXyyVpRg%3D%3D"; VariantName = "[No Variations]"
Added Component: Designator=Q2A(SOT23FR)
Add component (AddParameter): Name = "D"; Value = "MOSFET PMV15ENE/SOT23/TO-236AB"; VariantName = "[No Variations]"
Add component (AddParameter): Name = "MFR"; Value = "Nexperia"; VariantName = "[No Variations]"
Add component (AddParameter): Name = "P"; Value = "SOT-23-3"; VariantName = "[No Variations]"
Add component (AddParameter): Name = "PN"; Value = "PMV15ENER"; VariantName = "[No Variations]"
Add component (AddParameter): Name = "URL"; Value = "https://www.mouser.in/ProductDetail/Nexperia/PMV15ENER?qs=Li%252BoUPsLEntpTHKsialBmQ%3D%3D"; VariantName = "[No Variations]"
Added Component: Designator=Q2B(SOT23FR)
Add component (AddParameter): Name = "D"; Value = "MOSFET PMV15ENE/SOT23/TO-236AB"; VariantName = "[No Variations]"
Add component (AddParameter): Name = "MFR"; Value = "Nexperia"; VariantName = "[No Variations]"
Add component (AddParameter): Name = "P"; Value = "SOT-23-3"; VariantName = "[No Variations]"
Add component (AddParameter): Name = "PN"; Value = "PMV15ENER"; VariantName = "[No Variations]"
Add component (AddParameter): Name = "URL"; Value = "https://www.mouser.in/ProductDetail/Nexperia/PMV15ENER?qs=Li%252BoUPsLEntpTHKsialBmQ%3D%3D"; VariantName = "[No Variations]"
Added Component: Designator=Q3(TSOP-6)
Add component (AddParameter): Name = "D"; Value = "P-Channel 30 V (D-S) MOSFET"; VariantName = "[No Variations]"
Add component (AddParameter): Name = "MFR"; Value = "Vishay Siliconix"; VariantName = "[No Variations]"
Add component (AddParameter): Name = "P"; Value = "TSOP-6"; VariantName = "[No Variations]"
Add component (AddParameter): Name = "PN"; Value = "SI3421DV-T1-GE3"; VariantName = "[No Variations]"
Add component (AddParameter): Name = "URL"; Value = "https://www.mouser.in/ProductDetail/Vishay-Semiconductors/SI3421DV-T1-GE3?qs=dpt6vIvaxwjvmZPXyyVpRg%3D%3D"; VariantName = "[No Variations]"
Added Component: Designator=Q4(SOT-23-3)
Add component (AddParameter): Name = "D"; Value = "Bipolar Transistors - BJT BC847C/SOT23/TO-236AB"; VariantName = "[No Variations]"
Add component (AddParameter): Name = "MFR"; Value = "Nexperia"; VariantName = "[No Variations]"
Add component (AddParameter): Name = "P"; Value = "SOT-23-3"; VariantName = "[No Variations]"
Add component (AddParameter): Name = "PN"; Value = "BC847C,215"; VariantName = "[No Variations]"
Add component (AddParameter): Name = "URL"; Value = "https://www.mouser.in/ProductDetail/Nexperia/BC847C215?qs=me8TqzrmIYVnv3C18%2Fxa3Q%3D%3D"; VariantName = "[No Variations]"
Added Component: Designator=Q5(TSOP-6)
Add component (AddParameter): Name = "D"; Value = "P-Channel 30 V (D-S) MOSFET"; VariantName = "[No Variations]"
Add component (AddParameter): Name = "MFR"; Value = "Vishay Siliconix"; VariantName = "[No Variations]"
Add component (AddParameter): Name = "P"; Value = "TSOP-6"; VariantName = "[No Variations]"
Add component (AddParameter): Name = "PN"; Value = "SI3421DV-T1-GE3"; VariantName = "[No Variations]"
Add component (AddParameter): Name = "URL"; Value = "https://www.mouser.in/ProductDetail/Vishay-Semiconductors/SI3421DV-T1-GE3?qs=dpt6vIvaxwjvmZPXyyVpRg%3D%3D"; VariantName = "[No Variations]"
Added Component: Designator=Q6(SOT-23-3)
Add component (AddParameter): Name = "D"; Value = "Bipolar Transistors - BJT BC847C/SOT23/TO-236AB"; VariantName = "[No Variations]"
Add component (AddParameter): Name = "MFR"; Value = "Nexperia"; VariantName = "[No Variations]"
Add component (AddParameter): Name = "P"; Value = "SOT-23-3"; VariantName = "[No Variations]"
Add component (AddParameter): Name = "PN"; Value = "BC847C,215"; VariantName = "[No Variations]"
Add component (AddParameter): Name = "URL"; Value = "https://www.mouser.in/ProductDetail/Nexperia/BC847C215?qs=me8TqzrmIYVnv3C18%2Fxa3Q%3D%3D"; VariantName = "[No Variations]"
Added Component: Designator=Q7(TSOP-6)
Add component (AddParameter): Name = "D"; Value = "P-Channel 30 V (D-S) MOSFET"; VariantName = "[No Variations]"
Add component (AddParameter): Name = "MFR"; Value = "Vishay Siliconix"; VariantName = "[No Variations]"
Add component (AddParameter): Name = "P"; Value = "TSOP-6"; VariantName = "[No Variations]"
Add component (AddParameter): Name = "PN"; Value = "SI3421DV-T1-GE3"; VariantName = "[No Variations]"
Add component (AddParameter): Name = "URL"; Value = "https://www.mouser.in/ProductDetail/Vishay-Semiconductors/SI3421DV-T1-GE3?qs=dpt6vIvaxwjvmZPXyyVpRg%3D%3D"; VariantName = "[No Variations]"
Added Component: Designator=Q8(SOT-23-3)
Add component (AddParameter): Name = "D"; Value = "Bipolar Transistors - BJT BC847C/SOT23/TO-236AB"; VariantName = "[No Variations]"
Add component (AddParameter): Name = "MFR"; Value = "Nexperia"; VariantName = "[No Variations]"
Add component (AddParameter): Name = "P"; Value = "SOT-23-3"; VariantName = "[No Variations]"
Add component (AddParameter): Name = "PN"; Value = "BC847C,215"; VariantName = "[No Variations]"
Add component (AddParameter): Name = "URL"; Value = "https://www.mouser.in/ProductDetail/Nexperia/BC847C215?qs=me8TqzrmIYVnv3C18%2Fxa3Q%3D%3D"; VariantName = "[No Variations]"
Added Component: Designator=Q9(SOT-23-3)
Add component (AddParameter): Name = "D"; Value = "Bipolar Transistors - BJT BC847C/SOT23/TO-236AB"; VariantName = "[No Variations]"
Add component (AddParameter): Name = "MFR"; Value = "Nexperia"; VariantName = "[No Variations]"
Add component (AddParameter): Name = "P"; Value = "SOT-23-3"; VariantName = "[No Variations]"
Add component (AddParameter): Name = "PN"; Value = "BC847C,215"; VariantName = "[No Variations]"
Add component (AddParameter): Name = "URL"; Value = "https://www.mouser.in/ProductDetail/Nexperia/BC847C215?qs=me8TqzrmIYVnv3C18%2Fxa3Q%3D%3D"; VariantName = "[No Variations]"
Added Component: Designator=Q10(SOT23FR)
Add component (AddParameter): Name = "D"; Value = "MOSFET PMV15ENE/SOT23/TO-236AB"; VariantName = "[No Variations]"
Add component (AddParameter): Name = "MFR"; Value = "Nexperia"; VariantName = "[No Variations]"
Add component (AddParameter): Name = "P"; Value = "SOT-23-3"; VariantName = "[No Variations]"
Add component (AddParameter): Name = "PN"; Value = "PMV15ENER"; VariantName = "[No Variations]"
Add component (AddParameter): Name = "URL"; Value = "https://www.mouser.in/ProductDetail/Nexperia/PMV15ENER?qs=Li%252BoUPsLEntpTHKsialBmQ%3D%3D"; VariantName = "[No Variations]"
Added Component: Designator=Q11(SOT23FR)
Add component (AddParameter): Name = "D"; Value = "MOSFET PMV15ENE/SOT23/TO-236AB"; VariantName = "[No Variations]"
Add component (AddParameter): Name = "MFR"; Value = "Nexperia"; VariantName = "[No Variations]"
Add component (AddParameter): Name = "P"; Value = "SOT-23-3"; VariantName = "[No Variations]"
Add component (AddParameter): Name = "PN"; Value = "PMV15ENER"; VariantName = "[No Variations]"
Add component (AddParameter): Name = "URL"; Value = "https://www.mouser.in/ProductDetail/Nexperia/PMV15ENER?qs=Li%252BoUPsLEntpTHKsialBmQ%3D%3D"; VariantName = "[No Variations]"
Added Component: Designator=Q12(SOT-23-3)
Add component (AddParameter): Name = "D"; Value = "Bipolar Transistors - BJT BC847C/SOT23/TO-236AB"; VariantName = "[No Variations]"
Add component (AddParameter): Name = "MFR"; Value = "Nexperia"; VariantName = "[No Variations]"
Add component (AddParameter): Name = "P"; Value = "SOT-23-3"; VariantName = "[No Variations]"
Add component (AddParameter): Name = "PN"; Value = "BC847C,215"; VariantName = "[No Variations]"
Add component (AddParameter): Name = "URL"; Value = "https://www.mouser.in/ProductDetail/Nexperia/BC847C215?qs=me8TqzrmIYVnv3C18%2Fxa3Q%3D%3D"; VariantName = "[No Variations]"
Added Component: Designator=Q13(SOT-23-3)
Add component (AddParameter): Name = "D"; Value = "Bipolar Transistors - BJT BC847C/SOT23/TO-236AB"; VariantName = "[No Variations]"
Add component (AddParameter): Name = "MFR"; Value = "Nexperia"; VariantName = "[No Variations]"
Add component (AddParameter): Name = "P"; Value = "SOT-23-3"; VariantName = "[No Variations]"
Add component (AddParameter): Name = "PN"; Value = "BC847C,215"; VariantName = "[No Variations]"
Add component (AddParameter): Name = "URL"; Value = "https://www.mouser.in/ProductDetail/Nexperia/BC847C215?qs=me8TqzrmIYVnv3C18%2Fxa3Q%3D%3D"; VariantName = "[No Variations]"
Added Component: Designator=Q14A(SOT23FR)
Add component (AddParameter): Name = "D"; Value = "MOSFET PMV15ENE/SOT23/TO-236AB"; VariantName = "[No Variations]"
Add component (AddParameter): Name = "MFR"; Value = "Nexperia"; VariantName = "[No Variations]"
Add component (AddParameter): Name = "P"; Value = "SOT-23-3"; VariantName = "[No Variations]"
Add component (AddParameter): Name = "PN"; Value = "PMV15ENER"; VariantName = "[No Variations]"
Add component (AddParameter): Name = "URL"; Value = "https://www.mouser.in/ProductDetail/Nexperia/PMV15ENER?qs=Li%252BoUPsLEntpTHKsialBmQ%3D%3D"; VariantName = "[No Variations]"
Added Component: Designator=Q14B(SOT23FR)
Add component (AddParameter): Name = "D"; Value = "MOSFET PMV15ENE/SOT23/TO-236AB"; VariantName = "[No Variations]"
Add component (AddParameter): Name = "MFR"; Value = "Nexperia"; VariantName = "[No Variations]"
Add component (AddParameter): Name = "P"; Value = "SOT-23-3"; VariantName = "[No Variations]"
Add component (AddParameter): Name = "PN"; Value = "PMV15ENER"; VariantName = "[No Variations]"
Add component (AddParameter): Name = "URL"; Value = "https://www.mouser.in/ProductDetail/Nexperia/PMV15ENER?qs=Li%252BoUPsLEntpTHKsialBmQ%3D%3D"; VariantName = "[No Variations]"
Added Component: Designator=R1(R_0603)
Add component (AddParameter): Name = "D"; Value = ""; VariantName = "[No Variations]"
Add component (AddParameter): Name = "MFR"; Value = ""; VariantName = "[No Variations]"
Add component (AddParameter): Name = "P"; Value = ""; VariantName = "[No Variations]"
Add component (AddParameter): Name = "PN"; Value = ""; VariantName = "[No Variations]"
Add component (AddParameter): Name = "URL"; Value = ""; VariantName = "[No Variations]"
Added Component: Designator=R2(R_0603)
Add component (AddParameter): Name = "D"; Value = ""; VariantName = "[No Variations]"
Add component (AddParameter): Name = "MFR"; Value = ""; VariantName = "[No Variations]"
Add component (AddParameter): Name = "P"; Value = ""; VariantName = "[No Variations]"
Add component (AddParameter): Name = "PN"; Value = ""; VariantName = "[No Variations]"
Add component (AddParameter): Name = "URL"; Value = ""; VariantName = "[No Variations]"
Added Component: Designator=R3(R_0603)
Add component (AddParameter): Name = "D"; Value = ""; VariantName = "[No Variations]"
Add component (AddParameter): Name = "MFR"; Value = ""; VariantName = "[No Variations]"
Add component (AddParameter): Name = "P"; Value = ""; VariantName = "[No Variations]"
Add component (AddParameter): Name = "PN"; Value = ""; VariantName = "[No Variations]"
Add component (AddParameter): Name = "URL"; Value = ""; VariantName = "[No Variations]"
Added Component: Designator=R4(R_0603)
Add component (AddParameter): Name = "D"; Value = ""; VariantName = "[No Variations]"
Add component (AddParameter): Name = "MFR"; Value = ""; VariantName = "[No Variations]"
Add component (AddParameter): Name = "P"; Value = ""; VariantName = "[No Variations]"
Add component (AddParameter): Name = "PN"; Value = ""; VariantName = "[No Variations]"
Add component (AddParameter): Name = "URL"; Value = ""; VariantName = "[No Variations]"
Added Component: Designator=R5(R_0603)
Add component (AddParameter): Name = "D"; Value = ""; VariantName = "[No Variations]"
Add component (AddParameter): Name = "MFR"; Value = ""; VariantName = "[No Variations]"
Add component (AddParameter): Name = "P"; Value = ""; VariantName = "[No Variations]"
Add component (AddParameter): Name = "PN"; Value = ""; VariantName = "[No Variations]"
Add component (AddParameter): Name = "URL"; Value = ""; VariantName = "[No Variations]"
Added Component: Designator=R6(R_0603)
Add component (AddParameter): Name = "D"; Value = ""; VariantName = "[No Variations]"
Add component (AddParameter): Name = "MFR"; Value = ""; VariantName = "[No Variations]"
Add component (AddParameter): Name = "P"; Value = ""; VariantName = "[No Variations]"
Add component (AddParameter): Name = "PN"; Value = ""; VariantName = "[No Variations]"
Add component (AddParameter): Name = "URL"; Value = ""; VariantName = "[No Variations]"
Added Component: Designator=R7(R_0603)
Add component (AddParameter): Name = "D"; Value = ""; VariantName = "[No Variations]"
Add component (AddParameter): Name = "MFR"; Value = ""; VariantName = "[No Variations]"
Add component (AddParameter): Name = "P"; Value = ""; VariantName = "[No Variations]"
Add component (AddParameter): Name = "PN"; Value = ""; VariantName = "[No Variations]"
Add component (AddParameter): Name = "URL"; Value = ""; VariantName = "[No Variations]"
Added Component: Designator=R8(R_0603)
Add component (AddParameter): Name = "D"; Value = ""; VariantName = "[No Variations]"
Add component (AddParameter): Name = "MFR"; Value = ""; VariantName = "[No Variations]"
Add component (AddParameter): Name = "P"; Value = ""; VariantName = "[No Variations]"
Add component (AddParameter): Name = "PN"; Value = ""; VariantName = "[No Variations]"
Add component (AddParameter): Name = "URL"; Value = ""; VariantName = "[No Variations]"
Added Component: Designator=R9(R_0603)
Add component (AddParameter): Name = "D"; Value = ""; VariantName = "[No Variations]"
Add component (AddParameter): Name = "MFR"; Value = ""; VariantName = "[No Variations]"
Add component (AddParameter): Name = "P"; Value = ""; VariantName = "[No Variations]"
Add component (AddParameter): Name = "PN"; Value = ""; VariantName = "[No Variations]"
Add component (AddParameter): Name = "URL"; Value = ""; VariantName = "[No Variations]"
Added Component: Designator=R10(R_0603)
Add component (AddParameter): Name = "D"; Value = ""; VariantName = "[No Variations]"
Add component (AddParameter): Name = "MFR"; Value = ""; VariantName = "[No Variations]"
Add component (AddParameter): Name = "P"; Value = ""; VariantName = "[No Variations]"
Add component (AddParameter): Name = "PN"; Value = ""; VariantName = "[No Variations]"
Add component (AddParameter): Name = "URL"; Value = ""; VariantName = "[No Variations]"
Added Component: Designator=R11(R_0603)
Add component (AddParameter): Name = "D"; Value = ""; VariantName = "[No Variations]"
Add component (AddParameter): Name = "MFR"; Value = ""; VariantName = "[No Variations]"
Add component (AddParameter): Name = "P"; Value = ""; VariantName = "[No Variations]"
Add component (AddParameter): Name = "PN"; Value = ""; VariantName = "[No Variations]"
Add component (AddParameter): Name = "URL"; Value = ""; VariantName = "[No Variations]"
Added Component: Designator=R12(R_0603)
Add component (AddParameter): Name = "D"; Value = ""; VariantName = "[No Variations]"
Add component (AddParameter): Name = "MFR"; Value = ""; VariantName = "[No Variations]"
Add component (AddParameter): Name = "P"; Value = ""; VariantName = "[No Variations]"
Add component (AddParameter): Name = "PN"; Value = ""; VariantName = "[No Variations]"
Add component (AddParameter): Name = "URL"; Value = ""; VariantName = "[No Variations]"
Added Component: Designator=R13(R_0603)
Add component (AddParameter): Name = "D"; Value = ""; VariantName = "[No Variations]"
Add component (AddParameter): Name = "MFR"; Value = ""; VariantName = "[No Variations]"
Add component (AddParameter): Name = "P"; Value = ""; VariantName = "[No Variations]"
Add component (AddParameter): Name = "PN"; Value = ""; VariantName = "[No Variations]"
Add component (AddParameter): Name = "URL"; Value = ""; VariantName = "[No Variations]"
Added Component: Designator=R14(R_0603)
Add component (AddParameter): Name = "D"; Value = ""; VariantName = "[No Variations]"
Add component (AddParameter): Name = "MFR"; Value = ""; VariantName = "[No Variations]"
Add component (AddParameter): Name = "P"; Value = ""; VariantName = "[No Variations]"
Add component (AddParameter): Name = "PN"; Value = ""; VariantName = "[No Variations]"
Add component (AddParameter): Name = "URL"; Value = ""; VariantName = "[No Variations]"
Added Component: Designator=R15A(R_0603)
Add component (AddParameter): Name = "D"; Value = ""; VariantName = "[No Variations]"
Add component (AddParameter): Name = "MFR"; Value = ""; VariantName = "[No Variations]"
Add component (AddParameter): Name = "P"; Value = ""; VariantName = "[No Variations]"
Add component (AddParameter): Name = "PN"; Value = ""; VariantName = "[No Variations]"
Add component (AddParameter): Name = "URL"; Value = ""; VariantName = "[No Variations]"
Added Component: Designator=R15B(R_0603)
Add component (AddParameter): Name = "D"; Value = ""; VariantName = "[No Variations]"
Add component (AddParameter): Name = "MFR"; Value = ""; VariantName = "[No Variations]"
Add component (AddParameter): Name = "P"; Value = ""; VariantName = "[No Variations]"
Add component (AddParameter): Name = "PN"; Value = ""; VariantName = "[No Variations]"
Add component (AddParameter): Name = "URL"; Value = ""; VariantName = "[No Variations]"
Added Component: Designator=R16A(R_0603)
Add component (AddParameter): Name = "D"; Value = ""; VariantName = "[No Variations]"
Add component (AddParameter): Name = "MFR"; Value = ""; VariantName = "[No Variations]"
Add component (AddParameter): Name = "P"; Value = ""; VariantName = "[No Variations]"
Add component (AddParameter): Name = "PN"; Value = ""; VariantName = "[No Variations]"
Add component (AddParameter): Name = "URL"; Value = ""; VariantName = "[No Variations]"
Added Component: Designator=R16B(R_0603)
Add component (AddParameter): Name = "D"; Value = ""; VariantName = "[No Variations]"
Add component (AddParameter): Name = "MFR"; Value = ""; VariantName = "[No Variations]"
Add component (AddParameter): Name = "P"; Value = ""; VariantName = "[No Variations]"
Add component (AddParameter): Name = "PN"; Value = ""; VariantName = "[No Variations]"
Add component (AddParameter): Name = "URL"; Value = ""; VariantName = "[No Variations]"
Added Component: Designator=R17(R_0603)
Add component (AddParameter): Name = "D"; Value = ""; VariantName = "[No Variations]"
Add component (AddParameter): Name = "MFR"; Value = ""; VariantName = "[No Variations]"
Add component (AddParameter): Name = "P"; Value = ""; VariantName = "[No Variations]"
Add component (AddParameter): Name = "PN"; Value = ""; VariantName = "[No Variations]"
Add component (AddParameter): Name = "URL"; Value = ""; VariantName = "[No Variations]"
Added Component: Designator=R18(R_0603)
Add component (AddParameter): Name = "D"; Value = ""; VariantName = "[No Variations]"
Add component (AddParameter): Name = "MFR"; Value = ""; VariantName = "[No Variations]"
Add component (AddParameter): Name = "P"; Value = ""; VariantName = "[No Variations]"
Add component (AddParameter): Name = "PN"; Value = ""; VariantName = "[No Variations]"
Add component (AddParameter): Name = "URL"; Value = ""; VariantName = "[No Variations]"
Added Component: Designator=R19(R_0603)
Add component (AddParameter): Name = "D"; Value = ""; VariantName = "[No Variations]"
Add component (AddParameter): Name = "MFR"; Value = ""; VariantName = "[No Variations]"
Add component (AddParameter): Name = "P"; Value = ""; VariantName = "[No Variations]"
Add component (AddParameter): Name = "PN"; Value = ""; VariantName = "[No Variations]"
Add component (AddParameter): Name = "URL"; Value = ""; VariantName = "[No Variations]"
Added Component: Designator=R20(R_0603)
Add component (AddParameter): Name = "D"; Value = ""; VariantName = "[No Variations]"
Add component (AddParameter): Name = "MFR"; Value = ""; VariantName = "[No Variations]"
Add component (AddParameter): Name = "P"; Value = ""; VariantName = "[No Variations]"
Add component (AddParameter): Name = "PN"; Value = ""; VariantName = "[No Variations]"
Add component (AddParameter): Name = "URL"; Value = ""; VariantName = "[No Variations]"
Added Component: Designator=R21(R_0603)
Add component (AddParameter): Name = "D"; Value = ""; VariantName = "[No Variations]"
Add component (AddParameter): Name = "MFR"; Value = ""; VariantName = "[No Variations]"
Add component (AddParameter): Name = "P"; Value = ""; VariantName = "[No Variations]"
Add component (AddParameter): Name = "PN"; Value = ""; VariantName = "[No Variations]"
Add component (AddParameter): Name = "URL"; Value = ""; VariantName = "[No Variations]"
Added Component: Designator=R22(R_0603)
Add component (AddParameter): Name = "D"; Value = ""; VariantName = "[No Variations]"
Add component (AddParameter): Name = "MFR"; Value = ""; VariantName = "[No Variations]"
Add component (AddParameter): Name = "P"; Value = ""; VariantName = "[No Variations]"
Add component (AddParameter): Name = "PN"; Value = ""; VariantName = "[No Variations]"
Add component (AddParameter): Name = "URL"; Value = ""; VariantName = "[No Variations]"
Added Component: Designator=R23(R_0603)
Add component (AddParameter): Name = "D"; Value = ""; VariantName = "[No Variations]"
Add component (AddParameter): Name = "MFR"; Value = ""; VariantName = "[No Variations]"
Add component (AddParameter): Name = "P"; Value = ""; VariantName = "[No Variations]"
Add component (AddParameter): Name = "PN"; Value = ""; VariantName = "[No Variations]"
Add component (AddParameter): Name = "URL"; Value = ""; VariantName = "[No Variations]"
Added Component: Designator=R24(R_0603)
Add component (AddParameter): Name = "D"; Value = ""; VariantName = "[No Variations]"
Add component (AddParameter): Name = "MFR"; Value = ""; VariantName = "[No Variations]"
Add component (AddParameter): Name = "P"; Value = ""; VariantName = "[No Variations]"
Add component (AddParameter): Name = "PN"; Value = ""; VariantName = "[No Variations]"
Add component (AddParameter): Name = "URL"; Value = ""; VariantName = "[No Variations]"
Added Component: Designator=R25(R_0603)
Add component (AddParameter): Name = "D"; Value = ""; VariantName = "[No Variations]"
Add component (AddParameter): Name = "MFR"; Value = ""; VariantName = "[No Variations]"
Add component (AddParameter): Name = "P"; Value = ""; VariantName = "[No Variations]"
Add component (AddParameter): Name = "PN"; Value = ""; VariantName = "[No Variations]"
Add component (AddParameter): Name = "URL"; Value = ""; VariantName = "[No Variations]"
Added Component: Designator=R26(R_0603)
Add component (AddParameter): Name = "D"; Value = ""; VariantName = "[No Variations]"
Add component (AddParameter): Name = "MFR"; Value = ""; VariantName = "[No Variations]"
Add component (AddParameter): Name = "P"; Value = ""; VariantName = "[No Variations]"
Add component (AddParameter): Name = "PN"; Value = ""; VariantName = "[No Variations]"
Add component (AddParameter): Name = "URL"; Value = ""; VariantName = "[No Variations]"
Added Component: Designator=R27(R_0603)
Add component (AddParameter): Name = "D"; Value = ""; VariantName = "[No Variations]"
Add component (AddParameter): Name = "MFR"; Value = ""; VariantName = "[No Variations]"
Add component (AddParameter): Name = "P"; Value = ""; VariantName = "[No Variations]"
Add component (AddParameter): Name = "PN"; Value = ""; VariantName = "[No Variations]"
Add component (AddParameter): Name = "URL"; Value = ""; VariantName = "[No Variations]"
Added Component: Designator=R28(R_0603)
Add component (AddParameter): Name = "D"; Value = ""; VariantName = "[No Variations]"
Add component (AddParameter): Name = "MFR"; Value = ""; VariantName = "[No Variations]"
Add component (AddParameter): Name = "P"; Value = ""; VariantName = "[No Variations]"
Add component (AddParameter): Name = "PN"; Value = ""; VariantName = "[No Variations]"
Add component (AddParameter): Name = "URL"; Value = ""; VariantName = "[No Variations]"
Added Component: Designator=R29(R_0603)
Add component (AddParameter): Name = "D"; Value = ""; VariantName = "[No Variations]"
Add component (AddParameter): Name = "MFR"; Value = ""; VariantName = "[No Variations]"
Add component (AddParameter): Name = "P"; Value = ""; VariantName = "[No Variations]"
Add component (AddParameter): Name = "PN"; Value = ""; VariantName = "[No Variations]"
Add component (AddParameter): Name = "URL"; Value = ""; VariantName = "[No Variations]"
Added Component: Designator=R30(R_0603)
Add component (AddParameter): Name = "D"; Value = ""; VariantName = "[No Variations]"
Add component (AddParameter): Name = "MFR"; Value = ""; VariantName = "[No Variations]"
Add component (AddParameter): Name = "P"; Value = ""; VariantName = "[No Variations]"
Add component (AddParameter): Name = "PN"; Value = ""; VariantName = "[No Variations]"
Add component (AddParameter): Name = "URL"; Value = ""; VariantName = "[No Variations]"
Added Component: Designator=R31(R_0603)
Add component (AddParameter): Name = "D"; Value = ""; VariantName = "[No Variations]"
Add component (AddParameter): Name = "MFR"; Value = ""; VariantName = "[No Variations]"
Add component (AddParameter): Name = "P"; Value = ""; VariantName = "[No Variations]"
Add component (AddParameter): Name = "PN"; Value = ""; VariantName = "[No Variations]"
Add component (AddParameter): Name = "URL"; Value = ""; VariantName = "[No Variations]"
Added Component: Designator=R32(R_0603)
Add component (AddParameter): Name = "D"; Value = ""; VariantName = "[No Variations]"
Add component (AddParameter): Name = "MFR"; Value = ""; VariantName = "[No Variations]"
Add component (AddParameter): Name = "P"; Value = ""; VariantName = "[No Variations]"
Add component (AddParameter): Name = "PN"; Value = ""; VariantName = "[No Variations]"
Add component (AddParameter): Name = "URL"; Value = ""; VariantName = "[No Variations]"
Added Component: Designator=R33(R_0603)
Add component (AddParameter): Name = "D"; Value = ""; VariantName = "[No Variations]"
Add component (AddParameter): Name = "MFR"; Value = ""; VariantName = "[No Variations]"
Add component (AddParameter): Name = "P"; Value = ""; VariantName = "[No Variations]"
Add component (AddParameter): Name = "PN"; Value = ""; VariantName = "[No Variations]"
Add component (AddParameter): Name = "URL"; Value = ""; VariantName = "[No Variations]"
Added Component: Designator=R34(R_0603)
Add component (AddParameter): Name = "D"; Value = ""; VariantName = "[No Variations]"
Add component (AddParameter): Name = "MFR"; Value = ""; VariantName = "[No Variations]"
Add component (AddParameter): Name = "P"; Value = ""; VariantName = "[No Variations]"
Add component (AddParameter): Name = "PN"; Value = ""; VariantName = "[No Variations]"
Add component (AddParameter): Name = "URL"; Value = ""; VariantName = "[No Variations]"
Added Component: Designator=R35(R_0603)
Add component (AddParameter): Name = "D"; Value = ""; VariantName = "[No Variations]"
Add component (AddParameter): Name = "MFR"; Value = ""; VariantName = "[No Variations]"
Add component (AddParameter): Name = "P"; Value = ""; VariantName = "[No Variations]"
Add component (AddParameter): Name = "PN"; Value = ""; VariantName = "[No Variations]"
Add component (AddParameter): Name = "URL"; Value = ""; VariantName = "[No Variations]"
Added Component: Designator=R36(R_0603)
Add component (AddParameter): Name = "D"; Value = ""; VariantName = "[No Variations]"
Add component (AddParameter): Name = "MFR"; Value = ""; VariantName = "[No Variations]"
Add component (AddParameter): Name = "P"; Value = ""; VariantName = "[No Variations]"
Add component (AddParameter): Name = "PN"; Value = ""; VariantName = "[No Variations]"
Add component (AddParameter): Name = "URL"; Value = ""; VariantName = "[No Variations]"
Added Component: Designator=R37(R_0603)
Add component (AddParameter): Name = "D"; Value = ""; VariantName = "[No Variations]"
Add component (AddParameter): Name = "MFR"; Value = ""; VariantName = "[No Variations]"
Add component (AddParameter): Name = "P"; Value = ""; VariantName = "[No Variations]"
Add component (AddParameter): Name = "PN"; Value = ""; VariantName = "[No Variations]"
Add component (AddParameter): Name = "URL"; Value = ""; VariantName = "[No Variations]"
Added Component: Designator=R38(R_0603)
Add component (AddParameter): Name = "D"; Value = ""; VariantName = "[No Variations]"
Add component (AddParameter): Name = "MFR"; Value = ""; VariantName = "[No Variations]"
Add component (AddParameter): Name = "P"; Value = ""; VariantName = "[No Variations]"
Add component (AddParameter): Name = "PN"; Value = ""; VariantName = "[No Variations]"
Add component (AddParameter): Name = "URL"; Value = ""; VariantName = "[No Variations]"
Added Component: Designator=R39(R_0603)
Add component (AddParameter): Name = "D"; Value = ""; VariantName = "[No Variations]"
Add component (AddParameter): Name = "MFR"; Value = ""; VariantName = "[No Variations]"
Add component (AddParameter): Name = "P"; Value = ""; VariantName = "[No Variations]"
Add component (AddParameter): Name = "PN"; Value = ""; VariantName = "[No Variations]"
Add component (AddParameter): Name = "URL"; Value = ""; VariantName = "[No Variations]"
Added Component: Designator=R40A(R_0603)
Add component (AddParameter): Name = "D"; Value = ""; VariantName = "[No Variations]"
Add component (AddParameter): Name = "MFR"; Value = ""; VariantName = "[No Variations]"
Add component (AddParameter): Name = "P"; Value = ""; VariantName = "[No Variations]"
Add component (AddParameter): Name = "PN"; Value = ""; VariantName = "[No Variations]"
Add component (AddParameter): Name = "URL"; Value = ""; VariantName = "[No Variations]"
Added Component: Designator=R40B(R_0603)
Add component (AddParameter): Name = "D"; Value = ""; VariantName = "[No Variations]"
Add component (AddParameter): Name = "MFR"; Value = ""; VariantName = "[No Variations]"
Add component (AddParameter): Name = "P"; Value = ""; VariantName = "[No Variations]"
Add component (AddParameter): Name = "PN"; Value = ""; VariantName = "[No Variations]"
Add component (AddParameter): Name = "URL"; Value = ""; VariantName = "[No Variations]"
Added Component: Designator=R41(R_0603)
Add component (AddParameter): Name = "D"; Value = ""; VariantName = "[No Variations]"
Add component (AddParameter): Name = "MFR"; Value = ""; VariantName = "[No Variations]"
Add component (AddParameter): Name = "P"; Value = ""; VariantName = "[No Variations]"
Add component (AddParameter): Name = "PN"; Value = ""; VariantName = "[No Variations]"
Add component (AddParameter): Name = "URL"; Value = ""; VariantName = "[No Variations]"
Added Component: Designator=REG1(SOT-223)
Add component (AddParameter): Name = "D"; Value = "LDO Voltage Regulators 5.0V 1A Positive"; VariantName = "[No Variations]"
Add component (AddParameter): Name = "MFR"; Value = "onsemi"; VariantName = "[No Variations]"
Add component (AddParameter): Name = "P"; Value = "SOT-223-3"; VariantName = "[No Variations]"
Add component (AddParameter): Name = "PN"; Value = "NCP1117ST50T3G"; VariantName = "[No Variations]"
Add component (AddParameter): Name = "URL"; Value = "https://www.mouser.in/ProductDetail/onsemi/NCP1117ST50T3G?qs=Gev%252BmEvV0ib6dijy6U0dhQ%3D%3D"; VariantName = "[No Variations]"
Added Component: Designator=REG2(SOT-223)
Add component (AddParameter): Name = "D"; Value = "LDO Voltage Regulators 12.0V 1A Positive"; VariantName = "[No Variations]"
Add component (AddParameter): Name = "MFR"; Value = "onsemi"; VariantName = "[No Variations]"
Add component (AddParameter): Name = "P"; Value = "SOT-223"; VariantName = "[No Variations]"
Add component (AddParameter): Name = "PN"; Value = "NCP1117ST50T3G"; VariantName = "[No Variations]"
Add component (AddParameter): Name = "URL"; Value = "https://www.mouser.in/ProductDetail/onsemi/NCP1117ST12T3G?qs=Gev%252BmEvV0iYlVubarTuj5w%3D%3D"; VariantName = "[No Variations]"
Added Component: Designator=SW2(PTS636 SM43J SMTR LFS)
Add component (AddParameter): Name = "D"; Value = "Tactile Switches Tact 50mA 12VDC, 6.0x3.5, 4.3mm H, 180gf, J leads, No ground pin, Black Actuator"; VariantName = "[No Variations]"
Add component (AddParameter): Name = "MFR"; Value = "C&K"; VariantName = "[No Variations]"
Add component (AddParameter): Name = "P"; Value = ""; VariantName = "[No Variations]"
Add component (AddParameter): Name = "PN"; Value = "PTS636 SM43J SMTR LFS"; VariantName = "[No Variations]"
Add component (AddParameter): Name = "URL"; Value = "https://www.mouser.in/ProductDetail/CK/PTS636-SM43J-SMTR-LFS?qs=vLWxofP3U2wboJ6ciMafNg%3D%3D"; VariantName = "[No Variations]"
Added Component: Designator=SW3(PTS636 SM43J SMTR LFS)
Add component (AddParameter): Name = "D"; Value = "Tactile Switches Tact 50mA 12VDC, 6.0x3.5, 4.3mm H, 180gf, J leads, No ground pin, Black Actuator"; VariantName = "[No Variations]"
Add component (AddParameter): Name = "MFR"; Value = "C&K"; VariantName = "[No Variations]"
Add component (AddParameter): Name = "P"; Value = ""; VariantName = "[No Variations]"
Add component (AddParameter): Name = "PN"; Value = "PTS636 SM43J SMTR LFS"; VariantName = "[No Variations]"
Add component (AddParameter): Name = "URL"; Value = "https://www.mouser.in/ProductDetail/CK/PTS636-SM43J-SMTR-LFS?qs=vLWxofP3U2wboJ6ciMafNg%3D%3D"; VariantName = "[No Variations]"
Added Component: Designator=TP1(TP)
Added Component: Designator=U1(VFQFN-24)
Add component (AddParameter): Name = "D"; Value = "USB Interface IC Standalone USB PD controller for power sinking devices"; VariantName = "[No Variations]"
Add component (AddParameter): Name = "MFR"; Value = "STMicroelectronics"; VariantName = "[No Variations]"
Add component (AddParameter): Name = "P"; Value = "QFN-24"; VariantName = "[No Variations]"
Add component (AddParameter): Name = "PN"; Value = "STUSB4500QTR"; VariantName = "[No Variations]"
Add component (AddParameter): Name = "URL"; Value = "https://www.mouser.in/ProductDetail/STMicroelectronics/STUSB4500QTR?qs=wUXugUrL1qyQbYMSzG1ujg%3D%3D&gclid=CjwKCAiA7IGcBhA8EiwAFfUDsZkZhe45H6sb259SlrXLDhHuC3iFilUbHdwuboXJa3yG6M-NUEA8VhoC06YQAvD_BwE"; VariantName = "[No Variations]"
Added Component: Designator=U2(SOT-23-6)
Add component (AddParameter): Name = "D"; Value = "Switching Voltage Regulators DCDC Conv HV Buck TSOT26 T&R 3K"; VariantName = "[No Variations]"
Add component (AddParameter): Name = "MFR"; Value = "Diodes Incorporated"; VariantName = "[No Variations]"
Add component (AddParameter): Name = "P"; Value = "TSOT26"; VariantName = "[No Variations]"
Add component (AddParameter): Name = "PN"; Value = "AP63301WU-7"; VariantName = "[No Variations]"
Add component (AddParameter): Name = "URL"; Value = "https://www.mouser.in/ProductDetail/Diodes-Incorporated/AP63301WU-7?qs=bZr6mbWTK5mxozg17S0lNg%3D%3D"; VariantName = "[No Variations]"
Added Component: Designator=U3(SOIC-8)
Add component (AddParameter): Name = "D"; Value = "Timers & Support Products Automotive Grade Precision Timer"; VariantName = "[No Variations]"
Add component (AddParameter): Name = "MFR"; Value = "Diodes Incorporated"; VariantName = "[No Variations]"
Add component (AddParameter): Name = "P"; Value = "SOIC-8"; VariantName = "[No Variations]"
Add component (AddParameter): Name = "PN"; Value = "SE555QS-13"; VariantName = "[No Variations]"
Add component (AddParameter): Name = "URL"; Value = "https://www.mouser.in/ProductDetail/Diodes-Incorporated/SE555QS-13?qs=MHUP4w%2FlnDyIUxZVHd9p8w%3D%3D"; VariantName = "[No Variations]"
Added Component: Designator=U4(ESP32-WROVER-IE)
Add component (AddParameter): Name = "D"; Value = "Multiprotocol Modules SMD Module ESP32-WROVER-IE, ESP32-D0WD-V3, 3.3V 64Mbit PSRAM, 16 MB SPI flash, IPEX connector"; VariantName = "[No Variations]"
Add component (AddParameter): Name = "MFR"; Value = "Espressif Systems"; VariantName = "[No Variations]"
Add component (AddParameter): Name = "P"; Value = ""; VariantName = "[No Variations]"
Add component (AddParameter): Name = "PN"; Value = "ESP32-WROVER-IE-N16R8"; VariantName = "[No Variations]"
Add component (AddParameter): Name = "URL"; Value = "https://www.mouser.in/ProductDetail/Espressif-Systems/ESP32-WROVER-IE-N16R8?qs=sGAEpiMZZMu3sxpa5v1qrkR%2F6t0IkXq8TEHvlzz2yS8%3D"; VariantName = "[No Variations]"
Added Component: Designator=U5(SSCMANN010BA2A3)
Add component (AddParameter): Name = "D"; Value = "Board Mount Pressure Sensors"; VariantName = "[No Variations]"
Add component (AddParameter): Name = "MFR"; Value = "HONEYWELL"; VariantName = "[No Variations]"
Add component (AddParameter): Name = "PN"; Value = "SSCMANN010BA2A3"; VariantName = "[No Variations]"
Add component (AddParameter): Name = "URL"; Value = "https://www.mouser.in/ProductDetail/Honeywell/SSCMANN010BA2A3?qs=V2VaM7qhK8cLhmuNijeOKA%3D%3D"; VariantName = "[No Variations]"
Added Component: Designator=U6(LSSOP-30)
Add component (AddParameter): Name = "D"; Value = "16-bit Microcontrollers - MCU 16BIT MCU RL78/G12 16K 30LSSOP -40/+85C"; VariantName = "[No Variations]"
Add component (AddParameter): Name = "MFR"; Value = "Renesas Electronics"; VariantName = "[No Variations]"
Add component (AddParameter): Name = "P"; Value = "LSSOP-30"; VariantName = "[No Variations]"
Add component (AddParameter): Name = "PN"; Value = "R5F102AAASP#50"; VariantName = "[No Variations]"
Add component (AddParameter): Name = "URL"; Value = "https://www.mouser.in/ProductDetail/Renesas-Electronics/R5F102AAASP50?qs=EBDBlbfErPyLiV42bLqAfw%3D%3D"; VariantName = "[No Variations]"
Added Component: Designator=Y1(12MHz)
Add component (AddParameter): Name = "D"; Value = "Crystals 12.0 MHZ 18PF"; VariantName = "[No Variations]"
Add component (AddParameter): Name = "MFR"; Value = "ABRACON"; VariantName = "[No Variations]"
Add component (AddParameter): Name = "P"; Value = ""; VariantName = "[No Variations]"
Add component (AddParameter): Name = "PN"; Value = "ABM8G-12.000MHZ-18-D2Y-T"; VariantName = "[No Variations]"
Add component (AddParameter): Name = "URL"; Value = "https://www.mouser.in/ProductDetail/ABRACON/ABM8G-12.000MHZ-18-D2Y-T?qs=3LVMET7lfiMArGND0L1Ksw%3D%3D"; VariantName = "[No Variations]"
Added Pin To Net: NetName=GND Pin=BAT1-1
Added Pin To Net: NetName=BAT_OUT Pin=BAT1-2
Added Pin To Net: NetName=GND Pin=C1-1
Added Pin To Net: NetName=VUSB Pin=C1-2
Added Pin To Net: NetName=NetC2_1 Pin=C2-1
Added Pin To Net: NetName=NetC2_2 Pin=C2-2
Added Pin To Net: NetName=GND Pin=C3-1
Added Pin To Net: NetName=NetC3_2 Pin=C3-2
Added Pin To Net: NetName=GND Pin=C4-1
Added Pin To Net: NetName=NetC4_2 Pin=C4-2
Added Pin To Net: NetName=NetC5_1 Pin=C5-1
Added Pin To Net: NetName=NetC5_2 Pin=C5-2
Added Pin To Net: NetName=NetC6_1 Pin=C6-1
Added Pin To Net: NetName=NetC6_2 Pin=C6-2
Added Pin To Net: NetName=GND Pin=C7-1
Added Pin To Net: NetName=NetC7_2 Pin=C7-2
Added Pin To Net: NetName=GND Pin=C8-1
Added Pin To Net: NetName=NetC6_2 Pin=C8-2
Added Pin To Net: NetName=GND Pin=C9-1
Added Pin To Net: NetName=NetC6_2 Pin=C9-2
Added Pin To Net: NetName=GND Pin=C10-1
Added Pin To Net: NetName=NetC10_2 Pin=C10-2
Added Pin To Net: NetName=GND Pin=C11-1
Added Pin To Net: NetName=NetC11_2 Pin=C11-2
Added Pin To Net: NetName=GND Pin=C12-1
Added Pin To Net: NetName=NetC10_2 Pin=C12-2
Added Pin To Net: NetName=GND Pin=C13-1
Added Pin To Net: NetName=NetC13_2 Pin=C13-2
Added Pin To Net: NetName=NetC14_1 Pin=C14-1
Added Pin To Net: NetName=NetC14_2 Pin=C14-2
Added Pin To Net: NetName=NetC14_1 Pin=C15-1
Added Pin To Net: NetName=NetC15_2 Pin=C15-2
Added Pin To Net: NetName=NetC15_2 Pin=C16-1
Added Pin To Net: NetName=NetC16_2 Pin=C16-2
Added Pin To Net: NetName=NetC15_2 Pin=C17-1
Added Pin To Net: NetName=NetC17_2 Pin=C17-2
Added Pin To Net: NetName=GND Pin=C18-2
Added Pin To Net: NetName=GND Pin=C19-1
Added Pin To Net: NetName=ESP_EN Pin=C19-2
Added Pin To Net: NetName=GND Pin=C20-1
Added Pin To Net: NetName=ESP_IO0 Pin=C20-2
Added Pin To Net: NetName=GND Pin=C21-1
Added Pin To Net: NetName=ESP_EN Pin=C21-2
Added Pin To Net: NetName=GND Pin=C22-1
Added Pin To Net: NetName=GND Pin=C23-1
Added Pin To Net: NetName=GND Pin=C24-1
Added Pin To Net: NetName=GND Pin=C25-1
Added Pin To Net: NetName=GND Pin=C26-1
Added Pin To Net: NetName=GND Pin=C27-1
Added Pin To Net: NetName=GND Pin=C28-1
Added Pin To Net: NetName=GND Pin=C29-1
Added Pin To Net: NetName=CC2 Pin=CON1-A5
Added Pin To Net: NetName=VUSB Pin=CON1-A9
Added Pin To Net: NetName=GND Pin=CON1-A12
Added Pin To Net: NetName=CC1 Pin=CON1-B5
Added Pin To Net: NetName=VUSB Pin=CON1-B9
Added Pin To Net: NetName=GND Pin=CON1-B12
Added Pin To Net: NetName=NetCON1_S1 Pin=CON1-S1
Added Pin To Net: NetName=NetCON1_S1 Pin=CON1-S2
Added Pin To Net: NetName=NetCON1_S1 Pin=CON1-S3
Added Pin To Net: NetName=NetCON1_S1 Pin=CON1-S4
Added Pin To Net: NetName=3.3V Pin=CON2-1
Added Pin To Net: NetName=SCL Pin=CON2-2
Added Pin To Net: NetName=SDA Pin=CON2-3
Added Pin To Net: NetName=GND Pin=CON2-4
Added Pin To Net: NetName=RTS Pin=CON3-1
Added Pin To Net: NetName=RXD0 Pin=CON3-2
Added Pin To Net: NetName=TXD0 Pin=CON3-3
Added Pin To Net: NetName=DTR Pin=CON3-4
Added Pin To Net: NetName=GND Pin=CON4-2
Added Pin To Net: NetName=3.3V Pin=CON4-3
Added Pin To Net: NetName=GND Pin=CON4-4
Added Pin To Net: NetName=NetCON5A_2 Pin=CON5A-2
Added Pin To Net: NetName=NetCON5B_2 Pin=CON5B-2
Added Pin To Net: NetName=NetC2_2 Pin=D1-2
Added Pin To Net: NetName=GND Pin=D1-3
Added Pin To Net: NetName=NetC3_2 Pin=D2-A
Added Pin To Net: NetName=VDD Pin=D2-C
Added Pin To Net: NetName=VUSB Pin=D3-2
Added Pin To Net: NetName=GND Pin=D3-3
Added Pin To Net: NetName=CC1 Pin=D4-1
Added Pin To Net: NetName=CC2 Pin=D4-2
Added Pin To Net: NetName=GND Pin=D4-3
Added Pin To Net: NetName=NetCON5A_2 Pin=D5A-A
Added Pin To Net: NetName=NetCON5B_2 Pin=D5B-A
Added Pin To Net: NetName=NetC14_2 Pin=D6-A
Added Pin To Net: NetName=NetC11_2 Pin=D8-A
Added Pin To Net: NetName=NetC10_2 Pin=D8-C
Added Pin To Net: NetName=NetC13_2 Pin=D9-A
Added Pin To Net: NetName=NetC10_2 Pin=D9-C
Added Pin To Net: NetName=NetIR1_CATH Pin=IR1-CATH
Added Pin To Net: NetName=NetIR1_COLL Pin=IR1-COLL
Added Pin To Net: NetName=LIQUID_SENSE Pin=IR1-E
Added Pin To Net: NetName=NetC2_2 Pin=J1-1
Added Pin To Net: NetName=NetJ1_2 Pin=J1-2
Added Pin To Net: NetName=VDD Pin=J2-1
Added Pin To Net: NetName=NetJ2_2 Pin=J2-2
Added Pin To Net: NetName=NetJ3_1 Pin=J3-1
Added Pin To Net: NetName=VDD Pin=J3-2
Added Pin To Net: NetName=NetJ4_1 Pin=J4-1
Added Pin To Net: NetName=NetJ4_2 Pin=J4-2
Added Pin To Net: NetName=GND Pin=J5-1
Added Pin To Net: NetName=ADDR1 Pin=J5-2
Added Pin To Net: NetName=GND Pin=J6-1
Added Pin To Net: NetName=ADDR2 Pin=J6-2
Added Pin To Net: NetName=BAT_OUT Pin=J7-1
Added Pin To Net: NetName=NetJ7_2 Pin=J7-2
Added Pin To Net: NetName=BAT_OUT Pin=J8-1
Added Pin To Net: NetName=NetC7_2 Pin=J8-2
Added Pin To Net: NetName=NetC6_2 Pin=J9-1
Added Pin To Net: NetName=3.3V Pin=J9-2
Added Pin To Net: NetName=NetC11_2 Pin=J10-1
Added Pin To Net: NetName=NetC10_2 Pin=J11-2
Added Pin To Net: NetName=NetC13_2 Pin=J12-1
Added Pin To Net: NetName=3.3V Pin=J13-1
Added Pin To Net: NetName=RXD0 Pin=J14-2
Added Pin To Net: NetName=TXD0 Pin=J15-2
Added Pin To Net: NetName=TEMP_SENS_2 Pin=J16-1
Added Pin To Net: NetName=TEMP_SENS_1 Pin=J17-1
Added Pin To Net: NetName=PD_RST Pin=J18-1
Added Pin To Net: NetName=ALERT Pin=J19-1
Added Pin To Net: NetName=LED_DATA Pin=J20-1
Added Pin To Net: NetName=PWR_SW Pin=J21-1
Added Pin To Net: NetName=SDA Pin=J22-1
Added Pin To Net: NetName=SCL Pin=J23-1
Added Pin To Net: NetName=FAN_EN_2 Pin=J24-1
Added Pin To Net: NetName=FAN_EN_1 Pin=J25-1
Added Pin To Net: NetName=HEATER_EN_2 Pin=J26-1
Added Pin To Net: NetName=HEATER_EN_1 Pin=J27-1
Added Pin To Net: NetName=HUM_EN Pin=J28-1
Added Pin To Net: NetName=LIQUID_SENSE Pin=J29-1
Added Pin To Net: NetName=BAT_SENS Pin=J30-1
Added Pin To Net: NetName=VSNK_SENS Pin=J31-1
Added Pin To Net: NetName=NetC14_2 Pin=L2-1
Added Pin To Net: NetName=NetLED1_A Pin=LED1-A
Added Pin To Net: NetName=NetLED1_K Pin=LED1-K
Added Pin To Net: NetName=NetLED2_A Pin=LED2-A
Added Pin To Net: NetName=NetLED2_K Pin=LED2-K
Added Pin To Net: NetName=NetLED3_A Pin=LED3-A
Added Pin To Net: NetName=NetJ4_2 Pin=LED3-K
Added Pin To Net: NetName=NetLED4_2 Pin=LED4-2
Added Pin To Net: NetName=GND Pin=LED4-3
Added Pin To Net: NetName=LED_DATA Pin=LED4-4
Added Pin To Net: NetName=NetLED5_2 Pin=LED5-2
Added Pin To Net: NetName=GND Pin=LED5-3
Added Pin To Net: NetName=NetLED4_2 Pin=LED5-4
Added Pin To Net: NetName=NetLED6_2 Pin=LED6-2
Added Pin To Net: NetName=GND Pin=LED6-3
Added Pin To Net: NetName=NetLED5_2 Pin=LED6-4
Added Pin To Net: NetName=NetLED7_2 Pin=LED7-2
Added Pin To Net: NetName=GND Pin=LED7-3
Added Pin To Net: NetName=NetLED6_2 Pin=LED7-4
Added Pin To Net: NetName=NetLED8_2 Pin=LED8-2
Added Pin To Net: NetName=GND Pin=LED8-3
Added Pin To Net: NetName=NetLED7_2 Pin=LED8-4
Added Pin To Net: NetName=GND Pin=LED9-3
Added Pin To Net: NetName=NetLED8_2 Pin=LED9-4
Added Pin To Net: NetName=NetC16_2 Pin=POT1-2
Added Pin To Net: NetName=NetPOT1_3 Pin=POT1-3
Added Pin To Net: NetName=NetC15_2 Pin=PZ1-1
Added Pin To Net: NetName=NetC14_1 Pin=PZ1-2
Added Pin To Net: NetName=NetC2_2 Pin=Q1-1
Added Pin To Net: NetName=NetC2_2 Pin=Q1-2
Added Pin To Net: NetName=NetQ1_3 Pin=Q1-3
Added Pin To Net: NetName=VUSB Pin=Q1-4
Added Pin To Net: NetName=NetC2_2 Pin=Q1-5
Added Pin To Net: NetName=NetC2_2 Pin=Q1-6
Added Pin To Net: NetName=NetCON5A_2 Pin=Q2A-1
Added Pin To Net: NetName=NetQ2A_2 Pin=Q2A-2
Added Pin To Net: NetName=GND Pin=Q2A-3
Added Pin To Net: NetName=NetCON5B_2 Pin=Q2B-1
Added Pin To Net: NetName=NetQ2B_2 Pin=Q2B-2
Added Pin To Net: NetName=GND Pin=Q2B-3
Added Pin To Net: NetName=NetQ3_3 Pin=Q3-3
Added Pin To Net: NetName=NetJ1_2 Pin=Q3-4
Added Pin To Net: NetName=NetQ4_1 Pin=Q4-1
Added Pin To Net: NetName=GND Pin=Q4-2
Added Pin To Net: NetName=NetQ3_3 Pin=Q4-3
Added Pin To Net: NetName=NetJ7_2 Pin=Q5-1
Added Pin To Net: NetName=NetJ7_2 Pin=Q5-2
Added Pin To Net: NetName=NetQ5_3 Pin=Q5-3
Added Pin To Net: NetName=NetJ1_2 Pin=Q5-4
Added Pin To Net: NetName=NetJ7_2 Pin=Q5-5
Added Pin To Net: NetName=NetJ7_2 Pin=Q5-6
Added Pin To Net: NetName=NetQ6_1 Pin=Q6-1
Added Pin To Net: NetName=GND Pin=Q6-2
Added Pin To Net: NetName=NetQ5_3 Pin=Q6-3
Added Pin To Net: NetName=NetQ7_3 Pin=Q7-3
Added Pin To Net: NetName=NetQ7_4 Pin=Q7-4
Added Pin To Net: NetName=NetQ8_1 Pin=Q8-1
Added Pin To Net: NetName=GND Pin=Q8-2
Added Pin To Net: NetName=NetQ7_3 Pin=Q8-3
Added Pin To Net: NetName=NetQ9_1 Pin=Q9-1
Added Pin To Net: NetName=GND Pin=Q9-2
Added Pin To Net: NetName=NetQ8_1 Pin=Q9-3
Added Pin To Net: NetName=NetC14_2 Pin=Q10-1
Added Pin To Net: NetName=NetQ10_2 Pin=Q10-2
Added Pin To Net: NetName=NetC15_2 Pin=Q10-3
Added Pin To Net: NetName=NetC15_2 Pin=Q11-1
Added Pin To Net: NetName=NetQ11_2 Pin=Q11-2
Added Pin To Net: NetName=GND Pin=Q11-3
Added Pin To Net: NetName=NetQ12_1 Pin=Q12-1
Added Pin To Net: NetName=RTS Pin=Q12-2
Added Pin To Net: NetName=ESP_EN Pin=Q12-3
Added Pin To Net: NetName=NetQ13_1 Pin=Q13-1
Added Pin To Net: NetName=DTR Pin=Q13-2
Added Pin To Net: NetName=ESP_IO0 Pin=Q13-3
Added Pin To Net: NetName=NetQ14A_2 Pin=Q14A-2
Added Pin To Net: NetName=GND Pin=Q14A-3
Added Pin To Net: NetName=NetQ14B_2 Pin=Q14B-2
Added Pin To Net: NetName=GND Pin=Q14B-3
Added Pin To Net: NetName=NetQ1_3 Pin=R1-1
Added Pin To Net: NetName=VUSB Pin=R1-2
Added Pin To Net: NetName=NetR2_1 Pin=R2-1
Added Pin To Net: NetName=NetC2_2 Pin=R2-2
Added Pin To Net: NetName=NetC2_1 Pin=R3-1
Added Pin To Net: NetName=NetQ1_3 Pin=R3-2
Added Pin To Net: NetName=NetR4_1 Pin=R4-1
Added Pin To Net: NetName=NetQ1_3 Pin=R4-2
Added Pin To Net: NetName=GND Pin=R5-1
Added Pin To Net: NetName=NetJ2_2 Pin=R5-2
Added Pin To Net: NetName=NetR6_1 Pin=R6-1
Added Pin To Net: NetName=VUSB Pin=R6-2
Added Pin To Net: NetName=NetLED1_A Pin=R7-1
Added Pin To Net: NetName=VDD Pin=R7-2
Added Pin To Net: NetName=NetLED2_A Pin=R8-1
Added Pin To Net: NetName=VDD Pin=R8-2
Added Pin To Net: NetName=NetLED3_A Pin=R9-1
Added Pin To Net: NetName=VDD Pin=R9-2
Added Pin To Net: NetName=GND Pin=R10-1
Added Pin To Net: NetName=PD_RST Pin=R10-2
Added Pin To Net: NetName=ADDR1 Pin=R11-1
Added Pin To Net: NetName=VDD Pin=R11-2
Added Pin To Net: NetName=ADDR2 Pin=R12-1
Added Pin To Net: NetName=VDD Pin=R12-2
Added Pin To Net: NetName=3.3V Pin=R13-1
Added Pin To Net: NetName=SDA Pin=R13-2
Added Pin To Net: NetName=3.3V Pin=R14-1
Added Pin To Net: NetName=SCL Pin=R14-2
Added Pin To Net: NetName=HEATER_EN_2 Pin=R15A-1
Added Pin To Net: NetName=NetQ2A_2 Pin=R15A-2
Added Pin To Net: NetName=HEATER_EN_1 Pin=R15B-1
Added Pin To Net: NetName=NetQ2B_2 Pin=R15B-2
Added Pin To Net: NetName=GND Pin=R16A-1
Added Pin To Net: NetName=TEMP_SENS_2 Pin=R16A-2
Added Pin To Net: NetName=GND Pin=R16B-1
Added Pin To Net: NetName=TEMP_SENS_1 Pin=R16B-2
Added Pin To Net: NetName=NetQ3_3 Pin=R17-1
Added Pin To Net: NetName=NetJ1_2 Pin=R17-2
Added Pin To Net: NetName=VSNK_SENS Pin=R18-1
Added Pin To Net: NetName=NetJ1_2 Pin=R18-2
Added Pin To Net: NetName=BAT_SENS Pin=R19-1
Added Pin To Net: NetName=NetQ4_1 Pin=R20-1
Added Pin To Net: NetName=PWR_SW Pin=R20-2
Added Pin To Net: NetName=GND Pin=R21-1
Added Pin To Net: NetName=VSNK_SENS Pin=R21-2
Added Pin To Net: NetName=GND Pin=R22-1
Added Pin To Net: NetName=BAT_SENS Pin=R22-2
Added Pin To Net: NetName=NetQ5_3 Pin=R23-1
Added Pin To Net: NetName=NetJ1_2 Pin=R23-2
Added Pin To Net: NetName=NetQ6_1 Pin=R24-1
Added Pin To Net: NetName=PWR_SW Pin=R24-2
Added Pin To Net: NetName=GND Pin=R25-1
Added Pin To Net: NetName=PWR_SW Pin=R25-2
Added Pin To Net: NetName=NetQ7_3 Pin=R26-1
Added Pin To Net: NetName=NetQ7_4 Pin=R26-2
Added Pin To Net: NetName=NetQ8_1 Pin=R27-1
Added Pin To Net: NetName=NetJ1_2 Pin=R27-2
Added Pin To Net: NetName=NetQ9_1 Pin=R28-1
Added Pin To Net: NetName=PWR_SW Pin=R28-2
Added Pin To Net: NetName=NetC6_1 Pin=R29-1
Added Pin To Net: NetName=NetC6_2 Pin=R29-2
Added Pin To Net: NetName=GND Pin=R30-1
Added Pin To Net: NetName=NetC6_1 Pin=R30-2
Added Pin To Net: NetName=NetIR1_COLL Pin=R31-1
Added Pin To Net: NetName=NetQ10_2 Pin=R32-1
Added Pin To Net: NetName=NetPOT1_3 Pin=R32-2
Added Pin To Net: NetName=GND Pin=R33-1
Added Pin To Net: NetName=NetIR1_CATH Pin=R33-2
Added Pin To Net: NetName=NetC15_2 Pin=R34-1
Added Pin To Net: NetName=NetQ10_2 Pin=R34-2
Added Pin To Net: NetName=GND Pin=R35-1
Added Pin To Net: NetName=LIQUID_SENSE Pin=R35-2
Added Pin To Net: NetName=HUM_EN Pin=R36-1
Added Pin To Net: NetName=NetQ11_2 Pin=R36-2
Added Pin To Net: NetName=NetQ12_1 Pin=R37-1
Added Pin To Net: NetName=DTR Pin=R37-2
Added Pin To Net: NetName=NetQ13_1 Pin=R38-1
Added Pin To Net: NetName=RTS Pin=R38-2
Added Pin To Net: NetName=ESP_EN Pin=R39-1
Added Pin To Net: NetName=FAN_EN_2 Pin=R40A-1
Added Pin To Net: NetName=NetQ14A_2 Pin=R40A-2
Added Pin To Net: NetName=FAN_EN_1 Pin=R40B-1
Added Pin To Net: NetName=NetQ14B_2 Pin=R40B-2
Added Pin To Net: NetName=GND Pin=REG1-1
Added Pin To Net: NetName=NetC11_2 Pin=REG1-2
Added Pin To Net: NetName=NetC10_2 Pin=REG1-3
Added Pin To Net: NetName=NetC11_2 Pin=REG1-4
Added Pin To Net: NetName=GND Pin=REG2-1
Added Pin To Net: NetName=NetC13_2 Pin=REG2-2
Added Pin To Net: NetName=NetC10_2 Pin=REG2-3
Added Pin To Net: NetName=NetC13_2 Pin=REG2-4
Added Pin To Net: NetName=ESP_IO0 Pin=SW2-1
Added Pin To Net: NetName=GND Pin=SW2-2
Added Pin To Net: NetName=ESP_EN Pin=SW3-1
Added Pin To Net: NetName=GND Pin=SW3-2
Added Pin To Net: NetName=NetC3_2 Pin=TP1-1
Added Pin To Net: NetName=CC1 Pin=U1-1
Added Pin To Net: NetName=CC1 Pin=U1-2
Added Pin To Net: NetName=CC2 Pin=U1-4
Added Pin To Net: NetName=CC2 Pin=U1-5
Added Pin To Net: NetName=PD_RST Pin=U1-6
Added Pin To Net: NetName=SCL Pin=U1-7
Added Pin To Net: NetName=SDA Pin=U1-8
Added Pin To Net: NetName=NetR2_1 Pin=U1-9
Added Pin To Net: NetName=GND Pin=U1-10
Added Pin To Net: NetName=ADDR1 Pin=U1-12
Added Pin To Net: NetName=ADDR2 Pin=U1-13
Added Pin To Net: NetName=NetLED2_K Pin=U1-14
Added Pin To Net: NetName=NetJ4_1 Pin=U1-15
Added Pin To Net: NetName=NetR4_1 Pin=U1-16
Added Pin To Net: NetName=NetR6_1 Pin=U1-18
Added Pin To Net: NetName=ALERT Pin=U1-19
Added Pin To Net: NetName=NetLED1_K Pin=U1-20
Added Pin To Net: NetName=NetC4_2 Pin=U1-21
Added Pin To Net: NetName=NetJ3_1 Pin=U1-22
Added Pin To Net: NetName=NetC3_2 Pin=U1-23
Added Pin To Net: NetName=VUSB Pin=U1-24
Added Pin To Net: NetName=GND Pin=U1-25
Added Pin To Net: NetName=NetC6_1 Pin=U2-1
Added Pin To Net: NetName=NetC7_2 Pin=U2-2
Added Pin To Net: NetName=NetC7_2 Pin=U2-3
Added Pin To Net: NetName=GND Pin=U2-4
Added Pin To Net: NetName=NetC5_2 Pin=U2-5
Added Pin To Net: NetName=NetC5_1 Pin=U2-6
Added Pin To Net: NetName=NetC15_2 Pin=U3-1
Added Pin To Net: NetName=NetC16_2 Pin=U3-2
Added Pin To Net: NetName=NetPOT1_3 Pin=U3-3
Added Pin To Net: NetName=NetC17_2 Pin=U3-5
Added Pin To Net: NetName=NetC16_2 Pin=U3-6
Added Pin To Net: NetName=GND Pin=U4-1
Added Pin To Net: NetName=ESP_EN Pin=U4-3
Added Pin To Net: NetName=GND Pin=U4-15
Added Pin To Net: NetName=ESP_IO0 Pin=U4-25
Added Pin To Net: NetName=GND Pin=U4-38
Added Pin To Net: NetName=GND Pin=U4-39
Added Pin To Net: NetName=GND Pin=U4-39
Added Pin To Net: NetName=GND Pin=U4-39
Added Pin To Net: NetName=GND Pin=U4-39
Added Pin To Net: NetName=GND Pin=U4-39
Added Pin To Net: NetName=GND Pin=U4-39
Added Pin To Net: NetName=GND Pin=U4-39
Added Pin To Net: NetName=GND Pin=U4-39
Added Pin To Net: NetName=GND Pin=U4-39
Added Pin To Net: NetName=GND Pin=U5-1
Added Pin To Net: NetName=3.3V Pin=U5-2
Added Pin To Net: NetName=SDA Pin=U5-3
Added Pin To Net: NetName=SCL Pin=U5-4
Added Pin To Net: NetName=GND Pin=Y1-2
Added Pin To Net: NetName=GND Pin=Y1-4
Added Pin To Net: NetName=5V Pin=C22-2
Added Pin To Net: NetName=5V Pin=C23-2
Added Pin To Net: NetName=5V Pin=C24-2
Added Pin To Net: NetName=5V Pin=C25-2
Added Pin To Net: NetName=5V Pin=C26-2
Added Pin To Net: NetName=5V Pin=C27-2
Added Pin To Net: NetName=5V Pin=CON4-1
Added Pin To Net: NetName=5V Pin=IR1-A
Added Pin To Net: NetName=5V Pin=J10-2
Added Pin To Net: NetName=5V Pin=LED4-1
Added Pin To Net: NetName=5V Pin=LED5-1
Added Pin To Net: NetName=5V Pin=LED6-1
Added Pin To Net: NetName=5V Pin=LED7-1
Added Pin To Net: NetName=5V Pin=LED8-1
Added Pin To Net: NetName=5V Pin=LED9-1
Added Pin To Net: NetName=5V Pin=R31-2
Added Pin To Net: NetName=5V Pin=U3-4
Added Pin To Net: NetName=5V Pin=U3-8
Added Net: Name=5V
Added Pin To Net: NetName=12V Pin=D7A-C
Added Pin To Net: NetName=12V Pin=D7B-C
Added Pin To Net: NetName=12V Pin=J12-2
Added Net: Name=12V
Added Pin To Net: NetName=20V Pin=CON5A-1
Added Pin To Net: NetName=20V Pin=CON5B-1
Added Pin To Net: NetName=20V Pin=D5A-C
Added Pin To Net: NetName=20V Pin=D5B-C
Added Pin To Net: NetName=20V Pin=D6-C
Added Pin To Net: NetName=20V Pin=J11-1
Added Pin To Net: NetName=20V Pin=L2-2
Added Pin To Net: NetName=20V Pin=Q3-1
Added Pin To Net: NetName=20V Pin=Q3-2
Added Pin To Net: NetName=20V Pin=Q3-5
Added Pin To Net: NetName=20V Pin=Q3-6
Added Pin To Net: NetName=20V Pin=Q7-1
Added Pin To Net: NetName=20V Pin=Q7-2
Added Pin To Net: NetName=20V Pin=Q7-5
Added Pin To Net: NetName=20V Pin=Q7-6
Added Pin To Net: NetName=20V Pin=R19-2
Added Net: Name=20V
Added Pin To Net: NetName=NetC18_1 Pin=C18-1
Added Pin To Net: NetName=NetC18_1 Pin=J13-2
Added Pin To Net: NetName=NetC18_1 Pin=R39-2
Added Pin To Net: NetName=NetC18_1 Pin=U4-2
Added Net: Name=NetC18_1
Added Pin To Net: NetName=NetC28_2 Pin=C28-2
Added Pin To Net: NetName=NetC28_2 Pin=U6-8
Added Pin To Net: NetName=NetC28_2 Pin=Y1-1
Added Net: Name=NetC28_2
Added Pin To Net: NetName=NetC29_2 Pin=C29-2
Added Pin To Net: NetName=NetC29_2 Pin=R41-1
Added Pin To Net: NetName=NetC29_2 Pin=Y1-3
Added Net: Name=NetC29_2
Added Pin To Net: NetName=NetD7A_A Pin=D7A-A
Added Pin To Net: NetName=NetD7A_A Pin=Q14A-1
Added Net: Name=NetD7A_A
Added Pin To Net: NetName=NetD7B_A Pin=D7B-A
Added Pin To Net: NetName=NetD7B_A Pin=Q14B-1
Added Net: Name=NetD7B_A
Added Pin To Net: NetName=NetJ14_1 Pin=J14-1
Added Pin To Net: NetName=NetJ14_1 Pin=U4-34
Added Net: Name=NetJ14_1
Added Pin To Net: NetName=NetJ15_1 Pin=J15-1
Added Pin To Net: NetName=NetJ15_1 Pin=U4-35
Added Net: Name=NetJ15_1
Added Pin To Net: NetName=NetJ16_2 Pin=J16-2
Added Pin To Net: NetName=NetJ16_2 Pin=U4-5
Added Net: Name=NetJ16_2
Added Pin To Net: NetName=NetJ17_2 Pin=J17-2
Added Pin To Net: NetName=NetJ17_2 Pin=U4-4
Added Net: Name=NetJ17_2
Added Pin To Net: NetName=NetJ18_2 Pin=J18-2
Added Pin To Net: NetName=NetJ18_2 Pin=U4-13
Added Net: Name=NetJ18_2
Added Pin To Net: NetName=NetJ19_2 Pin=J19-2
Added Pin To Net: NetName=NetJ19_2 Pin=U4-23
Added Net: Name=NetJ19_2
Added Pin To Net: NetName=NetJ20_2 Pin=J20-2
Added Pin To Net: NetName=NetJ20_2 Pin=U4-30
Added Net: Name=NetJ20_2
Added Pin To Net: NetName=NetJ21_2 Pin=J21-2
Added Pin To Net: NetName=NetJ21_2 Pin=U4-31
Added Net: Name=NetJ21_2
Added Pin To Net: NetName=NetJ22_2 Pin=J22-2
Added Pin To Net: NetName=NetJ22_2 Pin=U4-33
Added Net: Name=NetJ22_2
Added Pin To Net: NetName=NetJ23_2 Pin=J23-2
Added Pin To Net: NetName=NetJ23_2 Pin=U4-36
Added Net: Name=NetJ23_2
Added Pin To Net: NetName=NetJ24_2 Pin=J24-2
Added Pin To Net: NetName=NetJ24_2 Pin=U4-37
Added Net: Name=NetJ24_2
Added Pin To Net: NetName=NetJ25_2 Pin=J25-2
Added Pin To Net: NetName=NetJ25_2 Pin=U4-10
Added Net: Name=NetJ25_2
Added Pin To Net: NetName=NetJ26_2 Pin=J26-2
Added Pin To Net: NetName=NetJ26_2 Pin=U4-11
Added Net: Name=NetJ26_2
Added Pin To Net: NetName=NetJ27_2 Pin=J27-2
Added Pin To Net: NetName=NetJ27_2 Pin=U4-12
Added Net: Name=NetJ27_2
Added Pin To Net: NetName=NetJ28_2 Pin=J28-2
Added Pin To Net: NetName=NetJ28_2 Pin=U4-8
Added Net: Name=NetJ28_2
Added Pin To Net: NetName=NetJ29_2 Pin=J29-2
Added Pin To Net: NetName=NetJ29_2 Pin=U4-9
Added Net: Name=NetJ29_2
Added Pin To Net: NetName=NetJ30_2 Pin=J30-2
Added Pin To Net: NetName=NetJ30_2 Pin=U4-6
Added Net: Name=NetJ30_2
Added Pin To Net: NetName=NetJ31_2 Pin=J31-2
Added Pin To Net: NetName=NetJ31_2 Pin=U4-7
Added Net: Name=NetJ31_2
Added Pin To Net: NetName=NetR41_2 Pin=R41-2
Added Pin To Net: NetName=NetR41_2 Pin=U6-9
Added Net: Name=NetR41_2
Added Class: Name=MCU
Added Member To Class: ClassName=Battery.SchDoc Member=Component BAT1 BAT
Added Member To Class: ClassName=U_1.USB_Power_Delivery Member=Component C1 1uF
Added Member To Class: ClassName=U_1.USB_Power_Delivery Member=Component C2 0.1uF
Added Member To Class: ClassName=U_1.USB_Power_Delivery Member=Component C3 1.0uF
Added Member To Class: ClassName=U_1.USB_Power_Delivery Member=Component C4 1.0uF
Added Member To Class: ClassName=Voltage_regulators Member=Component C5 100nF
Added Member To Class: ClassName=Voltage_regulators Member=Component C6 56pF(ESR!)
Added Member To Class: ClassName=Voltage_regulators Member=Component C7 10uF
Added Member To Class: ClassName=Voltage_regulators Member=Component C8 22uF
Added Member To Class: ClassName=Voltage_regulators Member=Component C9 22uF
Added Member To Class: ClassName=Voltage_regulators Member=Component C10 10uF
Added Member To Class: ClassName=Voltage_regulators Member=Component C11 10uF
Added Member To Class: ClassName=Voltage_regulators Member=Component C12 10uF
Added Member To Class: ClassName=Voltage_regulators Member=Component C13 10uF
Added Member To Class: ClassName=Humidifier Member=Component C14 C_0603
Added Member To Class: ClassName=Humidifier Member=Component C15 C_0603
Added Member To Class: ClassName=Humidifier Member=Component C16 10nF
Added Member To Class: ClassName=Humidifier Member=Component C17 C_0603
Added Member To Class: ClassName=ESP32 Member=Component C18 0.1uF
Added Member To Class: ClassName=ESP32 Member=Component C19 0.1uF
Added Member To Class: ClassName=ESP32 Member=Component C20 0.1uF
Added Member To Class: ClassName=ESP32 Member=Component C21 0.1uF
Added Member To Class: ClassName=RGB_LED Member=Component C22 0.1uF
Added Member To Class: ClassName=RGB_LED Member=Component C23 0.1uF
Added Member To Class: ClassName=RGB_LED Member=Component C24 0.1uF
Added Member To Class: ClassName=RGB_LED Member=Component C25 0.1uF
Added Member To Class: ClassName=RGB_LED Member=Component C26 0.1uF
Added Member To Class: ClassName=RGB_LED Member=Component C27 0.1uF
Added Member To Class: ClassName=U_1.USB_Power_Delivery Member=Component CON1 2171750001
Added Member To Class: ClassName=U_2.Connectors Member=Component CON2 4PIN_2.54
Added Member To Class: ClassName=U_2.Connectors Member=Component CON3 4PIN_2.54
Added Member To Class: ClassName=U_2.Connectors Member=Component CON4 4PIN_2.54
Added Member To Class: ClassName=U_3.Heater_and_Temperature_sensor1 Member=Component CON5A (CON5) 2P3.5MM
Added Member To Class: ClassName=U_3.Heater_and_Temperature_sensor2 Member=Component CON5B (CON5) 2P3.5MM
Added Member To Class: ClassName=Fan1 Member=Component CON6A (CON6) 4PIN_2.54
Added Member To Class: ClassName=Fan2 Member=Component CON6B (CON6) 4PIN_2.54
Added Member To Class: ClassName=U_1.USB_Power_Delivery Member=Component D1 ESDA25L
Added Member To Class: ClassName=U_1.USB_Power_Delivery Member=Component D2 BAT60A
Added Member To Class: ClassName=U_1.USB_Power_Delivery Member=Component D3 ESDA25L
Added Member To Class: ClassName=U_1.USB_Power_Delivery Member=Component D4 ESDA25L
Added Member To Class: ClassName=U_3.Heater_and_Temperature_sensor1 Member=Component D5A (D5) 1N4147
Added Member To Class: ClassName=U_3.Heater_and_Temperature_sensor2 Member=Component D5B (D5) 1N4147
Added Member To Class: ClassName=Humidifier Member=Component D6 1N4147
Added Member To Class: ClassName=Fan1 Member=Component D7A (D7) 1N4147
Added Member To Class: ClassName=Fan2 Member=Component D7B (D7) 1N4147
Added Member To Class: ClassName=Voltage_regulators Member=Component D8 1N4147
Added Member To Class: ClassName=Voltage_regulators Member=Component D9 1N4147
Added Member To Class: ClassName=Humidifier Member=Component IR1 TCRT5000
Added Member To Class: ClassName=U_1.USB_Power_Delivery Member=Component J1 OPEN_JMP
Added Member To Class: ClassName=U_1.USB_Power_Delivery Member=Component J2 OPEN_JMP
Added Member To Class: ClassName=U_1.USB_Power_Delivery Member=Component J3 OPEN_JMP
Added Member To Class: ClassName=U_1.USB_Power_Delivery Member=Component J4 OPEN_JMP
Added Member To Class: ClassName=U_1.USB_Power_Delivery Member=Component J5 OPEN_JMP
Added Member To Class: ClassName=U_1.USB_Power_Delivery Member=Component J6 OPEN_JMP
Added Member To Class: ClassName=Power_switching Member=Component J7 OPEN_JMP
Added Member To Class: ClassName=Voltage_regulators Member=Component J8 OPEN_JMP
Added Member To Class: ClassName=Voltage_regulators Member=Component J9 OPEN_JMP
Added Member To Class: ClassName=Voltage_regulators Member=Component J10 OPEN_JMP
Added Member To Class: ClassName=Voltage_regulators Member=Component J11 OPEN_JMP
Added Member To Class: ClassName=Voltage_regulators Member=Component J12 OPEN_JMP
Added Member To Class: ClassName=ESP32 Member=Component J13 OPEN_JMP
Added Member To Class: ClassName=ESP32 Member=Component J14 OPEN_JMP
Added Member To Class: ClassName=ESP32 Member=Component J15 OPEN_JMP
Added Member To Class: ClassName=ESP32 Member=Component J16 OPEN_JMP
Added Member To Class: ClassName=ESP32 Member=Component J17 OPEN_JMP
Added Member To Class: ClassName=ESP32 Member=Component J18 OPEN_JMP
Added Member To Class: ClassName=ESP32 Member=Component J19 OPEN_JMP
Added Member To Class: ClassName=ESP32 Member=Component J20 OPEN_JMP
Added Member To Class: ClassName=ESP32 Member=Component J21 OPEN_JMP
Added Member To Class: ClassName=ESP32 Member=Component J22 OPEN_JMP
Added Member To Class: ClassName=ESP32 Member=Component J23 OPEN_JMP
Added Member To Class: ClassName=ESP32 Member=Component J24 OPEN_JMP
Added Member To Class: ClassName=ESP32 Member=Component J25 OPEN_JMP
Added Member To Class: ClassName=ESP32 Member=Component J26 OPEN_JMP
Added Member To Class: ClassName=ESP32 Member=Component J27 OPEN_JMP
Added Member To Class: ClassName=ESP32 Member=Component J28 OPEN_JMP
Added Member To Class: ClassName=ESP32 Member=Component J29 OPEN_JMP
Added Member To Class: ClassName=ESP32 Member=Component J30 OPEN_JMP
Added Member To Class: ClassName=ESP32 Member=Component J31 OPEN_JMP
Added Member To Class: ClassName=Humidifier Member=Component L2 330uH
Added Member To Class: ClassName=U_1.USB_Power_Delivery Member=Component LED1 POWER_PD02
Added Member To Class: ClassName=U_1.USB_Power_Delivery Member=Component LED2 POWER_PD03
Added Member To Class: ClassName=U_1.USB_Power_Delivery Member=Component LED3 GPIO
Added Member To Class: ClassName=RGB_LED Member=Component LED4 WS2812B
Added Member To Class: ClassName=RGB_LED Member=Component LED5 WS2812B
Added Member To Class: ClassName=RGB_LED Member=Component LED6 WS2812B
Added Member To Class: ClassName=RGB_LED Member=Component LED7 WS2812B
Added Member To Class: ClassName=RGB_LED Member=Component LED8 WS2812B
Added Member To Class: ClassName=RGB_LED Member=Component LED9 WS2812B
Added Member To Class: ClassName=Humidifier Member=Component POT1 5K
Added Member To Class: ClassName=Humidifier Member=Component PZ1 PIEZO
Added Member To Class: ClassName=U_1.USB_Power_Delivery Member=Component Q1 Si3421DV
Added Member To Class: ClassName=U_3.Heater_and_Temperature_sensor1 Member=Component Q2A (Q2) PMV15ENE
Added Member To Class: ClassName=U_3.Heater_and_Temperature_sensor2 Member=Component Q2B (Q2) PMV15ENE
Added Member To Class: ClassName=Power_switching Member=Component Q3 Si3421DV
Added Member To Class: ClassName=Power_switching Member=Component Q4 BC847C
Added Member To Class: ClassName=Power_switching Member=Component Q5 Si3421DV
Added Member To Class: ClassName=Power_switching Member=Component Q6 BC847C
Added Member To Class: ClassName=Power_switching Member=Component Q7 Si3421DV
Added Member To Class: ClassName=Power_switching Member=Component Q8 BC847C
Added Member To Class: ClassName=Power_switching Member=Component Q9 BC847C
Added Member To Class: ClassName=Humidifier Member=Component Q10 PMV15ENE
Added Member To Class: ClassName=Humidifier Member=Component Q11 PMV15ENE
Added Member To Class: ClassName=ESP32 Member=Component Q12 BC847C
Added Member To Class: ClassName=ESP32 Member=Component Q13 BC847C
Added Member To Class: ClassName=Fan1 Member=Component Q14A (Q14) PMV15ENE
Added Member To Class: ClassName=Fan2 Member=Component Q14B (Q14) PMV15ENE
Added Member To Class: ClassName=U_1.USB_Power_Delivery Member=Component R1 100K
Added Member To Class: ClassName=U_1.USB_Power_Delivery Member=Component R2 1K
Added Member To Class: ClassName=U_1.USB_Power_Delivery Member=Component R3 100
Added Member To Class: ClassName=U_1.USB_Power_Delivery Member=Component R4 22K
Added Member To Class: ClassName=U_1.USB_Power_Delivery Member=Component R5 1K
Added Member To Class: ClassName=U_1.USB_Power_Delivery Member=Component R6 1K
Added Member To Class: ClassName=U_1.USB_Power_Delivery Member=Component R7 1K
Added Member To Class: ClassName=U_1.USB_Power_Delivery Member=Component R8 1K
Added Member To Class: ClassName=U_1.USB_Power_Delivery Member=Component R9 1K
Added Member To Class: ClassName=U_1.USB_Power_Delivery Member=Component R10 100K
Added Member To Class: ClassName=U_1.USB_Power_Delivery Member=Component R11 1K
Added Member To Class: ClassName=U_1.USB_Power_Delivery Member=Component R12 1K
Added Member To Class: ClassName=Main Member=Component R13 1.8K
Added Member To Class: ClassName=Main Member=Component R14 1.8K
Added Member To Class: ClassName=U_3.Heater_and_Temperature_sensor1 Member=Component R15A (R15) 50
Added Member To Class: ClassName=U_3.Heater_and_Temperature_sensor2 Member=Component R15B (R15) 50
Added Member To Class: ClassName=U_3.Heater_and_Temperature_sensor1 Member=Component R16A (R16) 10K
Added Member To Class: ClassName=U_3.Heater_and_Temperature_sensor2 Member=Component R16B (R16) 10K
Added Member To Class: ClassName=Power_switching Member=Component R17 100K
Added Member To Class: ClassName=Power_switching Member=Component R18 150K
Added Member To Class: ClassName=Power_switching Member=Component R19 150K
Added Member To Class: ClassName=Power_switching Member=Component R20 1K
Added Member To Class: ClassName=Power_switching Member=Component R21 26.471K
Added Member To Class: ClassName=Power_switching Member=Component R22 26.471K
Added Member To Class: ClassName=Power_switching Member=Component R23 100K
Added Member To Class: ClassName=Power_switching Member=Component R24 1K
Added Member To Class: ClassName=Power_switching Member=Component R25 10K
Added Member To Class: ClassName=Power_switching Member=Component R26 100K
Added Member To Class: ClassName=Power_switching Member=Component R27 100K
Added Member To Class: ClassName=Power_switching Member=Component R28 R_0603
Added Member To Class: ClassName=Voltage_regulators Member=Component R29 93.1K
Added Member To Class: ClassName=Voltage_regulators Member=Component R30 30.1K
Added Member To Class: ClassName=Humidifier Member=Component R31 10K
Added Member To Class: ClassName=Humidifier Member=Component R32 100E
Added Member To Class: ClassName=Humidifier Member=Component R33 220E
Added Member To Class: ClassName=Humidifier Member=Component R34 10K
Added Member To Class: ClassName=Humidifier Member=Component R35 3.3K
Added Member To Class: ClassName=Humidifier Member=Component R36 50
Added Member To Class: ClassName=ESP32 Member=Component R37 10K
Added Member To Class: ClassName=ESP32 Member=Component R38 10K
Added Member To Class: ClassName=ESP32 Member=Component R39 10K
Added Member To Class: ClassName=Fan1 Member=Component R40A (R40) 50
Added Member To Class: ClassName=Fan2 Member=Component R40B (R40) 50
Added Member To Class: ClassName=Voltage_regulators Member=Component REG1 NCP1117ST50T3G
Added Member To Class: ClassName=Voltage_regulators Member=Component REG2 NCP1117ST12T3G
Added Member To Class: ClassName=ESP32 Member=Component SW2 SPST_SW
Added Member To Class: ClassName=ESP32 Member=Component SW3 SPST_SW
Added Member To Class: ClassName=U_1.USB_Power_Delivery Member=Component TP1 TP
Added Member To Class: ClassName=U_1.USB_Power_Delivery Member=Component U1 STUSB4500QTR
Added Member To Class: ClassName=Voltage_regulators Member=Component U2 AP63301/2
Added Member To Class: ClassName=Humidifier Member=Component U3 SE/NE555
Added Member To Class: ClassName=ESP32 Member=Component U4 ESP32-WROVER-IE
Added Member To Class: ClassName=Air_pressure Sensor Member=Component U5 SSCMANN010BA2A3
