Removed Pin From Net: NetName=NetJ1_1 Pin=Q3-1
Removed Pin From Net: NetName=NetJ1_1 Pin=Q3-2
Removed Pin From Net: NetName=NetJ1_1 Pin=Q3-3
Removed Pin From Net: NetName=PWR_OUT Pin=Q3-7
Removed Pin From Net: NetName=PWR_OUT Pin=Q3-8
Removed Pin From Net: NetName=NetJ1_1 Pin=Q5-1
Removed Pin From Net: NetName=NetJ1_1 Pin=Q5-2
Removed Pin From Net: NetName=NetJ1_1 Pin=Q5-3
Removed Pin From Net: NetName=NetJ7_1 Pin=Q5-7
Removed Pin From Net: NetName=NetJ7_1 Pin=Q5-8
Removed Pin From Net: NetName=PWR_OUT Pin=Q7-7
Removed Pin From Net: NetName=PWR_OUT Pin=Q7-8
Removed Pin From Net: NetName=NetQ7_4 Pin=Q8-3
Removed Pin From Net: NetName=NetQ7_4 Pin=R26-1
Change Component Footprint: Designator=Q3 Old Footprint=SOIC-8 New Footprint=TSOP-6
Change Component Footprint: Designator=Q5 Old Footprint=SOIC-8 New Footprint=TSOP-6
Change Component Footprint: Designator=Q7 Old Footprint=SOIC-8 New Footprint=TSOP-6
Change Component Comment : Designator=Q3 Old Comment=SI4431CDY-T1-E3 New Comment=Si3421DV
Change Component Comment : Designator=Q5 Old Comment=SI4431CDY-T1-E3 New Comment=Si3421DV
Change Component Comment : Designator=Q7 Old Comment=SI4431CDY-T1-E3 New Comment=Si3421DV
Change Component Designator: OldDesignator=CON3A NewDesignator=CON5A
Change Component Designator: OldDesignator=CON3B NewDesignator=CON5B
Change Component Designator: OldDesignator=CON4A NewDesignator=CON6A
Change Component Designator: OldDesignator=CON4B NewDesignator=CON6B
Change Component Designator: OldDesignator=CON? NewDesignator=CON3
Change Component Designator: OldDesignator=CON? NewDesignator=CON4
Change component parameters: Designator = "Q3" ("Q3"); Footprint = "SOIC-8"; UniqueID = "\TQEGIITD\NBWTEPTY" ("\TQEGIITD\NBWTEPTY")
Change component parameters (AddParameter): Name = "D"; Value = "P-Channel 30 V (D-S) MOSFET"; VariantName = "[No Variations]"
Change component parameters (AddParameter): Name = "MFR"; Value = "Vishay Siliconix"; VariantName = "[No Variations]"
Change component parameters (AddParameter): Name = "P"; Value = "TSOP-6"; VariantName = "[No Variations]"
Change component parameters (AddParameter): Name = "PN"; Value = "SI3421DV-T1-GE3"; VariantName = "[No Variations]"
Change component parameters (AddParameter): Name = "URL"; Value = "https://www.mouser.in/ProductDetail/Vishay-Semiconductors/SI3421DV-T1-GE3?qs=dpt6vIvaxwjvmZPXyyVpRg%3D%3D"; VariantName = "[No Variations]"
Change component parameters: Designator = "Q5" ("Q5"); Footprint = "SOIC-8"; UniqueID = "\TQEGIITD\ATCNNFWZ" ("\TQEGIITD\ATCNNFWZ")
Change component parameters (AddParameter): Name = "D"; Value = "P-Channel 30 V (D-S) MOSFET"; VariantName = "[No Variations]"
Change component parameters (AddParameter): Name = "MFR"; Value = "Vishay Siliconix"; VariantName = "[No Variations]"
Change component parameters (AddParameter): Name = "P"; Value = "TSOP-6"; VariantName = "[No Variations]"
Change component parameters (AddParameter): Name = "PN"; Value = "SI3421DV-T1-GE3"; VariantName = "[No Variations]"
Change component parameters (AddParameter): Name = "URL"; Value = "https://www.mouser.in/ProductDetail/Vishay-Semiconductors/SI3421DV-T1-GE3?qs=dpt6vIvaxwjvmZPXyyVpRg%3D%3D"; VariantName = "[No Variations]"
Change component parameters: Designator = "Q7" ("Q7"); Footprint = "SOIC-8"; UniqueID = "\TQEGIITD\RFBKWXGV" ("\TQEGIITD\RFBKWXGV")
Change component parameters (AddParameter): Name = "D"; Value = "P-Channel 30 V (D-S) MOSFET"; VariantName = "[No Variations]"
Change component parameters (AddParameter): Name = "MFR"; Value = "Vishay Siliconix"; VariantName = "[No Variations]"
Change component parameters (AddParameter): Name = "P"; Value = "TSOP-6"; VariantName = "[No Variations]"
Change component parameters (AddParameter): Name = "PN"; Value = "SI3421DV-T1-GE3"; VariantName = "[No Variations]"
Change component parameters (AddParameter): Name = "URL"; Value = "https://www.mouser.in/ProductDetail/Vishay-Semiconductors/SI3421DV-T1-GE3?qs=dpt6vIvaxwjvmZPXyyVpRg%3D%3D"; VariantName = "[No Variations]"
Added Pin To Net: NetName=PWR_OUT Pin=Q3-1
Added Pin To Net: NetName=PWR_OUT Pin=Q3-2
Added Pin To Net: NetName=NetJ1_1 Pin=Q3-4
Added Pin To Net: NetName=NetJ7_1 Pin=Q5-1
Added Pin To Net: NetName=NetJ7_1 Pin=Q5-2
Added Pin To Net: NetName=NetJ1_1 Pin=Q5-4
Added Pin To Net: NetName=PWR_OUT Pin=Q7-1
Added Pin To Net: NetName=PWR_OUT Pin=Q7-2
Added Pin To Net: NetName=NetQ7_4 Pin=R26-2
Change Net Name : Old Net Name=NetCON3A_2 New Net Name=NetCON5A_2
Change Net Name : Old Net Name=NetCON3B_2 New Net Name=NetCON5B_2
Change Net Name : Old Net Name=NetCON4A_2 New Net Name=NetCON6A_2
Change Net Name : Old Net Name=NetCON4B_2 New Net Name=NetCON6B_2
Added Pin To Net: NetName=NetQ3_3 Pin=Q3-3
Added Pin To Net: NetName=NetQ3_3 Pin=Q4-3
Added Pin To Net: NetName=NetQ3_3 Pin=R17-1
Added Net: Name=NetQ3_3
Added Pin To Net: NetName=NetQ5_3 Pin=Q5-3
Added Pin To Net: NetName=NetQ5_3 Pin=Q6-3
Added Pin To Net: NetName=NetQ5_3 Pin=R23-1
Added Net: Name=NetQ5_3
Added Pin To Net: NetName=NetQ7_3 Pin=Q7-3
Added Pin To Net: NetName=NetQ7_3 Pin=Q8-3
Added Pin To Net: NetName=NetQ7_3 Pin=R26-1
Added Net: Name=NetQ7_3
Added Member To Class: ClassName=U_2.Connectors Member=Component CON4 4PIN_2.54
